Started by timer
Running as SYSTEM
[EnvInject] - Loading node environment variables.
Building remotely on sos-builder02-ubuntu18 (lin ubuntu18 java11) in workspace /builds/workspace/Spoon-Snapshot-Deployer
[WS-CLEANUP] Deleting project workspace...
[WS-CLEANUP] Deferred wipeout is used...
[WS-CLEANUP] Done
The recommended git tool is: NONE
No credentials specified
Cloning the remote Git repository
Cloning repository https://github.com/INRIA/spoon.git
 > git init /builds/workspace/Spoon-Snapshot-Deployer # timeout=10
Fetching upstream changes from https://github.com/INRIA/spoon.git
 > git --version # timeout=10
 > git --version # 'git version 2.17.1'
 > git fetch --tags --progress -- https://github.com/INRIA/spoon.git +refs/heads/*:refs/remotes/origin/* # timeout=10
 > git config remote.origin.url https://github.com/INRIA/spoon.git # timeout=10
 > git config --add remote.origin.fetch +refs/heads/*:refs/remotes/origin/* # timeout=10
Avoid second fetch
 > git rev-parse refs/remotes/origin/master^{commit} # timeout=10
Checking out Revision a53dcffe509c92de646343a8a3b0b5b43baa0a5f (refs/remotes/origin/master)
 > git config core.sparsecheckout # timeout=10
 > git checkout -f a53dcffe509c92de646343a8a3b0b5b43baa0a5f # timeout=10
Commit message: "refactor: deduplicate CtPackageExport creation (#4731)"
 > git rev-list --no-walk a53dcffe509c92de646343a8a3b0b5b43baa0a5f # timeout=10
using settings config with name Deploy Spoon to OW2 Nexus
Replacing all maven server entries not found in credentials list is true
[Spoon-Snapshot-Deployer] $ /builds/tools/hudson.tasks.Maven_MavenInstallation/Maven_3.5.4/bin/mvn -s /tmp/settings8599514979716280255.xml clean deploy -DskipTests
Picked up JAVA_TOOL_OPTIONS: -Dfile.encoding=UTF8
OpenJDK 64-Bit Server VM warning: Option UseConcMarkSweepGC was deprecated in version 9.0 and will likely be removed in a future release.
[INFO] Scanning for projects...
[INFO] Inspecting build with total of 1 modules...
[INFO] Installing Nexus Staging features:
[INFO]   ... total of 1 executions of maven-deploy-plugin replaced with nexus-staging-maven-plugin
[INFO] 
[INFO] ------------------< fr.inria.gforge.spoon:spoon-core >------------------
[INFO] Building Spoon Core 10.2.0-SNAPSHOT
[INFO] --------------------------------[ jar ]---------------------------------
Downloading from central: https://repo.maven.apache.org/maven2/org/apache/maven/maven-model/maven-metadata.xml
Progress (1): 1.4/2.4 kBProgress (1): 2.4 kB                        Downloaded from central: https://repo.maven.apache.org/maven2/org/apache/maven/maven-model/maven-metadata.xml (2.4 kB at 4.4 kB/s)
Downloading from central: https://repo.maven.apache.org/maven2/junit/junit-dep/maven-metadata.xml
Progress (1): 563 B                   Downloaded from central: https://repo.maven.apache.org/maven2/junit/junit-dep/maven-metadata.xml (563 B at 13 kB/s)
[INFO] 
[INFO] --- maven-clean-plugin:2.5:clean (default-clean) @ spoon-core ---
[INFO] 
[INFO] --- jacoco-maven-plugin:0.8.8:prepare-agent (default) @ spoon-core ---
[INFO] argLine set to -javaagent:/builds/.m2/repository/org/jacoco/org.jacoco.agent/0.8.8/org.jacoco.agent-0.8.8-runtime.jar=destfile=/builds/workspace/Spoon-Snapshot-Deployer/target/jacoco.exec
[INFO] 
[INFO] --- maven-resources-plugin:2.6:resources (default-resources) @ spoon-core ---
[INFO] Using 'UTF-8' encoding to copy filtered resources.
[INFO] Copying 3 resources
[INFO] 
[INFO] --- maven-compiler-plugin:3.10.1:compile (default-compile) @ spoon-core ---
[INFO] Compiling 702 source files to /builds/workspace/Spoon-Snapshot-Deployer/target/classes
[WARNING] /builds/workspace/Spoon-Snapshot-Deployer/src/main/java/spoon/reflect/reference/CtTypeReference.java:[61,18] deprecated item is not annotated with @Deprecated
[WARNING] /builds/workspace/Spoon-Snapshot-Deployer/src/main/java/spoon/reflect/declaration/CtType.java:[69,18] deprecated item is not annotated with @Deprecated
[WARNING] /builds/workspace/Spoon-Snapshot-Deployer/src/main/java/spoon/support/reflect/CtExtendedModifier.java:[121,17] spoon.reflect.cu.CompilationUnit in spoon.reflect.cu has been deprecated
[WARNING] /builds/workspace/Spoon-Snapshot-Deployer/src/main/java/spoon/reflect/cu/SourcePosition.java:[43,9] spoon.reflect.cu.CompilationUnit in spoon.reflect.cu has been deprecated
[WARNING] /builds/workspace/Spoon-Snapshot-Deployer/src/main/java/spoon/reflect/cu/SourcePosition.java:[43,9] spoon.reflect.cu.CompilationUnit in spoon.reflect.cu has been deprecated
[WARNING] /builds/workspace/Spoon-Snapshot-Deployer/src/main/java/spoon/reflect/cu/SourcePosition.java:[43,9] spoon.reflect.cu.CompilationUnit in spoon.reflect.cu has been deprecated
[WARNING] /builds/workspace/Spoon-Snapshot-Deployer/src/main/java/spoon/reflect/visitor/CtScanner.java:[230,70] unchecked cast
  required: java.util.Collection<? extends spoon.reflect.declaration.CtElement>
  found:    java.lang.Object
[WARNING] /builds/workspace/Spoon-Snapshot-Deployer/src/main/java/spoon/reflect/visitor/CtScanner.java:[233,71] unchecked cast
  required: java.util.Map<java.lang.String,? extends spoon.reflect.declaration.CtElement>
  found:    java.lang.Object
[WARNING] /builds/workspace/Spoon-Snapshot-Deployer/src/main/java/spoon/reflect/visitor/EarlyTerminatingScanner.java:[183,70] unchecked cast
  required: java.util.Collection<? extends spoon.reflect.declaration.CtElement>
  found:    java.lang.Object
[WARNING] /builds/workspace/Spoon-Snapshot-Deployer/src/main/java/spoon/support/sniper/internal/ElementSourceFragment.java:[755,17] spoon.reflect.cu.CompilationUnit in spoon.reflect.cu has been deprecated
[WARNING] /builds/workspace/Spoon-Snapshot-Deployer/src/main/java/spoon/support/sniper/internal/ElementSourceFragment.java:[883,59] unchecked cast
  required: T
  found:    spoon.support.sniper.internal.SourceFragment
[WARNING] /builds/workspace/Spoon-Snapshot-Deployer/src/main/java/spoon/support/reflect/declaration/CtElementImpl.java:[203,36] unchecked cast
  required: E
  found:    spoon.support.reflect.declaration.CtElementImpl
[WARNING] /builds/workspace/Spoon-Snapshot-Deployer/src/main/java/spoon/support/reflect/declaration/CtElementImpl.java:[210,28] unchecked cast
  required: E
  found:    spoon.support.reflect.declaration.CtElementImpl
[WARNING] /builds/workspace/Spoon-Snapshot-Deployer/src/main/java/spoon/support/reflect/declaration/CtElementImpl.java:[226,36] unchecked cast
  required: E
  found:    spoon.support.reflect.declaration.CtElementImpl
[WARNING] /builds/workspace/Spoon-Snapshot-Deployer/src/main/java/spoon/support/reflect/declaration/CtElementImpl.java:[234,28] unchecked cast
  required: E
  found:    spoon.support.reflect.declaration.CtElementImpl
[WARNING] /builds/workspace/Spoon-Snapshot-Deployer/src/main/java/spoon/support/reflect/declaration/CtElementImpl.java:[251,44] unchecked cast
  required: E
  found:    spoon.support.reflect.declaration.CtElementImpl
[WARNING] /builds/workspace/Spoon-Snapshot-Deployer/src/main/java/spoon/support/reflect/declaration/CtElementImpl.java:[255,28] unchecked cast
  required: E
  found:    spoon.support.reflect.declaration.CtElementImpl
[WARNING] /builds/workspace/Spoon-Snapshot-Deployer/src/main/java/spoon/support/reflect/declaration/CtElementImpl.java:[265,28] unchecked cast
  required: E
  found:    spoon.support.reflect.declaration.CtElementImpl
[WARNING] /builds/workspace/Spoon-Snapshot-Deployer/src/main/java/spoon/support/reflect/declaration/CtElementImpl.java:[276,28] unchecked cast
  required: E
  found:    spoon.support.reflect.declaration.CtElementImpl
[WARNING] /builds/workspace/Spoon-Snapshot-Deployer/src/main/java/spoon/support/reflect/declaration/CtElementImpl.java:[316,28] unchecked cast
  required: E
  found:    spoon.support.reflect.declaration.CtElementImpl
[WARNING] /builds/workspace/Spoon-Snapshot-Deployer/src/main/java/spoon/support/reflect/declaration/CtElementImpl.java:[370,28] unchecked cast
  required: E
  found:    spoon.support.reflect.declaration.CtElementImpl
[WARNING] /builds/workspace/Spoon-Snapshot-Deployer/src/main/java/spoon/support/reflect/declaration/CtElementImpl.java:[469,36] unchecked cast
  required: E
  found:    spoon.support.reflect.declaration.CtElementImpl
[WARNING] /builds/workspace/Spoon-Snapshot-Deployer/src/main/java/spoon/support/reflect/declaration/CtElementImpl.java:[477,28] unchecked cast
  required: E
  found:    spoon.support.reflect.declaration.CtElementImpl
[WARNING] /builds/workspace/Spoon-Snapshot-Deployer/src/main/java/spoon/support/reflect/declaration/CtElementImpl.java:[486,28] unchecked cast
  required: E
  found:    spoon.support.reflect.declaration.CtElementImpl
[WARNING] /builds/workspace/Spoon-Snapshot-Deployer/src/main/java/spoon/support/reflect/declaration/CtElementImpl.java:[521,36] unchecked cast
  required: E
  found:    spoon.support.reflect.declaration.CtElementImpl
[WARNING] /builds/workspace/Spoon-Snapshot-Deployer/src/main/java/spoon/support/reflect/declaration/CtElementImpl.java:[529,28] unchecked cast
  required: E
  found:    spoon.support.reflect.declaration.CtElementImpl
[WARNING] /builds/workspace/Spoon-Snapshot-Deployer/src/main/java/spoon/support/reflect/declaration/CtElementImpl.java:[535,36] unchecked cast
  required: E
  found:    spoon.support.reflect.declaration.CtElementImpl
[WARNING] /builds/workspace/Spoon-Snapshot-Deployer/src/main/java/spoon/support/reflect/declaration/CtElementImpl.java:[539,28] unchecked cast
  required: E
  found:    spoon.support.reflect.declaration.CtElementImpl
[WARNING] /builds/workspace/Spoon-Snapshot-Deployer/src/main/java/spoon/support/reflect/declaration/CtElementImpl.java:[546,36] unchecked cast
  required: E
  found:    spoon.support.reflect.declaration.CtElementImpl
[WARNING] /builds/workspace/Spoon-Snapshot-Deployer/src/main/java/spoon/support/reflect/declaration/CtElementImpl.java:[553,28] unchecked cast
  required: E
  found:    spoon.support.reflect.declaration.CtElementImpl
[WARNING] /builds/workspace/Spoon-Snapshot-Deployer/src/main/java/spoon/support/reflect/declaration/CtElementImpl.java:[571,28] unchecked cast
  required: E
  found:    spoon.support.reflect.declaration.CtElementImpl
[WARNING] /builds/workspace/Spoon-Snapshot-Deployer/src/main/java/spoon/reflect/declaration/CtEnumValue.java:[30,21] clone() in spoon.reflect.declaration.CtEnumValue overrides clone() in spoon.reflect.declaration.CtField
  return type requires unchecked conversion from spoon.reflect.declaration.CtEnumValue to spoon.reflect.declaration.CtField<T>
[WARNING] /builds/workspace/Spoon-Snapshot-Deployer/src/main/java/spoon/reflect/factory/Factory.java:[743,9] spoon.reflect.cu.CompilationUnit in spoon.reflect.cu has been deprecated
[WARNING] /builds/workspace/Spoon-Snapshot-Deployer/src/main/java/spoon/reflect/factory/Factory.java:[743,9] spoon.reflect.cu.CompilationUnit in spoon.reflect.cu has been deprecated
[WARNING] /builds/workspace/Spoon-Snapshot-Deployer/src/main/java/spoon/reflect/factory/Factory.java:[743,9] spoon.reflect.cu.CompilationUnit in spoon.reflect.cu has been deprecated
[WARNING] /builds/workspace/Spoon-Snapshot-Deployer/src/main/java/spoon/reflect/factory/Factory.java:[748,45] spoon.reflect.cu.CompilationUnit in spoon.reflect.cu has been deprecated
[WARNING] /builds/workspace/Spoon-Snapshot-Deployer/src/main/java/spoon/reflect/factory/Factory.java:[748,45] spoon.reflect.cu.CompilationUnit in spoon.reflect.cu has been deprecated
[WARNING] /builds/workspace/Spoon-Snapshot-Deployer/src/main/java/spoon/reflect/factory/Factory.java:[748,45] spoon.reflect.cu.CompilationUnit in spoon.reflect.cu has been deprecated
[WARNING] /builds/workspace/Spoon-Snapshot-Deployer/src/main/java/spoon/reflect/factory/Factory.java:[753,65] spoon.reflect.cu.CompilationUnit in spoon.reflect.cu has been deprecated
[WARNING] /builds/workspace/Spoon-Snapshot-Deployer/src/main/java/spoon/reflect/factory/Factory.java:[753,65] spoon.reflect.cu.CompilationUnit in spoon.reflect.cu has been deprecated
[WARNING] /builds/workspace/Spoon-Snapshot-Deployer/src/main/java/spoon/reflect/factory/Factory.java:[753,65] spoon.reflect.cu.CompilationUnit in spoon.reflect.cu has been deprecated
[WARNING] /builds/workspace/Spoon-Snapshot-Deployer/src/main/java/spoon/reflect/factory/Factory.java:[758,67] spoon.reflect.cu.CompilationUnit in spoon.reflect.cu has been deprecated
[WARNING] /builds/workspace/Spoon-Snapshot-Deployer/src/main/java/spoon/reflect/factory/Factory.java:[758,67] spoon.reflect.cu.CompilationUnit in spoon.reflect.cu has been deprecated
[WARNING] /builds/workspace/Spoon-Snapshot-Deployer/src/main/java/spoon/reflect/factory/Factory.java:[758,67] spoon.reflect.cu.CompilationUnit in spoon.reflect.cu has been deprecated
[WARNING] /builds/workspace/Spoon-Snapshot-Deployer/src/main/java/spoon/reflect/factory/Factory.java:[1049,52] spoon.reflect.cu.CompilationUnit in spoon.reflect.cu has been deprecated
[WARNING] /builds/workspace/Spoon-Snapshot-Deployer/src/main/java/spoon/reflect/factory/Factory.java:[1049,52] spoon.reflect.cu.CompilationUnit in spoon.reflect.cu has been deprecated
[WARNING] /builds/workspace/Spoon-Snapshot-Deployer/src/main/java/spoon/reflect/factory/Factory.java:[1049,52] spoon.reflect.cu.CompilationUnit in spoon.reflect.cu has been deprecated
[WARNING] /builds/workspace/Spoon-Snapshot-Deployer/src/main/java/spoon/reflect/factory/CoreFactory.java:[400,25] spoon.reflect.cu.CompilationUnit in spoon.reflect.cu has been deprecated
[WARNING] /builds/workspace/Spoon-Snapshot-Deployer/src/main/java/spoon/reflect/factory/CoreFactory.java:[400,25] spoon.reflect.cu.CompilationUnit in spoon.reflect.cu has been deprecated
[WARNING] /builds/workspace/Spoon-Snapshot-Deployer/src/main/java/spoon/reflect/factory/CoreFactory.java:[400,25] spoon.reflect.cu.CompilationUnit in spoon.reflect.cu has been deprecated
[WARNING] /builds/workspace/Spoon-Snapshot-Deployer/src/main/java/spoon/reflect/factory/CoreFactory.java:[404,52] spoon.reflect.cu.CompilationUnit in spoon.reflect.cu has been deprecated
[WARNING] /builds/workspace/Spoon-Snapshot-Deployer/src/main/java/spoon/reflect/factory/CoreFactory.java:[404,52] spoon.reflect.cu.CompilationUnit in spoon.reflect.cu has been deprecated
[WARNING] /builds/workspace/Spoon-Snapshot-Deployer/src/main/java/spoon/reflect/factory/CoreFactory.java:[404,52] spoon.reflect.cu.CompilationUnit in spoon.reflect.cu has been deprecated
[WARNING] /builds/workspace/Spoon-Snapshot-Deployer/src/main/java/spoon/reflect/factory/CoreFactory.java:[410,25] spoon.reflect.cu.CompilationUnit in spoon.reflect.cu has been deprecated
[WARNING] /builds/workspace/Spoon-Snapshot-Deployer/src/main/java/spoon/reflect/factory/CoreFactory.java:[410,25] spoon.reflect.cu.CompilationUnit in spoon.reflect.cu has been deprecated
[WARNING] /builds/workspace/Spoon-Snapshot-Deployer/src/main/java/spoon/reflect/factory/CoreFactory.java:[410,25] spoon.reflect.cu.CompilationUnit in spoon.reflect.cu has been deprecated
[WARNING] /builds/workspace/Spoon-Snapshot-Deployer/src/main/java/spoon/reflect/factory/CoreFactory.java:[419,25] spoon.reflect.cu.CompilationUnit in spoon.reflect.cu has been deprecated
[WARNING] /builds/workspace/Spoon-Snapshot-Deployer/src/main/java/spoon/reflect/factory/CoreFactory.java:[419,25] spoon.reflect.cu.CompilationUnit in spoon.reflect.cu has been deprecated
[WARNING] /builds/workspace/Spoon-Snapshot-Deployer/src/main/java/spoon/reflect/factory/CoreFactory.java:[419,25] spoon.reflect.cu.CompilationUnit in spoon.reflect.cu has been deprecated
[WARNING] /builds/workspace/Spoon-Snapshot-Deployer/src/main/java/spoon/reflect/factory/CoreFactory.java:[429,25] spoon.reflect.cu.CompilationUnit in spoon.reflect.cu has been deprecated
[WARNING] /builds/workspace/Spoon-Snapshot-Deployer/src/main/java/spoon/reflect/factory/CoreFactory.java:[429,25] spoon.reflect.cu.CompilationUnit in spoon.reflect.cu has been deprecated
[WARNING] /builds/workspace/Spoon-Snapshot-Deployer/src/main/java/spoon/reflect/factory/CoreFactory.java:[429,25] spoon.reflect.cu.CompilationUnit in spoon.reflect.cu has been deprecated
[WARNING] /builds/workspace/Spoon-Snapshot-Deployer/src/main/java/spoon/reflect/factory/CoreFactory.java:[570,9] spoon.reflect.cu.CompilationUnit in spoon.reflect.cu has been deprecated
[WARNING] /builds/workspace/Spoon-Snapshot-Deployer/src/main/java/spoon/reflect/factory/CoreFactory.java:[570,9] spoon.reflect.cu.CompilationUnit in spoon.reflect.cu has been deprecated
[WARNING] /builds/workspace/Spoon-Snapshot-Deployer/src/main/java/spoon/reflect/factory/CoreFactory.java:[570,9] spoon.reflect.cu.CompilationUnit in spoon.reflect.cu has been deprecated
[WARNING] /builds/workspace/Spoon-Snapshot-Deployer/src/main/java/spoon/reflect/factory/TypeFactory.java:[335,24] unchecked conversion
  required: spoon.reflect.reference.CtTypeReference<T>
  found:    spoon.reflect.reference.CtTypeReference
[WARNING] /builds/workspace/Spoon-Snapshot-Deployer/src/main/java/spoon/reflect/factory/TypeFactory.java:[412,24] unchecked conversion
  required: spoon.reflect.reference.CtTypeReference<T>
  found:    spoon.reflect.reference.CtTypeReference
[WARNING] /builds/workspace/Spoon-Snapshot-Deployer/src/main/java/spoon/reflect/factory/TypeFactory.java:[489,66] unchecked cast
  required: java.util.Map<K,T>
  found:    java.lang.Object
[WARNING] /builds/workspace/Spoon-Snapshot-Deployer/src/main/java/spoon/reflect/factory/CodeFactory.java:[203,85] unchecked call to getConstructor(spoon.reflect.reference.CtTypeReference<?>...) as a member of the raw type spoon.reflect.declaration.CtClass
[WARNING] /builds/workspace/Spoon-Snapshot-Deployer/src/main/java/spoon/reflect/factory/CodeFactory.java:[203,85] unchecked conversion
  required: spoon.reflect.declaration.CtConstructor<T>
  found:    spoon.reflect.declaration.CtConstructor
[WARNING] /builds/workspace/Spoon-Snapshot-Deployer/src/main/java/spoon/reflect/factory/CodeFactory.java:[211,32] unchecked call to <C>setSuperclass(spoon.reflect.reference.CtTypeReference<?>) as a member of the raw type spoon.reflect.declaration.CtType
[WARNING] /builds/workspace/Spoon-Snapshot-Deployer/src/main/java/spoon/reflect/factory/CodeFactory.java:[266,121] unchecked cast
  required: java.lang.Class<T>
  found:    java.lang.Class<capture#1 of ? extends java.lang.Object>
[WARNING] /builds/workspace/Spoon-Snapshot-Deployer/src/main/java/spoon/reflect/factory/CodeFactory.java:[266,130] unchecked cast
  required: spoon.reflect.reference.CtTypeReference<T>
  found:    spoon.reflect.reference.CtTypeReference<capture#2 of ?>
[WARNING] /builds/workspace/Spoon-Snapshot-Deployer/src/main/java/spoon/reflect/factory/CodeFactory.java:[268,85] unchecked cast
  required: spoon.reflect.reference.CtTypeReference<T>
  found:    spoon.reflect.reference.CtTypeReference<capture#3 of ?>
[WARNING] /builds/workspace/Spoon-Snapshot-Deployer/src/main/java/spoon/reflect/factory/ExecutableFactory.java:[112,86] unchecked conversion
  required: spoon.reflect.declaration.CtMethod<T>
  found:    spoon.reflect.declaration.CtMethod
[WARNING] /builds/workspace/Spoon-Snapshot-Deployer/src/main/java/spoon/reflect/factory/CompilationUnitFactory.java:[45,39] spoon.reflect.cu.CompilationUnit in spoon.reflect.cu has been deprecated
[WARNING] /builds/workspace/Spoon-Snapshot-Deployer/src/main/java/spoon/reflect/factory/CompilationUnitFactory.java:[45,39] spoon.reflect.cu.CompilationUnit in spoon.reflect.cu has been deprecated
[WARNING] /builds/workspace/Spoon-Snapshot-Deployer/src/main/java/spoon/reflect/factory/CompilationUnitFactory.java:[45,39] spoon.reflect.cu.CompilationUnit in spoon.reflect.cu has been deprecated
[WARNING] /builds/workspace/Spoon-Snapshot-Deployer/src/main/java/spoon/reflect/factory/CompilationUnitFactory.java:[54,28] spoon.reflect.cu.CompilationUnit in spoon.reflect.cu has been deprecated
[WARNING] /builds/workspace/Spoon-Snapshot-Deployer/src/main/java/spoon/reflect/factory/CompilationUnitFactory.java:[54,28] spoon.reflect.cu.CompilationUnit in spoon.reflect.cu has been deprecated
[WARNING] /builds/workspace/Spoon-Snapshot-Deployer/src/main/java/spoon/reflect/factory/CompilationUnitFactory.java:[54,28] spoon.reflect.cu.CompilationUnit in spoon.reflect.cu has been deprecated
[WARNING] /builds/workspace/Spoon-Snapshot-Deployer/src/main/java/spoon/reflect/factory/CompilationUnitFactory.java:[64,16] spoon.reflect.cu.CompilationUnit in spoon.reflect.cu has been deprecated
[WARNING] /builds/workspace/Spoon-Snapshot-Deployer/src/main/java/spoon/reflect/factory/CompilationUnitFactory.java:[64,16] spoon.reflect.cu.CompilationUnit in spoon.reflect.cu has been deprecated
[WARNING] /builds/workspace/Spoon-Snapshot-Deployer/src/main/java/spoon/reflect/factory/CompilationUnitFactory.java:[64,16] spoon.reflect.cu.CompilationUnit in spoon.reflect.cu has been deprecated
[WARNING] /builds/workspace/Spoon-Snapshot-Deployer/src/main/java/spoon/reflect/factory/CompilationUnitFactory.java:[68,16] spoon.reflect.cu.CompilationUnit in spoon.reflect.cu has been deprecated
[WARNING] /builds/workspace/Spoon-Snapshot-Deployer/src/main/java/spoon/reflect/factory/CompilationUnitFactory.java:[68,16] spoon.reflect.cu.CompilationUnit in spoon.reflect.cu has been deprecated
[WARNING] /builds/workspace/Spoon-Snapshot-Deployer/src/main/java/spoon/reflect/factory/CompilationUnitFactory.java:[68,16] spoon.reflect.cu.CompilationUnit in spoon.reflect.cu has been deprecated
[WARNING] /builds/workspace/Spoon-Snapshot-Deployer/src/main/java/spoon/reflect/factory/CompilationUnitFactory.java:[82,33] spoon.reflect.cu.CompilationUnit in spoon.reflect.cu has been deprecated
[WARNING] /builds/workspace/Spoon-Snapshot-Deployer/src/main/java/spoon/reflect/factory/CompilationUnitFactory.java:[102,16] spoon.reflect.cu.CompilationUnit in spoon.reflect.cu has been deprecated
[WARNING] /builds/workspace/Spoon-Snapshot-Deployer/src/main/java/spoon/reflect/factory/CompilationUnitFactory.java:[102,16] spoon.reflect.cu.CompilationUnit in spoon.reflect.cu has been deprecated
[WARNING] /builds/workspace/Spoon-Snapshot-Deployer/src/main/java/spoon/reflect/factory/CompilationUnitFactory.java:[102,16] spoon.reflect.cu.CompilationUnit in spoon.reflect.cu has been deprecated
[WARNING] /builds/workspace/Spoon-Snapshot-Deployer/src/main/java/spoon/reflect/factory/CompilationUnitFactory.java:[113,33] spoon.reflect.cu.CompilationUnit in spoon.reflect.cu has been deprecated
[WARNING] /builds/workspace/Spoon-Snapshot-Deployer/src/main/java/spoon/reflect/factory/CompilationUnitFactory.java:[130,16] spoon.reflect.cu.CompilationUnit in spoon.reflect.cu has been deprecated
[WARNING] /builds/workspace/Spoon-Snapshot-Deployer/src/main/java/spoon/reflect/factory/CompilationUnitFactory.java:[130,16] spoon.reflect.cu.CompilationUnit in spoon.reflect.cu has been deprecated
[WARNING] /builds/workspace/Spoon-Snapshot-Deployer/src/main/java/spoon/reflect/factory/CompilationUnitFactory.java:[130,16] spoon.reflect.cu.CompilationUnit in spoon.reflect.cu has been deprecated
[WARNING] /builds/workspace/Spoon-Snapshot-Deployer/src/main/java/spoon/reflect/factory/CompilationUnitFactory.java:[137,17] spoon.reflect.cu.CompilationUnit in spoon.reflect.cu has been deprecated
[WARNING] /builds/workspace/Spoon-Snapshot-Deployer/src/main/java/spoon/reflect/factory/CompilationUnitFactory.java:[142,16] spoon.reflect.cu.CompilationUnit in spoon.reflect.cu has been deprecated
[WARNING] /builds/workspace/Spoon-Snapshot-Deployer/src/main/java/spoon/reflect/factory/CompilationUnitFactory.java:[142,16] spoon.reflect.cu.CompilationUnit in spoon.reflect.cu has been deprecated
[WARNING] /builds/workspace/Spoon-Snapshot-Deployer/src/main/java/spoon/reflect/factory/CompilationUnitFactory.java:[142,16] spoon.reflect.cu.CompilationUnit in spoon.reflect.cu has been deprecated
[WARNING] /builds/workspace/Spoon-Snapshot-Deployer/src/main/java/spoon/reflect/factory/CompilationUnitFactory.java:[149,33] spoon.reflect.cu.CompilationUnit in spoon.reflect.cu has been deprecated
[INFO] /builds/workspace/Spoon-Snapshot-Deployer/src/main/java/spoon/reflect/factory/CompilationUnitFactory.java: Some input files additionally use or override a deprecated API.
[INFO] /builds/workspace/Spoon-Snapshot-Deployer/src/main/java/spoon/support/reflect/declaration/CtNamedElementImpl.java: Some input files additionally use unchecked or unsafe operations.
[INFO] 
[INFO] --- maven-resources-plugin:2.6:testResources (default-testResources) @ spoon-core ---
[INFO] Using 'UTF-8' encoding to copy filtered resources.
[INFO] Copying 340 resources
[INFO] 
[INFO] --- maven-compiler-plugin:3.10.1:testCompile (default-testCompile) @ spoon-core ---
[INFO] Compiling 849 source files to /builds/workspace/Spoon-Snapshot-Deployer/target/test-classes
[INFO] Writing META-INF/services/org.junit.platform.launcher.TestExecutionListener
[WARNING] /builds/workspace/Spoon-Snapshot-Deployer/src/test/java/spoon/support/visitor/java/JavaReflectionTreeBuilderTest.java:[98,18] spoon.test.pkg in spoon.test has been deprecated
[WARNING] /builds/workspace/Spoon-Snapshot-Deployer/src/test/java/spoon/support/visitor/java/JavaReflectionTreeBuilderTest.java:[99,18] spoon.test.pkg in spoon.test has been deprecated
[WARNING] /builds/workspace/Spoon-Snapshot-Deployer/src/test/java/spoon/support/visitor/java/JavaReflectionTreeBuilderTest.java:[100,18] spoon.test.pkg in spoon.test has been deprecated
[WARNING] /builds/workspace/Spoon-Snapshot-Deployer/src/test/java/spoon/support/visitor/java/JavaReflectionTreeBuilderTest.java:[101,18] spoon.test.pkg in spoon.test has been deprecated
[WARNING] /builds/workspace/Spoon-Snapshot-Deployer/src/test/java/spoon/test/pkg/cyclic/Outside.java:[3,18] spoon.test.pkg in spoon.test has been deprecated
[WARNING] /builds/workspace/Spoon-Snapshot-Deployer/src/test/java/spoon/test/pkg/cyclic/Outside.java:[4,18] spoon.test.pkg in spoon.test has been deprecated
[WARNING] /builds/workspace/Spoon-Snapshot-Deployer/src/test/java/spoon/test/comment/CommentTest.java:[74,26] spoon.test.comment.testclasses in spoon.test.comment has been deprecated
[WARNING] /builds/workspace/Spoon-Snapshot-Deployer/src/test/java/spoon/test/comment/CommentTest.java:[75,26] spoon.test.comment.testclasses in spoon.test.comment has been deprecated
[WARNING] /builds/workspace/Spoon-Snapshot-Deployer/src/test/java/spoon/test/comment/CommentTest.java:[76,26] spoon.test.comment.testclasses in spoon.test.comment has been deprecated
[WARNING] /builds/workspace/Spoon-Snapshot-Deployer/src/test/java/spoon/test/comment/CommentTest.java:[77,26] spoon.test.comment.testclasses in spoon.test.comment has been deprecated
[WARNING] /builds/workspace/Spoon-Snapshot-Deployer/src/test/java/spoon/test/comment/CommentTest.java:[78,26] spoon.test.comment.testclasses in spoon.test.comment has been deprecated
[WARNING] /builds/workspace/Spoon-Snapshot-Deployer/src/test/java/spoon/test/comment/CommentTest.java:[79,26] spoon.test.comment.testclasses in spoon.test.comment has been deprecated
[WARNING] /builds/workspace/Spoon-Snapshot-Deployer/src/test/java/spoon/test/comment/CommentTest.java:[80,26] spoon.test.comment.testclasses in spoon.test.comment has been deprecated
[WARNING] /builds/workspace/Spoon-Snapshot-Deployer/src/test/java/spoon/test/comment/CommentTest.java:[81,26] spoon.test.comment.testclasses in spoon.test.comment has been deprecated
[WARNING] /builds/workspace/Spoon-Snapshot-Deployer/src/test/java/spoon/test/comment/CommentTest.java:[82,26] spoon.test.comment.testclasses in spoon.test.comment has been deprecated
[WARNING] /builds/workspace/Spoon-Snapshot-Deployer/src/test/java/spoon/test/comment/CommentTest.java:[83,26] spoon.test.comment.testclasses in spoon.test.comment has been deprecated
[WARNING] /builds/workspace/Spoon-Snapshot-Deployer/src/test/java/spoon/test/comment/CommentTest.java:[84,26] spoon.test.comment.testclasses in spoon.test.comment has been deprecated
[WARNING] /builds/workspace/Spoon-Snapshot-Deployer/src/test/java/spoon/test/comment/CommentTest.java:[85,26] spoon.test.comment.testclasses in spoon.test.comment has been deprecated
[WARNING] /builds/workspace/Spoon-Snapshot-Deployer/src/test/java/spoon/test/position/PositionTest.java:[77,26] spoon.test.comment.testclasses in spoon.test.comment has been deprecated
[WARNING] /builds/workspace/Spoon-Snapshot-Deployer/src/test/java/spoon/test/position/PositionTest.java:[78,26] spoon.test.comment.testclasses in spoon.test.comment has been deprecated
[WARNING] /builds/workspace/Spoon-Snapshot-Deployer/src/test/java/spoon/test/pkg/cyclic/direct/package-info.java:[5,18] spoon.test.pkg in spoon.test has been deprecated
[WARNING] /builds/workspace/Spoon-Snapshot-Deployer/src/test/java/spoon/test/pkg/cyclic/indirect/package-info.java:[4,18] spoon.test.pkg in spoon.test has been deprecated
[WARNING] /builds/workspace/Spoon-Snapshot-Deployer/src/test/java/spoon/support/visitor/java/JavaReflectionTreeBuilderTest.java:[98,18] spoon.test.pkg in spoon.test has been deprecated
[WARNING] /builds/workspace/Spoon-Snapshot-Deployer/src/test/java/spoon/support/visitor/java/JavaReflectionTreeBuilderTest.java:[99,18] spoon.test.pkg in spoon.test has been deprecated
[WARNING] /builds/workspace/Spoon-Snapshot-Deployer/src/test/java/spoon/support/visitor/java/JavaReflectionTreeBuilderTest.java:[100,18] spoon.test.pkg in spoon.test has been deprecated
[WARNING] /builds/workspace/Spoon-Snapshot-Deployer/src/test/java/spoon/support/visitor/java/JavaReflectionTreeBuilderTest.java:[101,18] spoon.test.pkg in spoon.test has been deprecated
[WARNING] /builds/workspace/Spoon-Snapshot-Deployer/src/test/java/spoon/test/pkg/cyclic/Outside.java:[3,18] spoon.test.pkg in spoon.test has been deprecated
[WARNING] /builds/workspace/Spoon-Snapshot-Deployer/src/test/java/spoon/test/pkg/cyclic/Outside.java:[4,18] spoon.test.pkg in spoon.test has been deprecated
[WARNING] /builds/workspace/Spoon-Snapshot-Deployer/src/test/java/spoon/test/comment/CommentTest.java:[74,26] spoon.test.comment.testclasses in spoon.test.comment has been deprecated
[WARNING] /builds/workspace/Spoon-Snapshot-Deployer/src/test/java/spoon/test/comment/CommentTest.java:[75,26] spoon.test.comment.testclasses in spoon.test.comment has been deprecated
[WARNING] /builds/workspace/Spoon-Snapshot-Deployer/src/test/java/spoon/test/comment/CommentTest.java:[76,26] spoon.test.comment.testclasses in spoon.test.comment has been deprecated
[WARNING] /builds/workspace/Spoon-Snapshot-Deployer/src/test/java/spoon/test/comment/CommentTest.java:[77,26] spoon.test.comment.testclasses in spoon.test.comment has been deprecated
[WARNING] /builds/workspace/Spoon-Snapshot-Deployer/src/test/java/spoon/test/comment/CommentTest.java:[78,26] spoon.test.comment.testclasses in spoon.test.comment has been deprecated
[WARNING] /builds/workspace/Spoon-Snapshot-Deployer/src/test/java/spoon/test/comment/CommentTest.java:[79,26] spoon.test.comment.testclasses in spoon.test.comment has been deprecated
[WARNING] /builds/workspace/Spoon-Snapshot-Deployer/src/test/java/spoon/test/comment/CommentTest.java:[80,26] spoon.test.comment.testclasses in spoon.test.comment has been deprecated
[WARNING] /builds/workspace/Spoon-Snapshot-Deployer/src/test/java/spoon/test/comment/CommentTest.java:[81,26] spoon.test.comment.testclasses in spoon.test.comment has been deprecated
[WARNING] /builds/workspace/Spoon-Snapshot-Deployer/src/test/java/spoon/test/comment/CommentTest.java:[82,26] spoon.test.comment.testclasses in spoon.test.comment has been deprecated
[WARNING] /builds/workspace/Spoon-Snapshot-Deployer/src/test/java/spoon/test/comment/CommentTest.java:[83,26] spoon.test.comment.testclasses in spoon.test.comment has been deprecated
[WARNING] /builds/workspace/Spoon-Snapshot-Deployer/src/test/java/spoon/test/comment/CommentTest.java:[84,26] spoon.test.comment.testclasses in spoon.test.comment has been deprecated
[WARNING] /builds/workspace/Spoon-Snapshot-Deployer/src/test/java/spoon/test/comment/CommentTest.java:[85,26] spoon.test.comment.testclasses in spoon.test.comment has been deprecated
[WARNING] /builds/workspace/Spoon-Snapshot-Deployer/src/test/java/spoon/test/position/PositionTest.java:[77,26] spoon.test.comment.testclasses in spoon.test.comment has been deprecated
[WARNING] /builds/workspace/Spoon-Snapshot-Deployer/src/test/java/spoon/test/position/PositionTest.java:[78,26] spoon.test.comment.testclasses in spoon.test.comment has been deprecated
[WARNING] /builds/workspace/Spoon-Snapshot-Deployer/src/test/java/spoon/test/pkg/cyclic/direct/package-info.java:[5,18] spoon.test.pkg in spoon.test has been deprecated
[WARNING] /builds/workspace/Spoon-Snapshot-Deployer/src/test/java/spoon/test/pkg/cyclic/indirect/package-info.java:[4,18] spoon.test.pkg in spoon.test has been deprecated
[WARNING] /builds/workspace/Spoon-Snapshot-Deployer/src/test/java/spoon/test/pkg/testclasses/package-info.java:[2,23] @Deprecated annotation has no effect on this package declaration
[WARNING] /builds/workspace/Spoon-Snapshot-Deployer/src/test/java/spoon/test/pkg/testclasses/internal/package-info.java:[9,35] @Deprecated annotation has no effect on this package declaration
[WARNING] /builds/workspace/Spoon-Snapshot-Deployer/src/test/java/spoon/test/comment/testclasses/package-info.java:[10,27] @Deprecated annotation has no effect on this package declaration
[WARNING] /builds/workspace/Spoon-Snapshot-Deployer/src/test/java/spoon/test/pkg/package-info.java:[6,19] @Deprecated annotation has no effect on this package declaration
[WARNING] /builds/workspace/Spoon-Snapshot-Deployer/src/test/java/spoon/test/method_overriding/testclasses/C.java:[13,11] m1(spoon.test.method_overriding.testclasses.C) in spoon.test.method_overriding.testclasses.C overrides m1(spoon.test.method_overriding.testclasses.C) in spoon.test.method_overriding.testclasses.B
  return type requires unchecked conversion from spoon.test.method_overriding.testclasses.B to spoon.test.method_overriding.testclasses.B<java.io.InputStream,java.io.FilterInputStream>
[WARNING] /builds/workspace/Spoon-Snapshot-Deployer/src/test/java/spoon/test/method_overriding/testclasses/C.java:[13,11] m1(spoon.test.method_overriding.testclasses.C) in spoon.test.method_overriding.testclasses.C overrides m1(spoon.test.method_overriding.testclasses.C) in spoon.test.method_overriding.testclasses.A
  return type requires unchecked conversion from spoon.test.method_overriding.testclasses.B to spoon.test.method_overriding.testclasses.A<java.io.InputStream>
[WARNING] /builds/workspace/Spoon-Snapshot-Deployer/src/test/java/spoon/test/method_overriding/testclasses/C.java:[18,43] m2(spoon.test.method_overriding.testclasses.C) in spoon.test.method_overriding.testclasses.C overrides <T>m2(spoon.test.method_overriding.testclasses.C) in spoon.test.method_overriding.testclasses.B
  return type requires unchecked conversion from spoon.test.method_overriding.testclasses.B<java.io.InputStream,java.io.FilterInputStream> to T
[WARNING] /builds/workspace/Spoon-Snapshot-Deployer/src/test/java/spoon/test/method_overriding/testclasses/C.java:[18,43] m2(spoon.test.method_overriding.testclasses.C) in spoon.test.method_overriding.testclasses.C overrides <T>m2(spoon.test.method_overriding.testclasses.C) in spoon.test.method_overriding.testclasses.A
  return type requires unchecked conversion from spoon.test.method_overriding.testclasses.B<java.io.InputStream,java.io.FilterInputStream> to T
[WARNING] /builds/workspace/Spoon-Snapshot-Deployer/src/test/java/spoon/test/model/IncrementalLauncherTest.java:[257,58] unchecked conversion
  required: java.util.Set<java.lang.String>
  found:    java.util.Set
[WARNING] /builds/workspace/Spoon-Snapshot-Deployer/src/test/java/spoon/test/compilationunit/TestCompilationUnit.java:[78,17] spoon.reflect.cu.CompilationUnit in spoon.reflect.cu has been deprecated
[WARNING] /builds/workspace/Spoon-Snapshot-Deployer/src/test/java/spoon/test/compilationunit/TestCompilationUnit.java:[89,17] spoon.reflect.cu.CompilationUnit in spoon.reflect.cu has been deprecated
[WARNING] /builds/workspace/Spoon-Snapshot-Deployer/src/test/java/spoon/test/compilationunit/TestCompilationUnit.java:[91,30] spoon.reflect.cu.CompilationUnit in spoon.reflect.cu has been deprecated
[WARNING] /builds/workspace/Spoon-Snapshot-Deployer/src/test/java/spoon/test/compilationunit/TestCompilationUnit.java:[101,17] spoon.reflect.cu.CompilationUnit in spoon.reflect.cu has been deprecated
[WARNING] /builds/workspace/Spoon-Snapshot-Deployer/src/test/java/spoon/test/compilationunit/TestCompilationUnit.java:[102,30] spoon.reflect.cu.CompilationUnit in spoon.reflect.cu has been deprecated
[WARNING] /builds/workspace/Spoon-Snapshot-Deployer/src/test/java/spoon/test/compilationunit/TestCompilationUnit.java:[109,17] spoon.reflect.cu.CompilationUnit in spoon.reflect.cu has been deprecated
[WARNING] /builds/workspace/Spoon-Snapshot-Deployer/src/test/java/spoon/test/compilationunit/TestCompilationUnit.java:[110,30] spoon.reflect.cu.CompilationUnit in spoon.reflect.cu has been deprecated
[WARNING] /builds/workspace/Spoon-Snapshot-Deployer/src/test/java/spoon/test/compilationunit/TestCompilationUnit.java:[113,30] spoon.reflect.cu.CompilationUnit in spoon.reflect.cu has been deprecated
[WARNING] /builds/workspace/Spoon-Snapshot-Deployer/src/test/java/spoon/test/compilationunit/TestCompilationUnit.java:[116,30] spoon.reflect.cu.CompilationUnit in spoon.reflect.cu has been deprecated
[WARNING] /builds/workspace/Spoon-Snapshot-Deployer/src/test/java/spoon/test/compilationunit/TestCompilationUnit.java:[127,17] spoon.reflect.cu.CompilationUnit in spoon.reflect.cu has been deprecated
[WARNING] /builds/workspace/Spoon-Snapshot-Deployer/src/test/java/spoon/test/compilationunit/TestCompilationUnit.java:[163,17] spoon.reflect.cu.CompilationUnit in spoon.reflect.cu has been deprecated
[WARNING] /builds/workspace/Spoon-Snapshot-Deployer/src/test/java/spoon/test/compilationunit/TestCompilationUnit.java:[181,17] spoon.reflect.cu.CompilationUnit in spoon.reflect.cu has been deprecated
[WARNING] /builds/workspace/Spoon-Snapshot-Deployer/src/test/java/spoon/test/compilationunit/TestCompilationUnit.java:[210,17] spoon.reflect.cu.CompilationUnit in spoon.reflect.cu has been deprecated
[WARNING] /builds/workspace/Spoon-Snapshot-Deployer/src/test/java/spoon/test/compilationunit/TestCompilationUnit.java:[233,17] spoon.reflect.cu.CompilationUnit in spoon.reflect.cu has been deprecated
[WARNING] /builds/workspace/Spoon-Snapshot-Deployer/src/test/java/spoon/test/compilationunit/TestCompilationUnit.java:[342,17] spoon.reflect.cu.CompilationUnit in spoon.reflect.cu has been deprecated
[WARNING] /builds/workspace/Spoon-Snapshot-Deployer/src/test/java/spoon/test/api/APITest.java:[301,32] unchecked call to <C>setType(spoon.reflect.reference.CtTypeReference<T>) as a member of the raw type spoon.reflect.declaration.CtTypedElement
[WARNING] /builds/workspace/Spoon-Snapshot-Deployer/src/test/java/spoon/test/api/APITest.java:[303,33] unchecked method invocation: method addMethod in interface spoon.reflect.declaration.CtType is applied to given types
  required: spoon.reflect.declaration.CtMethod<M>
  found: spoon.reflect.declaration.CtMethod
[WARNING] /builds/workspace/Spoon-Snapshot-Deployer/src/test/java/spoon/test/api/APITest.java:[303,34] unchecked conversion
  required: spoon.reflect.declaration.CtMethod<M>
  found:    spoon.reflect.declaration.CtMethod
[WARNING] /builds/workspace/Spoon-Snapshot-Deployer/src/test/java/spoon/test/api/APITest.java:[312,36] unchecked method invocation: method removeMethod in interface spoon.reflect.declaration.CtType is applied to given types
  required: spoon.reflect.declaration.CtMethod<M>
  found: spoon.reflect.declaration.CtMethod
[WARNING] /builds/workspace/Spoon-Snapshot-Deployer/src/test/java/spoon/test/api/APITest.java:[312,37] unchecked conversion
  required: spoon.reflect.declaration.CtMethod<M>
  found:    spoon.reflect.declaration.CtMethod
[WARNING] /builds/workspace/Spoon-Snapshot-Deployer/src/test/java/spoon/test/api/APITest.java:[548,17] spoon.reflect.cu.CompilationUnit in spoon.reflect.cu has been deprecated
[WARNING] /builds/workspace/Spoon-Snapshot-Deployer/src/test/java/spoon/test/api/APITest.java:[555,17] spoon.reflect.cu.CompilationUnit in spoon.reflect.cu has been deprecated
[WARNING] /builds/workspace/Spoon-Snapshot-Deployer/src/test/java/spoon/test/api/APITest.java:[556,17] spoon.reflect.cu.CompilationUnit in spoon.reflect.cu has been deprecated
[WARNING] /builds/workspace/Spoon-Snapshot-Deployer/src/test/java/spoon/test/api/APITest.java:[594,17] spoon.reflect.cu.CompilationUnit in spoon.reflect.cu has been deprecated
[WARNING] /builds/workspace/Spoon-Snapshot-Deployer/src/test/java/spoon/test/position/testclasses/CatchPosition.java:[11,93] @Deprecated annotation has no effect on this variable declaration
[WARNING] /builds/workspace/Spoon-Snapshot-Deployer/src/test/java/spoon/test/template/TemplateTest.java:[322,65] getActualClass() in spoon.reflect.reference.CtTypeReference has been deprecated
[WARNING] /builds/workspace/Spoon-Snapshot-Deployer/src/test/java/spoon/test/template/TemplateTest.java:[657,38] unchecked method invocation: method addProcessor in class spoon.Launcher is applied to given types
  required: spoon.processing.Processor<T>
  found: spoon.test.template.testclasses.logger.LoggerTemplateProcessor
[WARNING] /builds/workspace/Spoon-Snapshot-Deployer/src/test/java/spoon/test/template/TemplateTest.java:[657,39] unchecked conversion
  required: spoon.processing.Processor<T>
  found:    spoon.test.template.testclasses.logger.LoggerTemplateProcessor
[WARNING] /builds/workspace/Spoon-Snapshot-Deployer/src/test/java/spoon/test/template/TemplateTest.java:[844,17] unchecked method invocation: constructor <init> in class spoon.test.template.testclasses.ArrayAccessTemplate is applied to given types
  required: spoon.template.TemplateParameter<spoon.reflect.code.CtBlock<?>>[]
  found: spoon.template.TemplateParameter[]
[WARNING] /builds/workspace/Spoon-Snapshot-Deployer/src/test/java/spoon/test/template/TemplateTest.java:[844,41] unchecked conversion
  required: spoon.template.TemplateParameter<spoon.reflect.code.CtBlock<?>>[]
  found:    spoon.template.TemplateParameter[]
[WARNING] /builds/workspace/Spoon-Snapshot-Deployer/src/test/java/spoon/test/template/TemplateTest.java:[891,47] unchecked conversion
  required: spoon.reflect.code.CtBlock<java.lang.Void>
  found:    spoon.reflect.code.CtBlock
[WARNING] /builds/workspace/Spoon-Snapshot-Deployer/src/test/java/spoon/test/template/TemplateTest.java:[913,128] unchecked call to apply(spoon.reflect.declaration.CtType<?>) as a member of the raw type spoon.template.ExpressionTemplate
[WARNING] /builds/workspace/Spoon-Snapshot-Deployer/src/test/java/spoon/test/template/TemplateTest.java:[1139,78] unchecked call to NamedElementFilter(java.lang.Class<T>,java.lang.String) as a member of the raw type spoon.reflect.visitor.filter.NamedElementFilter
[WARNING] /builds/workspace/Spoon-Snapshot-Deployer/src/test/java/spoon/test/template/TemplateTest.java:[1139,77] unchecked method invocation: method getElements in interface spoon.reflect.declaration.CtElement is applied to given types
  required: spoon.reflect.visitor.Filter<E>
  found: spoon.reflect.visitor.filter.NamedElementFilter
[WARNING] /builds/workspace/Spoon-Snapshot-Deployer/src/test/java/spoon/test/template/TemplateTest.java:[1139,78] unchecked conversion
  required: spoon.reflect.visitor.Filter<E>
  found:    spoon.reflect.visitor.filter.NamedElementFilter
[WARNING] /builds/workspace/Spoon-Snapshot-Deployer/src/test/java/spoon/test/ctType/CtTypeParameterTest.java:[60,74] getActualClass() in spoon.reflect.declaration.CtType has been deprecated
[WARNING] /builds/workspace/Spoon-Snapshot-Deployer/src/test/java/spoon/test/ctType/CtTypeParameterTest.java:[94,63] getActualClass() in spoon.reflect.declaration.CtType has been deprecated
[WARNING] /builds/workspace/Spoon-Snapshot-Deployer/src/test/java/spoon/test/ctType/CtTypeParameterTest.java:[110,63] getActualClass() in spoon.reflect.declaration.CtType has been deprecated
[WARNING] /builds/workspace/Spoon-Snapshot-Deployer/src/test/java/spoon/test/template/PatternTest.java:[202,72] unchecked call to TypeFilter(java.lang.Class<? super T>) as a member of the raw type spoon.reflect.visitor.filter.TypeFilter
[WARNING] /builds/workspace/Spoon-Snapshot-Deployer/src/test/java/spoon/test/template/PatternTest.java:[252,72] unchecked call to TypeFilter(java.lang.Class<? super T>) as a member of the raw type spoon.reflect.visitor.filter.TypeFilter
[WARNING] /builds/workspace/Spoon-Snapshot-Deployer/src/test/java/spoon/test/template/PatternTest.java:[841,99] unchecked call to TypeFilter(java.lang.Class<? super T>) as a member of the raw type spoon.reflect.visitor.filter.TypeFilter
[WARNING] /builds/workspace/Spoon-Snapshot-Deployer/src/test/java/spoon/test/template/PatternTest.java:[843,101] unchecked call to TypeFilter(java.lang.Class<? super T>) as a member of the raw type spoon.reflect.visitor.filter.TypeFilter
[WARNING] /builds/workspace/Spoon-Snapshot-Deployer/src/test/java/spoon/test/template/PatternTest.java:[882,99] unchecked call to TypeFilter(java.lang.Class<? super T>) as a member of the raw type spoon.reflect.visitor.filter.TypeFilter
[WARNING] /builds/workspace/Spoon-Snapshot-Deployer/src/test/java/spoon/test/template/PatternTest.java:[884,101] unchecked call to TypeFilter(java.lang.Class<? super T>) as a member of the raw type spoon.reflect.visitor.filter.TypeFilter
[WARNING] /builds/workspace/Spoon-Snapshot-Deployer/src/test/java/spoon/test/template/PatternTest.java:[885,101] unchecked call to TypeFilter(java.lang.Class<? super T>) as a member of the raw type spoon.reflect.visitor.filter.TypeFilter
[WARNING] /builds/workspace/Spoon-Snapshot-Deployer/src/test/java/spoon/test/template/PatternTest.java:[920,108] unchecked call to TypeFilter(java.lang.Class<? super T>) as a member of the raw type spoon.reflect.visitor.filter.TypeFilter
[WARNING] /builds/workspace/Spoon-Snapshot-Deployer/src/test/java/spoon/test/template/PatternTest.java:[987,108] unchecked call to TypeFilter(java.lang.Class<? super T>) as a member of the raw type spoon.reflect.visitor.filter.TypeFilter
[INFO] /builds/workspace/Spoon-Snapshot-Deployer/src/test/java/spoon/test/literal/LiteralTest.java: Some input files additionally use or override a deprecated API.
[INFO] /builds/workspace/Spoon-Snapshot-Deployer/src/test/java/spoon/test/template/PatternTest.java: Some input files additionally use unchecked or unsafe operations.
[INFO] 
[INFO] --- maven-surefire-plugin:3.0.0-M6:test (default-test) @ spoon-core ---
[INFO] Tests are skipped.
[INFO] Skipped
[INFO] 
[INFO] --- jacoco-maven-plugin:0.8.8:report (report) @ spoon-core ---
[INFO] Skipping JaCoCo execution due to missing execution data file.
[INFO] 
[INFO] --- maven-jar-plugin:3.2.2:jar (default-jar) @ spoon-core ---
[INFO] Building jar: /builds/workspace/Spoon-Snapshot-Deployer/target/spoon-core-10.2.0-SNAPSHOT.jar
[INFO] 
[INFO] --- maven-assembly-plugin:3.3.0:single (make-assembly) @ spoon-core ---
[INFO] Building jar: /builds/workspace/Spoon-Snapshot-Deployer/target/spoon-core-10.2.0-SNAPSHOT-jar-with-dependencies.jar
[INFO] 
[INFO] --- maven-dependency-plugin:3.3.0:copy-dependencies (copy-dependencies) @ spoon-core ---
[INFO] Copying org.eclipse.jdt.core-3.29.0.jar to /builds/workspace/Spoon-Snapshot-Deployer/target/org.eclipse.jdt.core-3.29.0.jar
[INFO] Copying jsap-2.1.jar to /builds/workspace/Spoon-Snapshot-Deployer/target/jsap-2.1.jar
[INFO] Copying slf4j-api-1.7.36.jar to /builds/workspace/Spoon-Snapshot-Deployer/target/slf4j-api-1.7.36.jar
[INFO] Copying commons-io-2.11.0.jar to /builds/workspace/Spoon-Snapshot-Deployer/target/commons-io-2.11.0.jar
[INFO] Copying maven-model-3.8.5.jar to /builds/workspace/Spoon-Snapshot-Deployer/target/maven-model-3.8.5.jar
[INFO] Copying plexus-utils-3.3.0.jar to /builds/workspace/Spoon-Snapshot-Deployer/target/plexus-utils-3.3.0.jar
[INFO] Copying commons-lang3-3.12.0.jar to /builds/workspace/Spoon-Snapshot-Deployer/target/commons-lang3-3.12.0.jar
[INFO] Copying xz-1.9.jar to /builds/workspace/Spoon-Snapshot-Deployer/target/xz-1.9.jar
[INFO] Copying jackson-databind-2.13.3.jar to /builds/workspace/Spoon-Snapshot-Deployer/target/jackson-databind-2.13.3.jar
[INFO] Copying jackson-annotations-2.13.3.jar to /builds/workspace/Spoon-Snapshot-Deployer/target/jackson-annotations-2.13.3.jar
[INFO] Copying jackson-core-2.13.3.jar to /builds/workspace/Spoon-Snapshot-Deployer/target/jackson-core-2.13.3.jar
[INFO] Copying commons-compress-1.21.jar to /builds/workspace/Spoon-Snapshot-Deployer/target/commons-compress-1.21.jar
[INFO] Copying guava-31.1-jre.jar to /builds/workspace/Spoon-Snapshot-Deployer/target/guava-31.1-jre.jar
[INFO] Copying failureaccess-1.0.1.jar to /builds/workspace/Spoon-Snapshot-Deployer/target/failureaccess-1.0.1.jar
[INFO] Copying listenablefuture-9999.0-empty-to-avoid-conflict-with-guava.jar to /builds/workspace/Spoon-Snapshot-Deployer/target/listenablefuture-9999.0-empty-to-avoid-conflict-with-guava.jar
[INFO] Copying jsr305-3.0.2.jar to /builds/workspace/Spoon-Snapshot-Deployer/target/jsr305-3.0.2.jar
[INFO] Copying checker-qual-3.12.0.jar to /builds/workspace/Spoon-Snapshot-Deployer/target/checker-qual-3.12.0.jar
[INFO] Copying error_prone_annotations-2.11.0.jar to /builds/workspace/Spoon-Snapshot-Deployer/target/error_prone_annotations-2.11.0.jar
[INFO] Copying j2objc-annotations-1.3.jar to /builds/workspace/Spoon-Snapshot-Deployer/target/j2objc-annotations-1.3.jar
[INFO] Copying logback-classic-1.2.11.jar to /builds/workspace/Spoon-Snapshot-Deployer/target/logback-classic-1.2.11.jar
[INFO] Copying logback-core-1.2.11.jar to /builds/workspace/Spoon-Snapshot-Deployer/target/logback-core-1.2.11.jar
[INFO] Copying querydsl-core-3.7.4.jar to /builds/workspace/Spoon-Snapshot-Deployer/target/querydsl-core-3.7.4.jar
[INFO] Copying maven-invoker-3.2.0.jar to /builds/workspace/Spoon-Snapshot-Deployer/target/maven-invoker-3.2.0.jar
[INFO] Copying maven-shared-utils-3.3.4.jar to /builds/workspace/Spoon-Snapshot-Deployer/target/maven-shared-utils-3.3.4.jar
[INFO] Copying javax.inject-1.jar to /builds/workspace/Spoon-Snapshot-Deployer/target/javax.inject-1.jar
[INFO] Copying validation-api-2.0.1.Final.jar to /builds/workspace/Spoon-Snapshot-Deployer/target/validation-api-2.0.1.Final.jar
[INFO] Copying slf4j-test-1.2.0.jar to /builds/workspace/Spoon-Snapshot-Deployer/target/slf4j-test-1.2.0.jar
[INFO] Copying lidalia-lang-1.0.0.jar to /builds/workspace/Spoon-Snapshot-Deployer/target/lidalia-lang-1.0.0.jar
[INFO] Copying lidalia-slf4j-ext-1.0.0.jar to /builds/workspace/Spoon-Snapshot-Deployer/target/lidalia-slf4j-ext-1.0.0.jar
[INFO] Copying joda-time-2.2.jar to /builds/workspace/Spoon-Snapshot-Deployer/target/joda-time-2.2.jar
[INFO] Copying metainf-services-1.9.jar to /builds/workspace/Spoon-Snapshot-Deployer/target/metainf-services-1.9.jar
[INFO] Copying mockito-core-4.5.1.jar to /builds/workspace/Spoon-Snapshot-Deployer/target/mockito-core-4.5.1.jar
[INFO] Copying byte-buddy-1.12.9.jar to /builds/workspace/Spoon-Snapshot-Deployer/target/byte-buddy-1.12.9.jar
[INFO] Copying byte-buddy-agent-1.12.9.jar to /builds/workspace/Spoon-Snapshot-Deployer/target/byte-buddy-agent-1.12.9.jar
[INFO] Copying objenesis-3.2.jar to /builds/workspace/Spoon-Snapshot-Deployer/target/objenesis-3.2.jar
[INFO] Copying junit-jupiter-engine-5.8.2.jar to /builds/workspace/Spoon-Snapshot-Deployer/target/junit-jupiter-engine-5.8.2.jar
[INFO] Copying junit-platform-engine-1.8.2.jar to /builds/workspace/Spoon-Snapshot-Deployer/target/junit-platform-engine-1.8.2.jar
[INFO] Copying opentest4j-1.2.0.jar to /builds/workspace/Spoon-Snapshot-Deployer/target/opentest4j-1.2.0.jar
[INFO] Copying junit-platform-commons-1.8.2.jar to /builds/workspace/Spoon-Snapshot-Deployer/target/junit-platform-commons-1.8.2.jar
[INFO] Copying junit-jupiter-api-5.8.2.jar to /builds/workspace/Spoon-Snapshot-Deployer/target/junit-jupiter-api-5.8.2.jar
[INFO] Copying apiguardian-api-1.1.2.jar to /builds/workspace/Spoon-Snapshot-Deployer/target/apiguardian-api-1.1.2.jar
[INFO] Copying junit-jupiter-params-5.8.2.jar to /builds/workspace/Spoon-Snapshot-Deployer/target/junit-jupiter-params-5.8.2.jar
[INFO] Copying junit-platform-launcher-1.8.2.jar to /builds/workspace/Spoon-Snapshot-Deployer/target/junit-platform-launcher-1.8.2.jar
[INFO] Copying mockito-junit-jupiter-4.5.1.jar to /builds/workspace/Spoon-Snapshot-Deployer/target/mockito-junit-jupiter-4.5.1.jar
[INFO] Copying system-rules-1.19.0.jar to /builds/workspace/Spoon-Snapshot-Deployer/target/system-rules-1.19.0.jar
[INFO] Copying junit-4.11-beta-1.jar to /builds/workspace/Spoon-Snapshot-Deployer/target/junit-4.11-beta-1.jar
[INFO] Copying hamcrest-core-1.3.jar to /builds/workspace/Spoon-Snapshot-Deployer/target/hamcrest-core-1.3.jar
[INFO] 
[INFO] --- depclean-maven-plugin:2.0.2:depclean (default) @ spoon-core ---
-------------------------------------------------------
[INFO] Starting DepClean dependency analysis
[INFO] Cannot analyze imports in file: /builds/workspace/Spoon-Snapshot-Deployer/src/main/java/spoon/reflect/path/CtRole.java
[INFO] Cannot analyze imports in file: /builds/workspace/Spoon-Snapshot-Deployer/src/test/java/spoon/test/constructor/testclasses/AClass.java
[INFO] Cannot analyze imports in file: /builds/workspace/Spoon-Snapshot-Deployer/src/test/java/spoon/test/constructor/testclasses/Tacos.java
[INFO] Cannot analyze imports in file: /builds/workspace/Spoon-Snapshot-Deployer/src/test/java/spoon/test/annotation/testclasses/ClassProcessed.java
[INFO] Cannot analyze imports in file: /builds/workspace/Spoon-Snapshot-Deployer/src/test/java/spoon/test/annotation/testclasses/AnnotationsAppliedOnAnyTypeInAClass.java
[INFO] Cannot analyze imports in file: /builds/workspace/Spoon-Snapshot-Deployer/src/test/java/spoon/test/prettyprinter/testclasses/ToBeChanged.java
[INFO] project's jar /builds/workspace/Spoon-Snapshot-Deployer/target/spoon-core-10.2.0-SNAPSHOT
-------------------------------------------------------
 D E P C L E A N   A N A L Y S I S   R E S U L T S
-------------------------------------------------------
USED DIRECT DEPENDENCIES [16]: 
	org.eclipse.jdt:org.eclipse.jdt.core:3.29.0:compile (6 MB)
	com.google.guava:guava:31.1-jre:test (2 MB)
	com.fasterxml.jackson.core:jackson-databind:2.13.3:compile (1 MB)
	org.apache.commons:commons-compress:1.21:compile (994 KB)
	org.apache.commons:commons-lang3:3.12.0:compile (573 KB)
	com.mysema.querydsl:querydsl-core:3.7.4:test (457 KB)
	commons-io:commons-io:2.11.0:compile (319 KB)
	ch.qos.logback:logback-classic:1.2.11:test (226 KB)
	org.apache.maven:maven-model:3.8.5:compile (210 KB)
	org.tukaani:xz:1.9:test (113 KB)
	javax.validation:validation-api:2.0.1.Final:test (90 KB)
	com.martiansoftware:jsap:2.1:compile (67 KB)
	org.slf4j:slf4j-api:1.7.36:compile (40 KB)
	org.apache.maven.shared:maven-invoker:3.2.0:compile (31 KB)
	uk.org.lidalia:slf4j-test:1.2.0:test (25 KB)
	org.kohsuke.metainf-services:metainf-services:1.9:test (7 KB)
USED INHERITED DEPENDENCIES [5]: 
	org.mockito:mockito-core:4.5.1:test (646 KB)
	org.junit.jupiter:junit-jupiter-params:5.8.2:test (563 KB)
	org.junit.jupiter:junit-jupiter-engine:5.8.2:test (224 KB)
	org.junit.platform:junit-platform-launcher:1.8.2:test (155 KB)
	org.mockito:mockito-junit-jupiter:4.5.1:test (5 KB)
USED TRANSITIVE DEPENDENCIES [24]: 
	net.bytebuddy:byte-buddy:1.12.9:test (3 MB)
	joda-time:joda-time:2.2:test (560 KB)
	ch.qos.logback:logback-core:1.2.11:test (438 KB)
	com.fasterxml.jackson.core:jackson-core:2.13.3:compile (366 KB)
	org.codehaus.plexus:plexus-utils:3.3.0:compile (257 KB)
	net.bytebuddy:byte-buddy-agent:1.12.9:test (250 KB)
	junit:junit:4.11-beta-1:test (239 KB)
	org.checkerframework:checker-qual:3.12.0:test (203 KB)
	org.junit.jupiter:junit-jupiter-api:5.8.2:test (188 KB)
	org.junit.platform:junit-platform-engine:1.8.2:test (181 KB)
	org.apache.maven.shared:maven-shared-utils:3.3.4:compile (149 KB)
	org.junit.platform:junit-platform-commons:1.8.2:test (98 KB)
	com.fasterxml.jackson.core:jackson-annotations:2.13.3:compile (73 KB)
	org.objenesis:objenesis:3.2:test (48 KB)
	org.hamcrest:hamcrest-core:1.3:test (43 KB)
	uk.org.lidalia:lidalia-lang:1.0.0:test (28 KB)
	com.google.code.findbugs:jsr305:3.0.2:test (19 KB)
	com.google.errorprone:error_prone_annotations:2.11.0:test (15 KB)
	uk.org.lidalia:lidalia-slf4j-ext:1.0.0:test (14 KB)
	com.google.j2objc:j2objc-annotations:1.3:test (8 KB)
	org.opentest4j:opentest4j:1.2.0:test (7 KB)
	org.apiguardian:apiguardian-api:1.1.2:test (6 KB)
	com.google.guava:failureaccess:1.0.1:test (4 KB)
	javax.inject:javax.inject:1:compile (2 KB)
POTENTIALLY UNUSED DIRECT DEPENDENCIES [0]: 
POTENTIALLY UNUSED INHERITED DEPENDENCIES [1]: 
	com.github.stefanbirkner:system-rules:1.19.0:test (37 KB)
POTENTIALLY UNUSED TRANSITIVE DEPENDENCIES [1]: 
	com.google.guava:listenablefuture:9999.0-empty-to-avoid-conflict-with-guava:test (2 KB)
[INFO] Analysis done in 0min 35s
[INFO] 
[INFO] --- jacoco-maven-plugin:0.8.8:check (check-coverage) @ spoon-core ---
[INFO] Skipping JaCoCo execution due to missing execution data file:/builds/workspace/Spoon-Snapshot-Deployer/target/jacoco.exec
[INFO] 
[INFO] --- maven-checkstyle-plugin:3.1.2:checkstyle (default) @ spoon-core ---
[WARNING] Old version of checkstyle detected. Consider updating to >= v8.30
[WARNING] For more information see: https://maven.apache.org/plugins/maven-checkstyle-plugin/examples/upgrading-checkstyle.html
[INFO] Starting audit...
Audit done.
[WARNING] Unable to locate Source XRef to link to - DISABLED
[INFO] 
[INFO] --- maven-install-plugin:2.4:install (default-install) @ spoon-core ---
[INFO] Installing /builds/workspace/Spoon-Snapshot-Deployer/target/spoon-core-10.2.0-SNAPSHOT.jar to /builds/.m2/repository/fr/inria/gforge/spoon/spoon-core/10.2.0-SNAPSHOT/spoon-core-10.2.0-SNAPSHOT.jar
[INFO] Installing /builds/workspace/Spoon-Snapshot-Deployer/pom.xml to /builds/.m2/repository/fr/inria/gforge/spoon/spoon-core/10.2.0-SNAPSHOT/spoon-core-10.2.0-SNAPSHOT.pom
[INFO] Installing /builds/workspace/Spoon-Snapshot-Deployer/target/spoon-core-10.2.0-SNAPSHOT-jar-with-dependencies.jar to /builds/.m2/repository/fr/inria/gforge/spoon/spoon-core/10.2.0-SNAPSHOT/spoon-core-10.2.0-SNAPSHOT-jar-with-dependencies.jar
[INFO] 
[INFO] --- nexus-staging-maven-plugin:1.6.13:deploy (injected-nexus-deploy) @ spoon-core ---
[INFO] Performing deferred deploys (gathering into "/builds/workspace/Spoon-Snapshot-Deployer/target/nexus-staging/deferred")...
[INFO] Installing /builds/workspace/Spoon-Snapshot-Deployer/target/spoon-core-10.2.0-SNAPSHOT.jar to /builds/workspace/Spoon-Snapshot-Deployer/target/nexus-staging/deferred/fr/inria/gforge/spoon/spoon-core/10.2.0-SNAPSHOT/spoon-core-10.2.0-SNAPSHOT.jar
[INFO] Installing /builds/workspace/Spoon-Snapshot-Deployer/pom.xml to /builds/workspace/Spoon-Snapshot-Deployer/target/nexus-staging/deferred/fr/inria/gforge/spoon/spoon-core/10.2.0-SNAPSHOT/spoon-core-10.2.0-SNAPSHOT.pom
[INFO] ------------------------------------------------------------------------
[INFO] BUILD FAILURE
[INFO] ------------------------------------------------------------------------
[INFO] Total time: 01:59 min
[INFO] Finished at: 2022-05-28T00:43:11+02:00
[INFO] ------------------------------------------------------------------------
[INFO] 16 goals, 16 executed
[INFO] 
[INFO] Publishing build scan...
[INFO] 
[WARNING] The upload failed to start in the background and will now be performed by the build process.
[WARNING] For more information, please see https://gradle.com/help/maven-build-scan-background-upload-failure.
[INFO] 
[INFO] 
[ERROR] Failed to execute goal org.sonatype.plugins:nexus-staging-maven-plugin:1.6.13:deploy (injected-nexus-deploy) on project spoon-core: Failed to install metadata fr.inria.gforge.spoon:spoon-core/maven-metadata.xml: Could not write metadata /builds/workspace/Spoon-Snapshot-Deployer/target/nexus-staging/deferred/fr/inria/gforge/spoon/spoon-core/maven-metadata-nexus.xml: /builds/workspace/Spoon-Snapshot-Deployer/target/nexus-staging/deferred/fr/inria/gforge/spoon/spoon-core/maven-metadata-nexus.xml (No space left on device) -> [Help 1]
[ERROR] 
[ERROR] To see the full stack trace of the errors, re-run Maven with the -e switch.
[ERROR] Re-run Maven using the -X switch to enable full debug logging.
[ERROR] 
[ERROR] For more information about the errors and possible solutions, please read the following articles:
[ERROR] [Help 1] http://cwiki.apache.org/confluence/display/MAVEN/MojoExecutionException
Build step 'Invoke top-level Maven targets' marked build as failure
Sending e-mails to: spoon-devel@lists.gforge.inria.fr
Finished: FAILURE
