Started by timer
Running as SYSTEM
[EnvInject] - Loading node environment variables.
Building remotely on sos-builder01-ubuntu16 (lin) in workspace /builds/workspace/cocospoon
[WS-CLEANUP] Deleting project workspace...
[WS-CLEANUP] Deferred wipeout is used...
[WS-CLEANUP] Done
The recommended git tool is: NONE
No credentials specified
Cloning the remote Git repository
Cloning repository https://github.com/SpoonLabs/CoCoSpoon.git
 > git init /builds/workspace/cocospoon # timeout=10
Fetching upstream changes from https://github.com/SpoonLabs/CoCoSpoon.git
 > git --version # timeout=10
 > git --version # 'git version 2.7.4'
 > git fetch --tags --progress https://github.com/SpoonLabs/CoCoSpoon.git +refs/heads/*:refs/remotes/origin/* # timeout=10
 > git config remote.origin.url https://github.com/SpoonLabs/CoCoSpoon.git # timeout=10
 > git config --add remote.origin.fetch +refs/heads/*:refs/remotes/origin/* # timeout=10
Avoid second fetch
 > git rev-parse refs/remotes/origin/master^{commit} # timeout=10
Checking out Revision 5fa074ff31f36b438829ba57910bc727f8cb765b (refs/remotes/origin/master)
 > git config core.sparsecheckout # timeout=10
 > git checkout -f 5fa074ff31f36b438829ba57910bc727f8cb765b # timeout=10
Commit message: "move ui in this repo"
 > git rev-list --no-walk 5fa074ff31f36b438829ba57910bc727f8cb765b # timeout=10
[cocospoon] $ /bin/sh -xe /tmp/jenkins7412715568551538182.sh
+ curl https://spoon.gforge.inria.fr/jenkins/inject_spoon_snapshot.py
  % Total    % Received % Xferd  Average Speed   Time    Time     Time  Current
                                 Dload  Upload   Total   Spent    Left  Speed
  0     0    0     0    0     0      0      0 --:--:-- --:--:-- --:--:--     0100  2381  100  2381    0     0  10941      0 --:--:-- --:--:-- --:--:-- 10972
+ python3 -c #! /bin/python3
"""Script for injecting the latest SNAPSHOT version of Spoon into all pom.xml
files it finds in the curren tworking directory or any subdirectory.

Requires the ``defusedxml`` package to be installed separately.

This script is compatible with Python 3.5+
"""
import xml.etree.ElementTree as ET
import subprocess
import pathlib

from typing import Optional

SPOON_SNAPSHOT_REPO = """
<repository>
    <id>ow2.org-snapshot</id>
    <name>Maven Repository for Spoon Snapshots</name>
    <url>https://repository.ow2.org/nexus/content/repositories/snapshots/</url>
    <snapshots/>
</repository>
"""
MAVEN_NAMESPACE = "http://maven.apache.org/POM/4.0.0"
NAMESPACES = {"": MAVEN_NAMESPACE}

MAVEN_VERSIONS_COMMAND = "mvn -B -U versions:use-latest-versions -DallowSnapshots -Dincludes=fr.inria.gforge.spoon".split()
PURGE_LOCAL_REPO_COMMAND = "mvn -B -U dependency:purge-local-repository -DmanualInclude='fr.inria.gforge.spoon:spoon-core' -DsnapshotsOnly=true".split()


def main():
    ET.register_namespace("", MAVEN_NAMESPACE)
    pom_file = pathlib.Path("pom.xml")
    inject_snapshot_repo(pom_file)
    subprocess.run(MAVEN_VERSIONS_COMMAND, cwd=str(pom_file.parent))
    subprocess.run(PURGE_LOCAL_REPO_COMMAND, cwd=str(pom_file.parent))


def inject_snapshot_repo(pom_file: pathlib.Path) -> None:
    tree = ET.parse(str(pom_file))
    root = tree.getroot()

    repositories = root.find(in_maven_namespace("repositories"))
    if not repositories:
        repositories = ET.fromstring("<repositories></repositories>")
        root.append(repositories)

    snapshot_repo = ET.fromstring(SPOON_SNAPSHOT_REPO)
    snapshot_repo_url = snapshot_repo.find("url").text

    for repo in repositories.findall(in_maven_namespace("repository")):
        url = repo.find(in_maven_namespace("url")).text
        if url == snapshot_repo_url:
            return

    repositories.append(snapshot_repo)

    tree.write(str(pom_file))


def in_maven_namespace(tag: str) -> str:
    """Wrap the tag in the default Maven namespace.

    If porting this script to Python 3.6+, then this method can be removed and
    one can instead search with a default namespace like so:

    someElement.find(tag, namespaces={"": MAVEN_NAMESPACE})

    This does not appear to work in Python 3.5
    """
    return "{{{}}}{}".format(MAVEN_NAMESPACE, tag)


if __name__ == "__main__":
    main()
Picked up JAVA_TOOL_OPTIONS: -Dfile.encoding=UTF8
[INFO] Scanning for projects...
[INFO] Downloading from central: https://repo.maven.apache.org/maven2/org/apache/maven/plugins/maven-metadata.xml
[INFO] Downloading from central: https://repo.maven.apache.org/maven2/org/codehaus/mojo/maven-metadata.xml
[INFO] Downloaded from central: https://repo.maven.apache.org/maven2/org/apache/maven/plugins/maven-metadata.xml (14 kB at 35 kB/s)
[INFO] Downloaded from central: https://repo.maven.apache.org/maven2/org/codehaus/mojo/maven-metadata.xml (20 kB at 50 kB/s)
[INFO] Downloading from central: https://repo.maven.apache.org/maven2/org/codehaus/mojo/versions-maven-plugin/maven-metadata.xml
[INFO] Downloaded from central: https://repo.maven.apache.org/maven2/org/codehaus/mojo/versions-maven-plugin/maven-metadata.xml (835 B at 13 kB/s)
[INFO] 
[INFO] --------------------< fil.iagl.cocospoon:CocoSpoon >--------------------
[INFO] Building CocoSpoon 1.0.0-SNAPSHOT
[INFO] --------------------------------[ jar ]---------------------------------
[INFO] 
[INFO] --- versions-maven-plugin:2.8.1:use-latest-versions (default-cli) @ CocoSpoon ---
[INFO] Major version changes allowed
[INFO] artifact fr.inria.gforge.spoon:spoon-core: checking for updates from sonatype-oss-public
[INFO] artifact fr.inria.gforge.spoon:spoon-core: checking for updates from gforge.inria.fr-snapshot
[INFO] artifact fr.inria.gforge.spoon:spoon-core: checking for updates from ow2.org-snapshot
[INFO] artifact fr.inria.gforge.spoon:spoon-core: checking for updates from central
[INFO] Updated fr.inria.gforge.spoon:spoon-core:jar:6.2.0 to version 9.2.0-SNAPSHOT
[INFO] ------------------------------------------------------------------------
[INFO] BUILD SUCCESS
[INFO] ------------------------------------------------------------------------
[INFO] Total time:  3.624 s
[INFO] Finished at: 2021-09-28T17:36:09+02:00
[INFO] ------------------------------------------------------------------------
Picked up JAVA_TOOL_OPTIONS: -Dfile.encoding=UTF8
[INFO] Scanning for projects...
[INFO] 
[INFO] --------------------< fil.iagl.cocospoon:CocoSpoon >--------------------
[INFO] Building CocoSpoon 1.0.0-SNAPSHOT
[INFO] --------------------------------[ jar ]---------------------------------
[INFO] 
[INFO] --- maven-dependency-plugin:2.8:purge-local-repository (default-cli) @ CocoSpoon ---
[INFO] ------------------------------------------------------------------------
[INFO] BUILD SUCCESS
[INFO] ------------------------------------------------------------------------
[INFO] Total time:  1.457 s
[INFO] Finished at: 2021-09-28T17:36:12+02:00
[INFO] ------------------------------------------------------------------------
+ mvn test
Picked up JAVA_TOOL_OPTIONS: -Dfile.encoding=UTF8
[INFO] Scanning for projects...
[INFO] 
[INFO] --------------------< fil.iagl.cocospoon:CocoSpoon >--------------------
[INFO] Building CocoSpoon 1.0.0-SNAPSHOT
[INFO] --------------------------------[ jar ]---------------------------------
Downloading from sonatype-oss-public: https://oss.sonatype.org/content/groups/public/fr/inria/gforge/spoon/spoon-core/9.2.0-SNAPSHOT/maven-metadata.xml
Downloading from gforge.inria.fr-snapshot: http://maven.inria.fr/artifactory/spoon-public-snapshot/fr/inria/gforge/spoon/spoon-core/9.2.0-SNAPSHOT/maven-metadata.xml
[INFO] 
[INFO] --- maven-resources-plugin:2.6:resources (default-resources) @ CocoSpoon ---
[INFO] Using 'UTF-8' encoding to copy filtered resources.
[INFO] Copying 1 resource to instrumenting
[INFO] 
[INFO] --- maven-compiler-plugin:3.1:compile (default-compile) @ CocoSpoon ---
[INFO] Changes detected - recompiling the module!
[INFO] Compiling 20 source files to /builds/workspace/cocospoon/target/classes
[INFO] -------------------------------------------------------------
[ERROR] COMPILATION ERROR : 
[INFO] -------------------------------------------------------------
[ERROR] /builds/workspace/cocospoon/src/main/java/fil/iagl/opl/cocospoon/insert/impl/MethodInsert.java:[4,26] cannot access spoon.reflect.code.CtStatement
  bad class file: /builds/.m2/repository/fr/inria/gforge/spoon/spoon-core/9.2.0-SNAPSHOT/spoon-core-9.2.0-SNAPSHOT.jar(spoon/reflect/code/CtStatement.class)
    class file has wrong version 55.0, should be 52.0
    Please remove or make sure it appears in the correct subdirectory of the classpath.
[INFO] 1 error
[INFO] -------------------------------------------------------------
[INFO] ------------------------------------------------------------------------
[INFO] BUILD FAILURE
[INFO] ------------------------------------------------------------------------
[INFO] Total time:  2.831 s
[INFO] Finished at: 2021-09-28T17:36:16+02:00
[INFO] ------------------------------------------------------------------------
[ERROR] Failed to execute goal org.apache.maven.plugins:maven-compiler-plugin:3.1:compile (default-compile) on project CocoSpoon: Compilation failure
[ERROR] /builds/workspace/cocospoon/src/main/java/fil/iagl/opl/cocospoon/insert/impl/MethodInsert.java:[4,26] cannot access spoon.reflect.code.CtStatement
[ERROR]   bad class file: /builds/.m2/repository/fr/inria/gforge/spoon/spoon-core/9.2.0-SNAPSHOT/spoon-core-9.2.0-SNAPSHOT.jar(spoon/reflect/code/CtStatement.class)
[ERROR]     class file has wrong version 55.0, should be 52.0
[ERROR]     Please remove or make sure it appears in the correct subdirectory of the classpath.
[ERROR] 
[ERROR] -> [Help 1]
[ERROR] 
[ERROR] To see the full stack trace of the errors, re-run Maven with the -e switch.
[ERROR] Re-run Maven using the -X switch to enable full debug logging.
[ERROR] 
[ERROR] For more information about the errors and possible solutions, please read the following articles:
[ERROR] [Help 1] http://cwiki.apache.org/confluence/display/MAVEN/MojoFailureException
Build step 'Execute shell' marked build as failure
Sending e-mails to: spoon-devel@lists.gforge.inria.fr
Finished: FAILURE
