Started by timer
Running as SYSTEM
[EnvInject] - Loading node environment variables.
Building remotely on sos-builder01 (lin) in workspace /builds/workspace/astor
No credentials specified
Cloning the remote Git repository
Cloning repository https://github.com/SpoonLabs/astor.git
 > git init /builds/workspace/astor # timeout=10
Fetching upstream changes from https://github.com/SpoonLabs/astor.git
 > git --version # timeout=10
 > git fetch --tags --progress https://github.com/SpoonLabs/astor.git +refs/heads/*:refs/remotes/origin/*
 > git config remote.origin.url https://github.com/SpoonLabs/astor.git # timeout=10
 > git config --add remote.origin.fetch +refs/heads/*:refs/remotes/origin/* # timeout=10
 > git config remote.origin.url https://github.com/SpoonLabs/astor.git # timeout=10
Fetching upstream changes from https://github.com/SpoonLabs/astor.git
 > git fetch --tags --progress https://github.com/SpoonLabs/astor.git +refs/heads/*:refs/remotes/origin/*
 > git rev-parse refs/remotes/origin/master^{commit} # timeout=10
 > git rev-parse refs/remotes/origin/origin/master^{commit} # timeout=10
Checking out Revision 7f1052e1708ea212f2f18f5592e74ef0c426d3f4 (refs/remotes/origin/master)
 > git config core.sparsecheckout # timeout=10
 > git checkout -f 7f1052e1708ea212f2f18f5592e74ef0c426d3f4
Commit message: "refactoring unused classes"
 > git rev-list --no-walk 7f1052e1708ea212f2f18f5592e74ef0c426d3f4 # timeout=10
[astor] $ /bin/sh -xe /tmp/jenkins1937640437976041941.sh
+ ./.travis_install.sh
calling compile maven
compiling ls
compiling examples/testMultiMet/rt-project
in dir /builds/workspace/astor/examples/testMultiMet/rt-project
Picked up JAVA_TOOL_OPTIONS: -Dfile.encoding=UTF8
after claning examples/testMultiMet/rt-project
Picked up JAVA_TOOL_OPTIONS: -Dfile.encoding=UTF8
compiling examples/testMultiMet/testBinaryExprReduceVM1
in dir /builds/workspace/astor/examples/testMultiMet/testBinaryExprReduceVM1
Picked up JAVA_TOOL_OPTIONS: -Dfile.encoding=UTF8
after claning examples/testMultiMet/testBinaryExprReduceVM1
Picked up JAVA_TOOL_OPTIONS: -Dfile.encoding=UTF8
compiling examples/testMultiMet/testBinaryExprReduceVM2
in dir /builds/workspace/astor/examples/testMultiMet/testBinaryExprReduceVM2
Picked up JAVA_TOOL_OPTIONS: -Dfile.encoding=UTF8
after claning examples/testMultiMet/testBinaryExprReduceVM2
Picked up JAVA_TOOL_OPTIONS: -Dfile.encoding=UTF8
compiling examples/testMultiMet/testBinaryExprReduceVM2b
in dir /builds/workspace/astor/examples/testMultiMet/testBinaryExprReduceVM2b
Picked up JAVA_TOOL_OPTIONS: -Dfile.encoding=UTF8
after claning examples/testMultiMet/testBinaryExprReduceVM2b
Picked up JAVA_TOOL_OPTIONS: -Dfile.encoding=UTF8
compiling examples/testMultiMet/testIfNullCheckVR
in dir /builds/workspace/astor/examples/testMultiMet/testIfNullCheckVR
Picked up JAVA_TOOL_OPTIONS: -Dfile.encoding=UTF8
after claning examples/testMultiMet/testIfNullCheckVR
Picked up JAVA_TOOL_OPTIONS: -Dfile.encoding=UTF8
compiling examples/testMultiMet/testMulti1
in dir /builds/workspace/astor/examples/testMultiMet/testMulti1
Picked up JAVA_TOOL_OPTIONS: -Dfile.encoding=UTF8
after claning examples/testMultiMet/testMulti1
Picked up JAVA_TOOL_OPTIONS: -Dfile.encoding=UTF8
compiling examples/testMultiMet/testMulti2
in dir /builds/workspace/astor/examples/testMultiMet/testMulti2
Picked up JAVA_TOOL_OPTIONS: -Dfile.encoding=UTF8
after claning examples/testMultiMet/testMulti2
Picked up JAVA_TOOL_OPTIONS: -Dfile.encoding=UTF8
compiling examples/testMultiMet/testMulti3
in dir /builds/workspace/astor/examples/testMultiMet/testMulti3
Picked up JAVA_TOOL_OPTIONS: -Dfile.encoding=UTF8
after claning examples/testMultiMet/testMulti3
Picked up JAVA_TOOL_OPTIONS: -Dfile.encoding=UTF8
compiling examples/testMultiMet/testOperatorBinary1WrongVar
in dir /builds/workspace/astor/examples/testMultiMet/testOperatorBinary1WrongVar
Picked up JAVA_TOOL_OPTIONS: -Dfile.encoding=UTF8
after claning examples/testMultiMet/testOperatorBinary1WrongVar
Picked up JAVA_TOOL_OPTIONS: -Dfile.encoding=UTF8
compiling examples/testMultiMet/testTryVR
in dir /builds/workspace/astor/examples/testMultiMet/testTryVR
Picked up JAVA_TOOL_OPTIONS: -Dfile.encoding=UTF8
after claning examples/testMultiMet/testTryVR
Picked up JAVA_TOOL_OPTIONS: -Dfile.encoding=UTF8
compiling examples/testMultiMet/testUnwrapIfVR1
in dir /builds/workspace/astor/examples/testMultiMet/testUnwrapIfVR1
Picked up JAVA_TOOL_OPTIONS: -Dfile.encoding=UTF8
after claning examples/testMultiMet/testUnwrapIfVR1
Picked up JAVA_TOOL_OPTIONS: -Dfile.encoding=UTF8
compiling examples/testMultiMet/testWMVMRcase3
in dir /builds/workspace/astor/examples/testMultiMet/testWMVMRcase3
Picked up JAVA_TOOL_OPTIONS: -Dfile.encoding=UTF8
after claning examples/testMultiMet/testWMVMRcase3
Picked up JAVA_TOOL_OPTIONS: -Dfile.encoding=UTF8
compiling ls
compiling examples/testMet/testBinaryExprReduce1
in dir /builds/workspace/astor/examples/testMet/testBinaryExprReduce1
Picked up JAVA_TOOL_OPTIONS: -Dfile.encoding=UTF8
after claning examples/testMet/testBinaryExprReduce1
Picked up JAVA_TOOL_OPTIONS: -Dfile.encoding=UTF8
compiling examples/testMet/testBinaryExprReduce2
in dir /builds/workspace/astor/examples/testMet/testBinaryExprReduce2
Picked up JAVA_TOOL_OPTIONS: -Dfile.encoding=UTF8
after claning examples/testMet/testBinaryExprReduce2
Picked up JAVA_TOOL_OPTIONS: -Dfile.encoding=UTF8
compiling examples/testMet/testConstantPerVar1
in dir /builds/workspace/astor/examples/testMet/testConstantPerVar1
Picked up JAVA_TOOL_OPTIONS: -Dfile.encoding=UTF8
after claning examples/testMet/testConstantPerVar1
Picked up JAVA_TOOL_OPTIONS: -Dfile.encoding=UTF8
compiling examples/testMet/testExprExp1
in dir /builds/workspace/astor/examples/testMet/testExprExp1
Picked up JAVA_TOOL_OPTIONS: -Dfile.encoding=UTF8
after claning examples/testMet/testExprExp1
Picked up JAVA_TOOL_OPTIONS: -Dfile.encoding=UTF8
compiling examples/testMet/testIfNullCheck1
in dir /builds/workspace/astor/examples/testMet/testIfNullCheck1
Picked up JAVA_TOOL_OPTIONS: -Dfile.encoding=UTF8
after claning examples/testMet/testIfNullCheck1
Picked up JAVA_TOOL_OPTIONS: -Dfile.encoding=UTF8
compiling examples/testMet/testIfNullCheck2
in dir /builds/workspace/astor/examples/testMet/testIfNullCheck2
Picked up JAVA_TOOL_OPTIONS: -Dfile.encoding=UTF8
after claning examples/testMet/testIfNullCheck2
Picked up JAVA_TOOL_OPTIONS: -Dfile.encoding=UTF8
compiling examples/testMet/testIfSimple1
in dir /builds/workspace/astor/examples/testMet/testIfSimple1
Picked up JAVA_TOOL_OPTIONS: -Dfile.encoding=UTF8
after claning examples/testMet/testIfSimple1
Picked up JAVA_TOOL_OPTIONS: -Dfile.encoding=UTF8
compiling examples/testMet/testMethodReplaceByVar1
in dir /builds/workspace/astor/examples/testMet/testMethodReplaceByVar1
Picked up JAVA_TOOL_OPTIONS: -Dfile.encoding=UTF8
after claning examples/testMet/testMethodReplaceByVar1
Picked up JAVA_TOOL_OPTIONS: -Dfile.encoding=UTF8
compiling examples/testMet/testOperatorBinary1
in dir /builds/workspace/astor/examples/testMet/testOperatorBinary1
Picked up JAVA_TOOL_OPTIONS: -Dfile.encoding=UTF8
after claning examples/testMet/testOperatorBinary1
Picked up JAVA_TOOL_OPTIONS: -Dfile.encoding=UTF8
compiling examples/testMet/testOperatorBinary2
in dir /builds/workspace/astor/examples/testMet/testOperatorBinary2
Picked up JAVA_TOOL_OPTIONS: -Dfile.encoding=UTF8
after claning examples/testMet/testOperatorBinary2
Picked up JAVA_TOOL_OPTIONS: -Dfile.encoding=UTF8
compiling examples/testMet/testTrySimple1
in dir /builds/workspace/astor/examples/testMet/testTrySimple1
Picked up JAVA_TOOL_OPTIONS: -Dfile.encoding=UTF8
after claning examples/testMet/testTrySimple1
Picked up JAVA_TOOL_OPTIONS: -Dfile.encoding=UTF8
compiling examples/testMet/testUnwrapIf1
in dir /builds/workspace/astor/examples/testMet/testUnwrapIf1
Picked up JAVA_TOOL_OPTIONS: -Dfile.encoding=UTF8
after claning examples/testMet/testUnwrapIf1
Picked up JAVA_TOOL_OPTIONS: -Dfile.encoding=UTF8
compiling examples/testMet/testUnwrapInvocation1
in dir /builds/workspace/astor/examples/testMet/testUnwrapInvocation1
Picked up JAVA_TOOL_OPTIONS: -Dfile.encoding=UTF8
after claning examples/testMet/testUnwrapInvocation1
Picked up JAVA_TOOL_OPTIONS: -Dfile.encoding=UTF8
compiling examples/testMet/testUnwrapTry1
in dir /builds/workspace/astor/examples/testMet/testUnwrapTry1
Picked up JAVA_TOOL_OPTIONS: -Dfile.encoding=UTF8
after claning examples/testMet/testUnwrapTry1
Picked up JAVA_TOOL_OPTIONS: -Dfile.encoding=UTF8
compiling examples/testMet/testVarReplace1
in dir /builds/workspace/astor/examples/testMet/testVarReplace1
Picked up JAVA_TOOL_OPTIONS: -Dfile.encoding=UTF8
after claning examples/testMet/testVarReplace1
Picked up JAVA_TOOL_OPTIONS: -Dfile.encoding=UTF8
compiling examples/testMet/testVarReplaceByMethod1
in dir /builds/workspace/astor/examples/testMet/testVarReplaceByMethod1
Picked up JAVA_TOOL_OPTIONS: -Dfile.encoding=UTF8
after claning examples/testMet/testVarReplaceByMethod1
Picked up JAVA_TOOL_OPTIONS: -Dfile.encoding=UTF8
compiling examples/testMet/testWMRcase1
in dir /builds/workspace/astor/examples/testMet/testWMRcase1
Picked up JAVA_TOOL_OPTIONS: -Dfile.encoding=UTF8
after claning examples/testMet/testWMRcase1
Picked up JAVA_TOOL_OPTIONS: -Dfile.encoding=UTF8
compiling examples/testMet/testWMRcase2a
in dir /builds/workspace/astor/examples/testMet/testWMRcase2a
Picked up JAVA_TOOL_OPTIONS: -Dfile.encoding=UTF8
after claning examples/testMet/testWMRcase2a
Picked up JAVA_TOOL_OPTIONS: -Dfile.encoding=UTF8
compiling examples/testMet/testWMRcase2b
in dir /builds/workspace/astor/examples/testMet/testWMRcase2b
Picked up JAVA_TOOL_OPTIONS: -Dfile.encoding=UTF8
after claning examples/testMet/testWMRcase2b
Picked up JAVA_TOOL_OPTIONS: -Dfile.encoding=UTF8
compiling examples/testMet/testWMRcase2c
in dir /builds/workspace/astor/examples/testMet/testWMRcase2c
Picked up JAVA_TOOL_OPTIONS: -Dfile.encoding=UTF8
after claning examples/testMet/testWMRcase2c
Picked up JAVA_TOOL_OPTIONS: -Dfile.encoding=UTF8
compiling examples/testMet/testWMRcase3
in dir /builds/workspace/astor/examples/testMet/testWMRcase3
Picked up JAVA_TOOL_OPTIONS: -Dfile.encoding=UTF8
after claning examples/testMet/testWMRcase3
Picked up JAVA_TOOL_OPTIONS: -Dfile.encoding=UTF8
compiling examples/math_85/
Picked up JAVA_TOOL_OPTIONS: -Dfile.encoding=UTF8
     [copy] Copying 2 files to /builds/workspace/astor/examples/math_85/target/apidocs/META-INF
compiling examples/math_70/
Picked up JAVA_TOOL_OPTIONS: -Dfile.encoding=UTF8
     [copy] Copying 2 files to /builds/workspace/astor/examples/math_70/target/apidocs/META-INF
compiling examples/Math-issue-280/
Picked up JAVA_TOOL_OPTIONS: -Dfile.encoding=UTF8
     [copy] Copying 2 files to /builds/workspace/astor/examples/Math-issue-280/target/apidocs/META-INF
compiling examples/Math-issue-288/
Picked up JAVA_TOOL_OPTIONS: -Dfile.encoding=UTF8
compiling examples/math_2/
Picked up JAVA_TOOL_OPTIONS: -Dfile.encoding=UTF8
compiling examples/math_5/
Picked up JAVA_TOOL_OPTIONS: -Dfile.encoding=UTF8
compiling examples/jsoup31be24/
Picked up JAVA_TOOL_OPTIONS: -Dfile.encoding=UTF8
compiling examples/introclass/3b2376/003/
Picked up JAVA_TOOL_OPTIONS: -Dfile.encoding=UTF8
compiling examples/math_50/
./.travis_install.sh: line 8: cd: examples/math_50/: No such file or directory
Picked up JAVA_TOOL_OPTIONS: -Dfile.encoding=UTF8
[ERROR] The goal you specified requires a project to execute but there is no POM in this directory (/builds/workspace/astor/examples/introclass). Please verify you invoked Maven from the correct directory. -> [Help 1]
[ERROR] 
[ERROR] To see the full stack trace of the errors, re-run Maven with the -e switch.
[ERROR] Re-run Maven using the -X switch to enable full debug logging.
[ERROR] 
[ERROR] For more information about the errors and possible solutions, please read the following articles:
[ERROR] [Help 1] http://cwiki.apache.org/confluence/display/MAVEN/MissingProjectException
compiling examples/math_74/
Picked up JAVA_TOOL_OPTIONS: -Dfile.encoding=UTF8
compiling examples/math_76/
Picked up JAVA_TOOL_OPTIONS: -Dfile.encoding=UTF8
compiling examples/math_106/
Picked up JAVA_TOOL_OPTIONS: -Dfile.encoding=UTF8
compiling examples/lang_63/
Picked up JAVA_TOOL_OPTIONS: -Dfile.encoding=UTF8
[ERROR] /builds/workspace/astor/examples/lang_63/src/main/java/org/apache/commons/lang/Entities.java:[63,29] unmappable character for encoding UTF-8
[ERROR] /builds/workspace/astor/examples/lang_63/src/main/java/org/apache/commons/lang/Entities.java:[68,28] unmappable character for encoding UTF-8
[ERROR] /builds/workspace/astor/examples/lang_63/src/main/java/org/apache/commons/lang/Entities.java:[86,31] unmappable character for encoding UTF-8
[ERROR] /builds/workspace/astor/examples/lang_63/src/main/java/org/apache/commons/lang/Entities.java:[87,31] unmappable character for encoding UTF-8
[ERROR] /builds/workspace/astor/examples/lang_63/src/main/java/org/apache/commons/lang/Entities.java:[88,30] unmappable character for encoding UTF-8
[ERROR] /builds/workspace/astor/examples/lang_63/src/main/java/org/apache/commons/lang/Entities.java:[89,31] unmappable character for encoding UTF-8
[ERROR] /builds/workspace/astor/examples/lang_63/src/main/java/org/apache/commons/lang/Entities.java:[90,29] unmappable character for encoding UTF-8
[ERROR] /builds/workspace/astor/examples/lang_63/src/main/java/org/apache/commons/lang/Entities.java:[91,30] unmappable character for encoding UTF-8
[ERROR] /builds/workspace/astor/examples/lang_63/src/main/java/org/apache/commons/lang/Entities.java:[92,30] unmappable character for encoding UTF-8
[ERROR] /builds/workspace/astor/examples/lang_63/src/main/java/org/apache/commons/lang/Entities.java:[93,31] unmappable character for encoding UTF-8
[ERROR] /builds/workspace/astor/examples/lang_63/src/main/java/org/apache/commons/lang/Entities.java:[94,31] unmappable character for encoding UTF-8
[ERROR] /builds/workspace/astor/examples/lang_63/src/main/java/org/apache/commons/lang/Entities.java:[95,31] unmappable character for encoding UTF-8
[ERROR] /builds/workspace/astor/examples/lang_63/src/main/java/org/apache/commons/lang/Entities.java:[96,30] unmappable character for encoding UTF-8
[ERROR] /builds/workspace/astor/examples/lang_63/src/main/java/org/apache/commons/lang/Entities.java:[97,29] unmappable character for encoding UTF-8
[ERROR] /builds/workspace/astor/examples/lang_63/src/main/java/org/apache/commons/lang/Entities.java:[98,31] unmappable character for encoding UTF-8
[ERROR] /builds/workspace/astor/examples/lang_63/src/main/java/org/apache/commons/lang/Entities.java:[99,31] unmappable character for encoding UTF-8
[ERROR] /builds/workspace/astor/examples/lang_63/src/main/java/org/apache/commons/lang/Entities.java:[100,30] unmappable character for encoding UTF-8
[ERROR] /builds/workspace/astor/examples/lang_63/src/main/java/org/apache/commons/lang/Entities.java:[101,29] unmappable character for encoding UTF-8
[ERROR] /builds/workspace/astor/examples/lang_63/src/main/java/org/apache/commons/lang/Entities.java:[102,28] unmappable character for encoding UTF-8
[ERROR] /builds/workspace/astor/examples/lang_63/src/main/java/org/apache/commons/lang/Entities.java:[103,31] unmappable character for encoding UTF-8
[ERROR] /builds/workspace/astor/examples/lang_63/src/main/java/org/apache/commons/lang/Entities.java:[104,31] unmappable character for encoding UTF-8
[ERROR] /builds/workspace/astor/examples/lang_63/src/main/java/org/apache/commons/lang/Entities.java:[105,31] unmappable character for encoding UTF-8
[ERROR] /builds/workspace/astor/examples/lang_63/src/main/java/org/apache/commons/lang/Entities.java:[106,30] unmappable character for encoding UTF-8
[ERROR] /builds/workspace/astor/examples/lang_63/src/main/java/org/apache/commons/lang/Entities.java:[107,31] unmappable character for encoding UTF-8
[ERROR] /builds/workspace/astor/examples/lang_63/src/main/java/org/apache/commons/lang/Entities.java:[108,29] unmappable character for encoding UTF-8
[ERROR] /builds/workspace/astor/examples/lang_63/src/main/java/org/apache/commons/lang/Entities.java:[110,31] unmappable character for encoding UTF-8
[ERROR] /builds/workspace/astor/examples/lang_63/src/main/java/org/apache/commons/lang/Entities.java:[111,31] unmappable character for encoding UTF-8
[ERROR] /builds/workspace/astor/examples/lang_63/src/main/java/org/apache/commons/lang/Entities.java:[112,31] unmappable character for encoding UTF-8
[ERROR] /builds/workspace/astor/examples/lang_63/src/main/java/org/apache/commons/lang/Entities.java:[113,30] unmappable character for encoding UTF-8
[ERROR] /builds/workspace/astor/examples/lang_63/src/main/java/org/apache/commons/lang/Entities.java:[114,29] unmappable character for encoding UTF-8
[ERROR] /builds/workspace/astor/examples/lang_63/src/main/java/org/apache/commons/lang/Entities.java:[115,31] unmappable character for encoding UTF-8
[ERROR] /builds/workspace/astor/examples/lang_63/src/main/java/org/apache/commons/lang/Entities.java:[116,30] unmappable character for encoding UTF-8
[ERROR] /builds/workspace/astor/examples/lang_63/src/main/java/org/apache/commons/lang/Entities.java:[117,30] unmappable character for encoding UTF-8
[ERROR] /builds/workspace/astor/examples/lang_63/src/main/java/org/apache/commons/lang/Entities.java:[118,31] unmappable character for encoding UTF-8
[ERROR] /builds/workspace/astor/examples/lang_63/src/main/java/org/apache/commons/lang/Entities.java:[119,31] unmappable character for encoding UTF-8
[ERROR] /builds/workspace/astor/examples/lang_63/src/main/java/org/apache/commons/lang/Entities.java:[120,30] unmappable character for encoding UTF-8
[ERROR] /builds/workspace/astor/examples/lang_63/src/main/java/org/apache/commons/lang/Entities.java:[121,31] unmappable character for encoding UTF-8
[ERROR] /builds/workspace/astor/examples/lang_63/src/main/java/org/apache/commons/lang/Entities.java:[122,29] unmappable character for encoding UTF-8
[ERROR] /builds/workspace/astor/examples/lang_63/src/main/java/org/apache/commons/lang/Entities.java:[123,30] unmappable character for encoding UTF-8
[ERROR] /builds/workspace/astor/examples/lang_63/src/main/java/org/apache/commons/lang/Entities.java:[124,30] unmappable character for encoding UTF-8
[ERROR] /builds/workspace/astor/examples/lang_63/src/main/java/org/apache/commons/lang/Entities.java:[125,31] unmappable character for encoding UTF-8
[ERROR] /builds/workspace/astor/examples/lang_63/src/main/java/org/apache/commons/lang/Entities.java:[126,31] unmappable character for encoding UTF-8
[ERROR] /builds/workspace/astor/examples/lang_63/src/main/java/org/apache/commons/lang/Entities.java:[127,31] unmappable character for encoding UTF-8
[ERROR] /builds/workspace/astor/examples/lang_63/src/main/java/org/apache/commons/lang/Entities.java:[128,30] unmappable character for encoding UTF-8
[ERROR] /builds/workspace/astor/examples/lang_63/src/main/java/org/apache/commons/lang/Entities.java:[129,29] unmappable character for encoding UTF-8
[ERROR] /builds/workspace/astor/examples/lang_63/src/main/java/org/apache/commons/lang/Entities.java:[130,31] unmappable character for encoding UTF-8
[ERROR] /builds/workspace/astor/examples/lang_63/src/main/java/org/apache/commons/lang/Entities.java:[131,31] unmappable character for encoding UTF-8
[ERROR] /builds/workspace/astor/examples/lang_63/src/main/java/org/apache/commons/lang/Entities.java:[132,30] unmappable character for encoding UTF-8
[ERROR] /builds/workspace/astor/examples/lang_63/src/main/java/org/apache/commons/lang/Entities.java:[133,29] unmappable character for encoding UTF-8
[ERROR] /builds/workspace/astor/examples/lang_63/src/main/java/org/apache/commons/lang/Entities.java:[134,28] unmappable character for encoding UTF-8
[ERROR] /builds/workspace/astor/examples/lang_63/src/main/java/org/apache/commons/lang/Entities.java:[135,31] unmappable character for encoding UTF-8
[ERROR] /builds/workspace/astor/examples/lang_63/src/main/java/org/apache/commons/lang/Entities.java:[136,31] unmappable character for encoding UTF-8
[ERROR] /builds/workspace/astor/examples/lang_63/src/main/java/org/apache/commons/lang/Entities.java:[137,31] unmappable character for encoding UTF-8
[ERROR] /builds/workspace/astor/examples/lang_63/src/main/java/org/apache/commons/lang/Entities.java:[138,30] unmappable character for encoding UTF-8
[ERROR] /builds/workspace/astor/examples/lang_63/src/main/java/org/apache/commons/lang/Entities.java:[139,31] unmappable character for encoding UTF-8
[ERROR] /builds/workspace/astor/examples/lang_63/src/main/java/org/apache/commons/lang/Entities.java:[140,29] unmappable character for encoding UTF-8
[ERROR] /builds/workspace/astor/examples/lang_63/src/main/java/org/apache/commons/lang/Entities.java:[142,31] unmappable character for encoding UTF-8
[ERROR] /builds/workspace/astor/examples/lang_63/src/main/java/org/apache/commons/lang/Entities.java:[143,31] unmappable character for encoding UTF-8
[ERROR] /builds/workspace/astor/examples/lang_63/src/main/java/org/apache/commons/lang/Entities.java:[144,31] unmappable character for encoding UTF-8
[ERROR] /builds/workspace/astor/examples/lang_63/src/main/java/org/apache/commons/lang/Entities.java:[145,30] unmappable character for encoding UTF-8
[ERROR] /builds/workspace/astor/examples/lang_63/src/main/java/org/apache/commons/lang/Entities.java:[146,29] unmappable character for encoding UTF-8
[ERROR] /builds/workspace/astor/examples/lang_63/src/main/java/org/apache/commons/lang/Entities.java:[147,31] unmappable character for encoding UTF-8
[ERROR] /builds/workspace/astor/examples/lang_63/src/main/java/org/apache/commons/lang/Entities.java:[148,30] unmappable character for encoding UTF-8
[ERROR] /builds/workspace/astor/examples/lang_63/src/main/java/org/apache/commons/lang/Entities.java:[149,29] unmappable character for encoding UTF-8
compiling examples/lang_39/
Picked up JAVA_TOOL_OPTIONS: -Dfile.encoding=UTF8
compiling examples/lang_1/
Picked up JAVA_TOOL_OPTIONS: -Dfile.encoding=UTF8
[ERROR] COMPILATION ERROR : 
[ERROR] /builds/workspace/astor/examples/lang_1/src/test/java/org/apache/commons/lang3/reflect/TypeUtilsTest.java:[524,47] incompatible types: inferred type does not conform to upper bound(s)
    inferred: G
    upper bound(s): java.lang.Comparable<G>,java.lang.Integer
[ERROR] Failed to execute goal org.apache.maven.plugins:maven-compiler-plugin:3.0:testCompile (default-testCompile) on project commons-lang3: Compilation failure
[ERROR] /builds/workspace/astor/examples/lang_1/src/test/java/org/apache/commons/lang3/reflect/TypeUtilsTest.java:[524,47] incompatible types: inferred type does not conform to upper bound(s)
[ERROR] inferred: G
[ERROR] upper bound(s): java.lang.Comparable<G>,java.lang.Integer
[ERROR] -> [Help 1]
[ERROR] 
[ERROR] To see the full stack trace of the errors, re-run Maven with the -e switch.
[ERROR] Re-run Maven using the -X switch to enable full debug logging.
[ERROR] 
[ERROR] For more information about the errors and possible solutions, please read the following articles:
[ERROR] [Help 1] http://cwiki.apache.org/confluence/display/MAVEN/MojoFailureException
compiling examples/lang_55/
Picked up JAVA_TOOL_OPTIONS: -Dfile.encoding=UTF8
[ERROR] COMPILATION ERROR : 
[ERROR] /builds/workspace/astor/examples/lang_55/src/java/org/apache/commons/lang/enum/Enum.java:[17,33] as of release 5, 'enum' is a keyword, and may not be used as an identifier
  (use -source 1.4 or lower to use 'enum' as an identifier)
[ERROR] /builds/workspace/astor/examples/lang_55/src/java/org/apache/commons/lang/enum/ValuedEnum.java:[17,33] as of release 5, 'enum' is a keyword, and may not be used as an identifier
  (use -source 1.4 or lower to use 'enum' as an identifier)
[ERROR] /builds/workspace/astor/examples/lang_55/src/java/org/apache/commons/lang/enum/EnumUtils.java:[17,33] as of release 5, 'enum' is a keyword, and may not be used as an identifier
  (use -source 1.4 or lower to use 'enum' as an identifier)
[ERROR] /builds/workspace/astor/examples/lang_55/src/java/org/apache/commons/lang/Entities.java:[64,29] unmappable character for encoding UTF8
[ERROR] /builds/workspace/astor/examples/lang_55/src/java/org/apache/commons/lang/Entities.java:[69,28] unmappable character for encoding UTF8
[ERROR] /builds/workspace/astor/examples/lang_55/src/java/org/apache/commons/lang/Entities.java:[87,31] unmappable character for encoding UTF8
[ERROR] /builds/workspace/astor/examples/lang_55/src/java/org/apache/commons/lang/Entities.java:[88,31] unmappable character for encoding UTF8
[ERROR] /builds/workspace/astor/examples/lang_55/src/java/org/apache/commons/lang/Entities.java:[89,30] unmappable character for encoding UTF8
[ERROR] /builds/workspace/astor/examples/lang_55/src/java/org/apache/commons/lang/Entities.java:[90,31] unmappable character for encoding UTF8
[ERROR] /builds/workspace/astor/examples/lang_55/src/java/org/apache/commons/lang/Entities.java:[91,29] unmappable character for encoding UTF8
[ERROR] /builds/workspace/astor/examples/lang_55/src/java/org/apache/commons/lang/Entities.java:[92,30] unmappable character for encoding UTF8
[ERROR] /builds/workspace/astor/examples/lang_55/src/java/org/apache/commons/lang/Entities.java:[93,30] unmappable character for encoding UTF8
[ERROR] /builds/workspace/astor/examples/lang_55/src/java/org/apache/commons/lang/Entities.java:[94,31] unmappable character for encoding UTF8
[ERROR] /builds/workspace/astor/examples/lang_55/src/java/org/apache/commons/lang/Entities.java:[95,31] unmappable character for encoding UTF8
[ERROR] /builds/workspace/astor/examples/lang_55/src/java/org/apache/commons/lang/Entities.java:[96,31] unmappable character for encoding UTF8
[ERROR] /builds/workspace/astor/examples/lang_55/src/java/org/apache/commons/lang/Entities.java:[97,30] unmappable character for encoding UTF8
[ERROR] /builds/workspace/astor/examples/lang_55/src/java/org/apache/commons/lang/Entities.java:[98,29] unmappable character for encoding UTF8
[ERROR] /builds/workspace/astor/examples/lang_55/src/java/org/apache/commons/lang/Entities.java:[99,31] unmappable character for encoding UTF8
[ERROR] /builds/workspace/astor/examples/lang_55/src/java/org/apache/commons/lang/Entities.java:[100,31] unmappable character for encoding UTF8
[ERROR] /builds/workspace/astor/examples/lang_55/src/java/org/apache/commons/lang/Entities.java:[101,30] unmappable character for encoding UTF8
[ERROR] /builds/workspace/astor/examples/lang_55/src/java/org/apache/commons/lang/Entities.java:[102,29] unmappable character for encoding UTF8
[ERROR] /builds/workspace/astor/examples/lang_55/src/java/org/apache/commons/lang/Entities.java:[103,28] unmappable character for encoding UTF8
[ERROR] /builds/workspace/astor/examples/lang_55/src/java/org/apache/commons/lang/Entities.java:[104,31] unmappable character for encoding UTF8
[ERROR] /builds/workspace/astor/examples/lang_55/src/java/org/apache/commons/lang/Entities.java:[105,31] unmappable character for encoding UTF8
[ERROR] /builds/workspace/astor/examples/lang_55/src/java/org/apache/commons/lang/Entities.java:[106,31] unmappable character for encoding UTF8
[ERROR] /builds/workspace/astor/examples/lang_55/src/java/org/apache/commons/lang/Entities.java:[107,30] unmappable character for encoding UTF8
[ERROR] /builds/workspace/astor/examples/lang_55/src/java/org/apache/commons/lang/Entities.java:[108,31] unmappable character for encoding UTF8
[ERROR] /builds/workspace/astor/examples/lang_55/src/java/org/apache/commons/lang/Entities.java:[109,29] unmappable character for encoding UTF8
[ERROR] /builds/workspace/astor/examples/lang_55/src/java/org/apache/commons/lang/Entities.java:[111,31] unmappable character for encoding UTF8
[ERROR] /builds/workspace/astor/examples/lang_55/src/java/org/apache/commons/lang/Entities.java:[112,31] unmappable character for encoding UTF8
[ERROR] /builds/workspace/astor/examples/lang_55/src/java/org/apache/commons/lang/Entities.java:[113,31] unmappable character for encoding UTF8
[ERROR] /builds/workspace/astor/examples/lang_55/src/java/org/apache/commons/lang/Entities.java:[114,30] unmappable character for encoding UTF8
[ERROR] /builds/workspace/astor/examples/lang_55/src/java/org/apache/commons/lang/Entities.java:[115,29] unmappable character for encoding UTF8
[ERROR] /builds/workspace/astor/examples/lang_55/src/java/org/apache/commons/lang/Entities.java:[116,31] unmappable character for encoding UTF8
[ERROR] /builds/workspace/astor/examples/lang_55/src/java/org/apache/commons/lang/Entities.java:[117,30] unmappable character for encoding UTF8
[ERROR] /builds/workspace/astor/examples/lang_55/src/java/org/apache/commons/lang/Entities.java:[118,30] unmappable character for encoding UTF8
[ERROR] /builds/workspace/astor/examples/lang_55/src/java/org/apache/commons/lang/Entities.java:[119,31] unmappable character for encoding UTF8
[ERROR] /builds/workspace/astor/examples/lang_55/src/java/org/apache/commons/lang/Entities.java:[120,31] unmappable character for encoding UTF8
[ERROR] /builds/workspace/astor/examples/lang_55/src/java/org/apache/commons/lang/Entities.java:[121,30] unmappable character for encoding UTF8
[ERROR] /builds/workspace/astor/examples/lang_55/src/java/org/apache/commons/lang/Entities.java:[122,31] unmappable character for encoding UTF8
[ERROR] /builds/workspace/astor/examples/lang_55/src/java/org/apache/commons/lang/Entities.java:[123,29] unmappable character for encoding UTF8
[ERROR] /builds/workspace/astor/examples/lang_55/src/java/org/apache/commons/lang/Entities.java:[124,30] unmappable character for encoding UTF8
[ERROR] /builds/workspace/astor/examples/lang_55/src/java/org/apache/commons/lang/Entities.java:[125,30] unmappable character for encoding UTF8
[ERROR] /builds/workspace/astor/examples/lang_55/src/java/org/apache/commons/lang/Entities.java:[126,31] unmappable character for encoding UTF8
[ERROR] /builds/workspace/astor/examples/lang_55/src/java/org/apache/commons/lang/Entities.java:[127,31] unmappable character for encoding UTF8
[ERROR] /builds/workspace/astor/examples/lang_55/src/java/org/apache/commons/lang/Entities.java:[128,31] unmappable character for encoding UTF8
[ERROR] /builds/workspace/astor/examples/lang_55/src/java/org/apache/commons/lang/Entities.java:[129,30] unmappable character for encoding UTF8
[ERROR] /builds/workspace/astor/examples/lang_55/src/java/org/apache/commons/lang/Entities.java:[130,29] unmappable character for encoding UTF8
[ERROR] /builds/workspace/astor/examples/lang_55/src/java/org/apache/commons/lang/Entities.java:[131,31] unmappable character for encoding UTF8
[ERROR] /builds/workspace/astor/examples/lang_55/src/java/org/apache/commons/lang/Entities.java:[132,31] unmappable character for encoding UTF8
[ERROR] /builds/workspace/astor/examples/lang_55/src/java/org/apache/commons/lang/Entities.java:[133,30] unmappable character for encoding UTF8
[ERROR] /builds/workspace/astor/examples/lang_55/src/java/org/apache/commons/lang/Entities.java:[134,29] unmappable character for encoding UTF8
[ERROR] /builds/workspace/astor/examples/lang_55/src/java/org/apache/commons/lang/Entities.java:[135,28] unmappable character for encoding UTF8
[ERROR] /builds/workspace/astor/examples/lang_55/src/java/org/apache/commons/lang/Entities.java:[136,31] unmappable character for encoding UTF8
[ERROR] /builds/workspace/astor/examples/lang_55/src/java/org/apache/commons/lang/Entities.java:[137,31] unmappable character for encoding UTF8
[ERROR] /builds/workspace/astor/examples/lang_55/src/java/org/apache/commons/lang/Entities.java:[138,31] unmappable character for encoding UTF8
[ERROR] /builds/workspace/astor/examples/lang_55/src/java/org/apache/commons/lang/Entities.java:[139,30] unmappable character for encoding UTF8
[ERROR] /builds/workspace/astor/examples/lang_55/src/java/org/apache/commons/lang/Entities.java:[140,31] unmappable character for encoding UTF8
[ERROR] /builds/workspace/astor/examples/lang_55/src/java/org/apache/commons/lang/Entities.java:[141,29] unmappable character for encoding UTF8
[ERROR] /builds/workspace/astor/examples/lang_55/src/java/org/apache/commons/lang/Entities.java:[143,31] unmappable character for encoding UTF8
[ERROR] /builds/workspace/astor/examples/lang_55/src/java/org/apache/commons/lang/Entities.java:[144,31] unmappable character for encoding UTF8
[ERROR] /builds/workspace/astor/examples/lang_55/src/java/org/apache/commons/lang/Entities.java:[145,31] unmappable character for encoding UTF8
[ERROR] /builds/workspace/astor/examples/lang_55/src/java/org/apache/commons/lang/Entities.java:[146,30] unmappable character for encoding UTF8
[ERROR] /builds/workspace/astor/examples/lang_55/src/java/org/apache/commons/lang/Entities.java:[147,29] unmappable character for encoding UTF8
[ERROR] /builds/workspace/astor/examples/lang_55/src/java/org/apache/commons/lang/Entities.java:[148,31] unmappable character for encoding UTF8
[ERROR] /builds/workspace/astor/examples/lang_55/src/java/org/apache/commons/lang/Entities.java:[149,30] unmappable character for encoding UTF8
[ERROR] /builds/workspace/astor/examples/lang_55/src/java/org/apache/commons/lang/Entities.java:[150,29] unmappable character for encoding UTF8
[ERROR] Failed to execute goal org.apache.maven.plugins:maven-compiler-plugin:3.2:compile (default-compile) on project commons-lang: Compilation failure: Compilation failure:
[ERROR] /builds/workspace/astor/examples/lang_55/src/java/org/apache/commons/lang/enum/Enum.java:[17,33] as of release 5, 'enum' is a keyword, and may not be used as an identifier
[ERROR] (use -source 1.4 or lower to use 'enum' as an identifier)
[ERROR] /builds/workspace/astor/examples/lang_55/src/java/org/apache/commons/lang/enum/ValuedEnum.java:[17,33] as of release 5, 'enum' is a keyword, and may not be used as an identifier
[ERROR] (use -source 1.4 or lower to use 'enum' as an identifier)
[ERROR] /builds/workspace/astor/examples/lang_55/src/java/org/apache/commons/lang/enum/EnumUtils.java:[17,33] as of release 5, 'enum' is a keyword, and may not be used as an identifier
[ERROR] (use -source 1.4 or lower to use 'enum' as an identifier)
[ERROR] /builds/workspace/astor/examples/lang_55/src/java/org/apache/commons/lang/Entities.java:[64,29] unmappable character for encoding UTF8
[ERROR] /builds/workspace/astor/examples/lang_55/src/java/org/apache/commons/lang/Entities.java:[69,28] unmappable character for encoding UTF8
[ERROR] /builds/workspace/astor/examples/lang_55/src/java/org/apache/commons/lang/Entities.java:[87,31] unmappable character for encoding UTF8
[ERROR] /builds/workspace/astor/examples/lang_55/src/java/org/apache/commons/lang/Entities.java:[88,31] unmappable character for encoding UTF8
[ERROR] /builds/workspace/astor/examples/lang_55/src/java/org/apache/commons/lang/Entities.java:[89,30] unmappable character for encoding UTF8
[ERROR] /builds/workspace/astor/examples/lang_55/src/java/org/apache/commons/lang/Entities.java:[90,31] unmappable character for encoding UTF8
[ERROR] /builds/workspace/astor/examples/lang_55/src/java/org/apache/commons/lang/Entities.java:[91,29] unmappable character for encoding UTF8
[ERROR] /builds/workspace/astor/examples/lang_55/src/java/org/apache/commons/lang/Entities.java:[92,30] unmappable character for encoding UTF8
[ERROR] /builds/workspace/astor/examples/lang_55/src/java/org/apache/commons/lang/Entities.java:[93,30] unmappable character for encoding UTF8
[ERROR] /builds/workspace/astor/examples/lang_55/src/java/org/apache/commons/lang/Entities.java:[94,31] unmappable character for encoding UTF8
[ERROR] /builds/workspace/astor/examples/lang_55/src/java/org/apache/commons/lang/Entities.java:[95,31] unmappable character for encoding UTF8
[ERROR] /builds/workspace/astor/examples/lang_55/src/java/org/apache/commons/lang/Entities.java:[96,31] unmappable character for encoding UTF8
[ERROR] /builds/workspace/astor/examples/lang_55/src/java/org/apache/commons/lang/Entities.java:[97,30] unmappable character for encoding UTF8
[ERROR] /builds/workspace/astor/examples/lang_55/src/java/org/apache/commons/lang/Entities.java:[98,29] unmappable character for encoding UTF8
[ERROR] /builds/workspace/astor/examples/lang_55/src/java/org/apache/commons/lang/Entities.java:[99,31] unmappable character for encoding UTF8
[ERROR] /builds/workspace/astor/examples/lang_55/src/java/org/apache/commons/lang/Entities.java:[100,31] unmappable character for encoding UTF8
[ERROR] /builds/workspace/astor/examples/lang_55/src/java/org/apache/commons/lang/Entities.java:[101,30] unmappable character for encoding UTF8
[ERROR] /builds/workspace/astor/examples/lang_55/src/java/org/apache/commons/lang/Entities.java:[102,29] unmappable character for encoding UTF8
[ERROR] /builds/workspace/astor/examples/lang_55/src/java/org/apache/commons/lang/Entities.java:[103,28] unmappable character for encoding UTF8
[ERROR] /builds/workspace/astor/examples/lang_55/src/java/org/apache/commons/lang/Entities.java:[104,31] unmappable character for encoding UTF8
[ERROR] /builds/workspace/astor/examples/lang_55/src/java/org/apache/commons/lang/Entities.java:[105,31] unmappable character for encoding UTF8
[ERROR] /builds/workspace/astor/examples/lang_55/src/java/org/apache/commons/lang/Entities.java:[106,31] unmappable character for encoding UTF8
[ERROR] /builds/workspace/astor/examples/lang_55/src/java/org/apache/commons/lang/Entities.java:[107,30] unmappable character for encoding UTF8
[ERROR] /builds/workspace/astor/examples/lang_55/src/java/org/apache/commons/lang/Entities.java:[108,31] unmappable character for encoding UTF8
[ERROR] /builds/workspace/astor/examples/lang_55/src/java/org/apache/commons/lang/Entities.java:[109,29] unmappable character for encoding UTF8
[ERROR] /builds/workspace/astor/examples/lang_55/src/java/org/apache/commons/lang/Entities.java:[111,31] unmappable character for encoding UTF8
[ERROR] /builds/workspace/astor/examples/lang_55/src/java/org/apache/commons/lang/Entities.java:[112,31] unmappable character for encoding UTF8
[ERROR] /builds/workspace/astor/examples/lang_55/src/java/org/apache/commons/lang/Entities.java:[113,31] unmappable character for encoding UTF8
[ERROR] /builds/workspace/astor/examples/lang_55/src/java/org/apache/commons/lang/Entities.java:[114,30] unmappable character for encoding UTF8
[ERROR] /builds/workspace/astor/examples/lang_55/src/java/org/apache/commons/lang/Entities.java:[115,29] unmappable character for encoding UTF8
[ERROR] /builds/workspace/astor/examples/lang_55/src/java/org/apache/commons/lang/Entities.java:[116,31] unmappable character for encoding UTF8
[ERROR] /builds/workspace/astor/examples/lang_55/src/java/org/apache/commons/lang/Entities.java:[117,30] unmappable character for encoding UTF8
[ERROR] /builds/workspace/astor/examples/lang_55/src/java/org/apache/commons/lang/Entities.java:[118,30] unmappable character for encoding UTF8
[ERROR] /builds/workspace/astor/examples/lang_55/src/java/org/apache/commons/lang/Entities.java:[119,31] unmappable character for encoding UTF8
[ERROR] /builds/workspace/astor/examples/lang_55/src/java/org/apache/commons/lang/Entities.java:[120,31] unmappable character for encoding UTF8
[ERROR] /builds/workspace/astor/examples/lang_55/src/java/org/apache/commons/lang/Entities.java:[121,30] unmappable character for encoding UTF8
[ERROR] /builds/workspace/astor/examples/lang_55/src/java/org/apache/commons/lang/Entities.java:[122,31] unmappable character for encoding UTF8
[ERROR] /builds/workspace/astor/examples/lang_55/src/java/org/apache/commons/lang/Entities.java:[123,29] unmappable character for encoding UTF8
[ERROR] /builds/workspace/astor/examples/lang_55/src/java/org/apache/commons/lang/Entities.java:[124,30] unmappable character for encoding UTF8
[ERROR] /builds/workspace/astor/examples/lang_55/src/java/org/apache/commons/lang/Entities.java:[125,30] unmappable character for encoding UTF8
[ERROR] /builds/workspace/astor/examples/lang_55/src/java/org/apache/commons/lang/Entities.java:[126,31] unmappable character for encoding UTF8
[ERROR] /builds/workspace/astor/examples/lang_55/src/java/org/apache/commons/lang/Entities.java:[127,31] unmappable character for encoding UTF8
[ERROR] /builds/workspace/astor/examples/lang_55/src/java/org/apache/commons/lang/Entities.java:[128,31] unmappable character for encoding UTF8
[ERROR] /builds/workspace/astor/examples/lang_55/src/java/org/apache/commons/lang/Entities.java:[129,30] unmappable character for encoding UTF8
[ERROR] /builds/workspace/astor/examples/lang_55/src/java/org/apache/commons/lang/Entities.java:[130,29] unmappable character for encoding UTF8
[ERROR] /builds/workspace/astor/examples/lang_55/src/java/org/apache/commons/lang/Entities.java:[131,31] unmappable character for encoding UTF8
[ERROR] /builds/workspace/astor/examples/lang_55/src/java/org/apache/commons/lang/Entities.java:[132,31] unmappable character for encoding UTF8
[ERROR] /builds/workspace/astor/examples/lang_55/src/java/org/apache/commons/lang/Entities.java:[133,30] unmappable character for encoding UTF8
[ERROR] /builds/workspace/astor/examples/lang_55/src/java/org/apache/commons/lang/Entities.java:[134,29] unmappable character for encoding UTF8
[ERROR] /builds/workspace/astor/examples/lang_55/src/java/org/apache/commons/lang/Entities.java:[135,28] unmappable character for encoding UTF8
[ERROR] /builds/workspace/astor/examples/lang_55/src/java/org/apache/commons/lang/Entities.java:[136,31] unmappable character for encoding UTF8
[ERROR] /builds/workspace/astor/examples/lang_55/src/java/org/apache/commons/lang/Entities.java:[137,31] unmappable character for encoding UTF8
[ERROR] /builds/workspace/astor/examples/lang_55/src/java/org/apache/commons/lang/Entities.java:[138,31] unmappable character for encoding UTF8
[ERROR] /builds/workspace/astor/examples/lang_55/src/java/org/apache/commons/lang/Entities.java:[139,30] unmappable character for encoding UTF8
[ERROR] /builds/workspace/astor/examples/lang_55/src/java/org/apache/commons/lang/Entities.java:[140,31] unmappable character for encoding UTF8
[ERROR] /builds/workspace/astor/examples/lang_55/src/java/org/apache/commons/lang/Entities.java:[141,29] unmappable character for encoding UTF8
[ERROR] /builds/workspace/astor/examples/lang_55/src/java/org/apache/commons/lang/Entities.java:[143,31] unmappable character for encoding UTF8
[ERROR] /builds/workspace/astor/examples/lang_55/src/java/org/apache/commons/lang/Entities.java:[144,31] unmappable character for encoding UTF8
[ERROR] /builds/workspace/astor/examples/lang_55/src/java/org/apache/commons/lang/Entities.java:[145,31] unmappable character for encoding UTF8
[ERROR] /builds/workspace/astor/examples/lang_55/src/java/org/apache/commons/lang/Entities.java:[146,30] unmappable character for encoding UTF8
[ERROR] /builds/workspace/astor/examples/lang_55/src/java/org/apache/commons/lang/Entities.java:[147,29] unmappable character for encoding UTF8
[ERROR] /builds/workspace/astor/examples/lang_55/src/java/org/apache/commons/lang/Entities.java:[148,31] unmappable character for encoding UTF8
[ERROR] /builds/workspace/astor/examples/lang_55/src/java/org/apache/commons/lang/Entities.java:[149,30] unmappable character for encoding UTF8
[ERROR] /builds/workspace/astor/examples/lang_55/src/java/org/apache/commons/lang/Entities.java:[150,29] unmappable character for encoding UTF8
[ERROR] -> [Help 1]
[ERROR] 
[ERROR] To see the full stack trace of the errors, re-run Maven with the -e switch.
[ERROR] Re-run Maven using the -X switch to enable full debug logging.
[ERROR] 
[ERROR] For more information about the errors and possible solutions, please read the following articles:
[ERROR] [Help 1] http://cwiki.apache.org/confluence/display/MAVEN/MojoFailureException
compiling examples/math_57/
Picked up JAVA_TOOL_OPTIONS: -Dfile.encoding=UTF8
compiling examples/math_70_modified/
Picked up JAVA_TOOL_OPTIONS: -Dfile.encoding=UTF8
compiling examples/lang_7/
Picked up JAVA_TOOL_OPTIONS: -Dfile.encoding=UTF8
[ERROR] COMPILATION ERROR : 
[ERROR] /builds/workspace/astor/examples/lang_7/src/test/java/org/apache/commons/lang3/reflect/TypeUtilsTest.java:[514,40] error: incompatible types: inferred type does not conform to upper bound(s)
[ERROR] Failed to execute goal org.apache.maven.plugins:maven-compiler-plugin:2.5.1:testCompile (default-testCompile) on project commons-lang3: Compilation failure
[ERROR] /builds/workspace/astor/examples/lang_7/src/test/java/org/apache/commons/lang3/reflect/TypeUtilsTest.java:[514,40] error: incompatible types: inferred type does not conform to upper bound(s)
[ERROR] -> [Help 1]
[ERROR] 
[ERROR] To see the full stack trace of the errors, re-run Maven with the -e switch.
[ERROR] Re-run Maven using the -X switch to enable full debug logging.
[ERROR] 
[ERROR] For more information about the errors and possible solutions, please read the following articles:
[ERROR] [Help 1] http://cwiki.apache.org/confluence/display/MAVEN/MojoFailureException
compiling examples/issues/LeapYearIssue196/
Picked up JAVA_TOOL_OPTIONS: -Dfile.encoding=UTF8
compiling examples/issues/LeapYearIssue196-bis/
Picked up JAVA_TOOL_OPTIONS: -Dfile.encoding=UTF8
+ mvn clean
Picked up JAVA_TOOL_OPTIONS: -Dfile.encoding=UTF8
[INFO] Scanning for projects...
[WARNING] 
[WARNING] Some problems were encountered while building the effective model for org.inria.sacha.automaticRepair:astor:jar:1.0.0-SNAPSHOT
[WARNING] 'build.plugins.plugin.(groupId:artifactId)' must be unique but found duplicate declaration of plugin org.apache.maven.plugins:maven-surefire-plugin @ line 290, column 12
[WARNING] 'build.plugins.plugin.version' for org.codehaus.mojo:build-helper-maven-plugin is missing. @ line 265, column 12
[WARNING] 'dependencies.dependency.exclusions.exclusion.groupId' for fr.inria.gforge.spoon:spoon-core:jar is missing. @ line 47, column 15
[WARNING] 'dependencies.dependency.exclusions.exclusion.artifactId' for fr.inria.gforge.spoon:spoon-core:jar with value '/src/main/resources/log4j.properties' does not match a valid id pattern. @ line 48, column 18
[WARNING] 'repositories.repository.id' must not contain any of these characters \/:"<>|?* but found / @ line 154, column 8
[WARNING] 
[WARNING] It is highly recommended to fix these problems because they threaten the stability of your build.
[WARNING] 
[WARNING] For this reason, future Maven versions might no longer support building such malformed projects.
[WARNING] 
[INFO]                                                                         
[INFO] ------------------------------------------------------------------------
[INFO] Building astor 1.0.0-SNAPSHOT
[INFO] ------------------------------------------------------------------------
[INFO] 
[INFO] --- maven-clean-plugin:3.0.0:clean (default-clean) @ astor ---
[INFO] ------------------------------------------------------------------------
[INFO] BUILD SUCCESS
[INFO] ------------------------------------------------------------------------
[INFO] Total time: 0.771 s
[INFO] Finished at: 2019-12-08T12:31:45+01:00
[INFO] Final Memory: 12M/94M
[INFO] ------------------------------------------------------------------------
+ mvn versions:use-latest-versions -DallowSnapshots=true -Dincludes=fr.inria.gforge.spoon
Picked up JAVA_TOOL_OPTIONS: -Dfile.encoding=UTF8
[INFO] Scanning for projects...
[WARNING] 
[WARNING] Some problems were encountered while building the effective model for org.inria.sacha.automaticRepair:astor:jar:1.0.0-SNAPSHOT
[WARNING] 'build.plugins.plugin.(groupId:artifactId)' must be unique but found duplicate declaration of plugin org.apache.maven.plugins:maven-surefire-plugin @ line 290, column 12
[WARNING] 'build.plugins.plugin.version' for org.codehaus.mojo:build-helper-maven-plugin is missing. @ line 265, column 12
[WARNING] 'dependencies.dependency.exclusions.exclusion.groupId' for fr.inria.gforge.spoon:spoon-core:jar is missing. @ line 47, column 15
[WARNING] 'dependencies.dependency.exclusions.exclusion.artifactId' for fr.inria.gforge.spoon:spoon-core:jar with value '/src/main/resources/log4j.properties' does not match a valid id pattern. @ line 48, column 18
[WARNING] 'repositories.repository.id' must not contain any of these characters \/:"<>|?* but found / @ line 154, column 8
[WARNING] 
[WARNING] It is highly recommended to fix these problems because they threaten the stability of your build.
[WARNING] 
[WARNING] For this reason, future Maven versions might no longer support building such malformed projects.
[WARNING] 
[INFO]                                                                         
[INFO] ------------------------------------------------------------------------
[INFO] Building astor 1.0.0-SNAPSHOT
[INFO] ------------------------------------------------------------------------
[INFO] 
[INFO] --- versions-maven-plugin:2.4:use-latest-versions (default-cli) @ astor ---
[INFO] Major version changes allowed
[INFO] artifact fr.inria.gforge.spoon:spoon-core: checking for updates from inria
[INFO] artifact fr.inria.gforge.spoon:spoon-core: checking for updates from gforge.inria.fr-release
[INFO] artifact fr.inria.gforge.spoon:spoon-core: checking for updates from EvoSuite
[INFO] artifact fr.inria.gforge.spoon:spoon-core: checking for updates from central
[INFO] Updated fr.inria.gforge.spoon:spoon-core:jar:7.5.0 to version 8.1.0-SNAPSHOT
[INFO] ------------------------------------------------------------------------
[INFO] BUILD SUCCESS
[INFO] ------------------------------------------------------------------------
[INFO] Total time: 5.170 s
[INFO] Finished at: 2019-12-08T12:31:52+01:00
[INFO] Final Memory: 19M/176M
[INFO] ------------------------------------------------------------------------
+ mvn test -Dtest=JGenProgEvolutionaryTest
Picked up JAVA_TOOL_OPTIONS: -Dfile.encoding=UTF8
[INFO] Scanning for projects...
[WARNING] 
[WARNING] Some problems were encountered while building the effective model for org.inria.sacha.automaticRepair:astor:jar:1.0.0-SNAPSHOT
[WARNING] 'build.plugins.plugin.(groupId:artifactId)' must be unique but found duplicate declaration of plugin org.apache.maven.plugins:maven-surefire-plugin @ line 290, column 12
[WARNING] 'build.plugins.plugin.version' for org.codehaus.mojo:build-helper-maven-plugin is missing. @ line 265, column 12
[WARNING] 'dependencies.dependency.exclusions.exclusion.groupId' for fr.inria.gforge.spoon:spoon-core:jar is missing. @ line 47, column 15
[WARNING] 'dependencies.dependency.exclusions.exclusion.artifactId' for fr.inria.gforge.spoon:spoon-core:jar with value '/src/main/resources/log4j.properties' does not match a valid id pattern. @ line 48, column 18
[WARNING] 'repositories.repository.id' must not contain any of these characters \/:"<>|?* but found / @ line 154, column 8
[WARNING] 
[WARNING] It is highly recommended to fix these problems because they threaten the stability of your build.
[WARNING] 
[WARNING] For this reason, future Maven versions might no longer support building such malformed projects.
[WARNING] 
[INFO]                                                                         
[INFO] ------------------------------------------------------------------------
[INFO] Building astor 1.0.0-SNAPSHOT
[INFO] ------------------------------------------------------------------------
Downloading: http://spoon.gforge.inria.fr/repositories/releases/fr/inria/gforge/spoon/spoon-core/8.1.0-SNAPSHOT/maven-metadata.xml
Downloading: http://www.evosuite.org/m2/fr/inria/gforge/spoon/spoon-core/8.1.0-SNAPSHOT/maven-metadata.xml
Downloading: http://sachaproject.gforge.inria.fr/repositories/releases/fr/inria/gforge/spoon/spoon-core/8.1.0-SNAPSHOT/maven-metadata.xml
Downloading: http://sachaproject.gforge.inria.fr/repositories/releases/fil/iagl/cocospoon/CocoSpoon/1.0.0-SNAPSHOT/maven-metadata.xml
Downloading: http://www.evosuite.org/m2/fil/iagl/cocospoon/CocoSpoon/1.0.0-SNAPSHOT/maven-metadata.xml
Downloading: http://maven.inria.fr/artifactory/spoon-public-snapshot/fil/iagl/cocospoon/CocoSpoon/1.0.0-SNAPSHOT/maven-metadata.xml
Downloading: http://spoon.gforge.inria.fr/repositories/releases/fr/inria/gforge/spirals/nopol/0.2-SNAPSHOT/maven-metadata.xml
Downloading: http://spoon.gforge.inria.fr/repositories/snapshots/fr/inria/gforge/spirals/nopol/0.2-SNAPSHOT/maven-metadata.xml
Downloading: http://sachaproject.gforge.inria.fr/repositories/releases/fr/inria/gforge/spirals/nopol/0.2-SNAPSHOT/maven-metadata.xml
Downloading: http://www.evosuite.org/m2/fr/inria/gforge/spirals/nopol/0.2-SNAPSHOT/maven-metadata.xml
Downloading: http://sachaproject.gforge.inria.fr/repositories/releases/fr/inria/gforge/spirals/nopol/0.2-SNAPSHOT/maven-metadata.xml
Downloading: https://tdurieux.github.io/maven-repository/snapshots/fr/inria/gforge/spirals/nopol/0.2-SNAPSHOT/maven-metadata.xml
Downloading: http://maven.inria.fr/artifactory/spoon-public-snapshot/fr/inria/gforge/spirals/nopol/0.2-SNAPSHOT/maven-metadata.xml
[WARNING] Could not apply configuration for gforge.inria.fr-snapshot to wagon org.apache.maven.wagon.providers.http.HttpWagon:Cannot find 'preferredAuthentications' in class org.apache.maven.wagon.providers.http.HttpWagon
998 B           Downloaded: https://tdurieux.github.io/maven-repository/snapshots/fr/inria/gforge/spirals/nopol/0.2-SNAPSHOT/maven-metadata.xml (998 B at 1.3 KB/sec)
Downloading: http://spoon.gforge.inria.fr/repositories/releases/fr/inria/gforge/spoon/spoon-core/6.0.0/spoon-core-6.0.0.pom
        Downloading: http://spoon.gforge.inria.fr/repositories/snapshots/fr/inria/gforge/spoon/spoon-core/6.0.0/spoon-core-6.0.0.pom
[WARNING] Could not apply configuration for gforge.inria.fr-snapshot to wagon org.apache.maven.wagon.providers.http.HttpWagon:Cannot find 'preferredAuthentications' in class org.apache.maven.wagon.providers.http.HttpWagon
        Downloading: http://sachaproject.gforge.inria.fr/repositories/releases/fr/inria/gforge/spoon/spoon-core/6.0.0/spoon-core-6.0.0.pom
        Downloading: http://www.evosuite.org/m2/fr/inria/gforge/spoon/spoon-core/6.0.0/spoon-core-6.0.0.pom
        Downloading: https://tdurieux.github.io/maven-repository/snapshots/fr/inria/gforge/spoon/spoon-core/6.0.0/spoon-core-6.0.0.pom
        Downloading: http://maven.inria.fr/artifactory/spoon-public-snapshot/fr/inria/gforge/spoon/spoon-core/6.0.0/spoon-core-6.0.0.pom
        Downloading: https://repo.maven.apache.org/maven2/fr/inria/gforge/spoon/spoon-core/6.0.0/spoon-core-6.0.0.pom
2/19 KB   3/19 KB   5/19 KB   6/19 KB   7/19 KB   9/19 KB   10/19 KB   11/19 KB   13/19 KB   14/19 KB   15/19 KB   17/19 KB   18/19 KB   19/19 KB              Downloaded: https://repo.maven.apache.org/maven2/fr/inria/gforge/spoon/spoon-core/6.0.0/spoon-core-6.0.0.pom (19 KB at 488.1 KB/sec)
[INFO] 
[INFO] --- jacoco-maven-plugin:0.7.5.201505241946:prepare-agent (default) @ astor ---
[INFO] argLine set to -javaagent:/builds/.m2/repository/org/jacoco/org.jacoco.agent/0.7.5.201505241946/org.jacoco.agent-0.7.5.201505241946-runtime.jar=destfile=/builds/workspace/astor/target/jacoco.exec
[INFO] 
[INFO] --- build-helper-maven-plugin:3.0.0:add-source (default) @ astor ---
[INFO] Source directory: /builds/workspace/astor/src/main/java added.
[INFO] Source directory: /builds/workspace/astor/src-core/main/java added.
[INFO] Source directory: /builds/workspace/astor/src-jgenprog/main/java added.
[INFO] Source directory: /builds/workspace/astor/src-jkali/main/java added.
[INFO] Source directory: /builds/workspace/astor/src-jmutrepair/main/java added.
[INFO] Source directory: /builds/workspace/astor/src-cardumen/main/java added.
[INFO] Source directory: /builds/workspace/astor/src-deeprepair/main/java added.
[INFO] Source directory: /builds/workspace/astor/src-3sfix/main/java added.
[INFO] 
[INFO] --- maven-resources-plugin:2.6:resources (default-resources) @ astor ---
[INFO] Using 'UTF-8' encoding to copy filtered resources.
[INFO] Copying 2 resources
[INFO] 
[INFO] --- maven-compiler-plugin:3.0:compile (default-compile) @ astor ---
[INFO] Changes detected - recompiling the module!
[INFO] Compiling 395 source files to /builds/workspace/astor/target/classes
[WARNING] /builds/workspace/astor/src/main/java/fr/inria/astor/approaches/scaffold/scaffoldgeneration/libinfo/LibParser.java: Some input files use or override a deprecated API.
[WARNING] /builds/workspace/astor/src/main/java/fr/inria/astor/approaches/scaffold/scaffoldgeneration/libinfo/LibParser.java: Recompile with -Xlint:deprecation for details.
[WARNING] /builds/workspace/astor/src/main/java/fr/inria/astor/core/manipulation/synthesis/dynamoth/spoon/StaSynthBuilder.java: Some input files use unchecked or unsafe operations.
[WARNING] /builds/workspace/astor/src/main/java/fr/inria/astor/core/manipulation/synthesis/dynamoth/spoon/StaSynthBuilder.java: Recompile with -Xlint:unchecked for details.
[INFO] 
[INFO] --- maven-resources-plugin:2.6:testResources (default-testResources) @ astor ---
[INFO] Using 'UTF-8' encoding to copy filtered resources.
[INFO] Copying 4 resources
[INFO] 
[INFO] --- maven-compiler-plugin:3.0:testCompile (default-testCompile) @ astor ---
[INFO] Changes detected - recompiling the module!
[INFO] Compiling 83 source files to /builds/workspace/astor/target/test-classes
[WARNING] /builds/workspace/astor/src/test/java/fr/inria/astor/test/repair/evaluation/regression/RepairnatorTest.java: /builds/workspace/astor/src/test/java/fr/inria/astor/test/repair/evaluation/regression/RepairnatorTest.java uses or overrides a deprecated API.
[WARNING] /builds/workspace/astor/src/test/java/fr/inria/astor/test/repair/evaluation/regression/RepairnatorTest.java: Recompile with -Xlint:deprecation for details.
[WARNING] /builds/workspace/astor/src/test/java/fr/inria/astor/test/repair/evaluation/extensionpoints/ingredients/IngredientProcessorTest.java: Some input files use unchecked or unsafe operations.
[WARNING] /builds/workspace/astor/src/test/java/fr/inria/astor/test/repair/evaluation/extensionpoints/ingredients/IngredientProcessorTest.java: Recompile with -Xlint:unchecked for details.
[INFO] 
[INFO] --- maven-surefire-plugin:2.16:test (default-test) @ astor ---
[INFO] Surefire report directory: /builds/workspace/astor/target/surefire-reports

-------------------------------------------------------
 T E S T S
-------------------------------------------------------

-------------------------------------------------------
 T E S T S
-------------------------------------------------------
Picked up JAVA_TOOL_OPTIONS: -Dfile.encoding=UTF8
Running fr.inria.astor.test.repair.approaches.JGenProgEvolutionaryTest
[-dependencies, /builds/workspace/astor/./examples/libs/junit-4.4.jar, -mode, jgenprog, -failing, org.apache.commons.math.analysis.solvers.BisectionSolverTest, -location, /builds/workspace/astor/./examples/math_70, -package, org.apache.commons, -srcjavafolder, /src/java/, -srctestfolder, /src/test/, -binjavafolder, /target/classes, -bintestfolder, /target/test-classes, -javacompliancelevel, 7, -flthreshold, 0.5, -out, /builds/workspace/astor/./output_astor, -scope, package, -seed, 10, -maxgen, 3000, -stopfirst, false, -maxtime, 10, -population, 1, -reintroduce, PARENTS:SOLUTIONS, -parameters, maxnumbersolutions:3]
[INFO] 12:32:07,834 fr.inria.astor.core.setup.ProjectConfiguration:282 - Version of the JVM used: 1.8.0_151
[INFO] 12:32:07,841 main:380 - Java version of the JDK used to run tests: 1.8.0_151
[INFO] 12:32:07,841 main:381 - The compliance of the JVM is:  8
[INFO] 12:32:07,844 main:659 - command line arguments: [-dependencies  /builds/workspace/astor/./examples/libs/junit-4.4.jar  -mode  jgenprog  -failing  org.apache.commons.math.analysis.solvers.BisectionSolverTest  -location  /builds/workspace/astor/./examples/math_70  -package  org.apache.commons  -srcjavafolder  /src/java/  -srctestfolder  /src/test/  -binjavafolder  /target/classes  -bintestfolder  /target/test-classes  -javacompliancelevel  7  -flthreshold  0.5  -out  /builds/workspace/astor/./output_astor  -scope  package  -seed  10  -maxgen  3000  -stopfirst  false  -maxtime  10  -population  1  -reintroduce  PARENTS:SOLUTIONS  -parameters  maxnumbersolutions:3]
[INFO] 12:32:07,845 fr.inria.main.evolution.AstorMain:212 - Running Astor on a JDK at /builds/tools/hudson.model.JDK/JDK_8.0.151/jre
[INFO ] fr.inria.main.AbstractMain.determineSourceFolders(AbstractMain.java:973) - Source folders: [/builds/workspace/astor/./examples/math_70/src/main/java]
[INFO ] fr.inria.main.AbstractMain.determineSourceFolders(AbstractMain.java:992) - Source Test folders: [/builds/workspace/astor/./examples/math_70/src/test]
[INFO ] fr.inria.astor.core.solutionsearch.AstorCoreEngine.resolveTestsToRun(AstorCoreEngine.java:1311) - Test retrieved from classes: 238
[INFO ] fr.inria.astor.core.faultlocalization.gzoltar.GZoltarFaultLocalization.calculateSuspicious(GZoltarFaultLocalization.java:74) - -Executing Gzoltar classpath: /builds/workspace/astor/./output_astor/AstorMain-math_70//bin//default from 238 classes with test cases
[INFO ] fr.inria.astor.core.faultlocalization.gzoltar.GZoltarFaultLocalization.searchSuspicious(GZoltarFaultLocalization.java:154) - Gzoltar fault localization: min susp value parameter: 0.5
[INFO ] fr.inria.astor.core.faultlocalization.gzoltar.GZoltarFaultLocalization.searchSuspicious(GZoltarFaultLocalization.java:174) - -gz-Adding classpath: [/builds/workspace/astor/./output_astor/AstorMain-math_70//bin//default, /builds/workspace/astor/./examples/libs/junit-4.4.jar]
[INFO ] fr.inria.astor.core.faultlocalization.gzoltar.GZoltarFaultLocalization.searchSuspicious(GZoltarFaultLocalization.java:214) - Test failt: org.apache.commons.math.analysis.solvers.BisectionSolverTest#testMath369
[INFO ] fr.inria.astor.core.faultlocalization.gzoltar.GZoltarFaultLocalization.searchSuspicious(GZoltarFaultLocalization.java:226) - Gzoltar Test Result Total:2181, fails: 1, GZoltar suspicious 17277, with positive susp 14
[INFO ] fr.inria.astor.core.faultlocalization.gzoltar.GZoltarFaultLocalization.searchSuspicious(GZoltarFaultLocalization.java:234) - nr test results 2181
[INFO ] fr.inria.astor.core.faultlocalization.gzoltar.GZoltarFaultLocalization.searchSuspicious(GZoltarFaultLocalization.java:289) - Gzoltar found: 8 with susp > 0.5, we consider: 8
[INFO ] fr.inria.astor.core.solutionsearch.AstorCoreEngine.calculateSuspicious(AstorCoreEngine.java:898) - Setting up the max to 126810 milliseconds (126 sec)
[INFO ] fr.inria.astor.core.solutionsearch.AstorCoreEngine.initPopulation(AstorCoreEngine.java:709) - 
---- Creating spoon model
[INFO ] fr.inria.astor.core.manipulation.MutationSupporter.buildSpoonModel(MutationSupporter.java:236) - Creating model,  Code location from working folder: /builds/workspace/astor/./examples/math_70/src/main/java
[INFO ] fr.inria.astor.core.manipulation.MutationSupporter.buildModel(MutationSupporter.java:67) - building model: /builds/workspace/astor/./examples/math_70/src/main/java, compliance level: 7
[INFO ] fr.inria.astor.core.manipulation.MutationSupporter.buildModel(MutationSupporter.java:81) - Classpath (Dependencies) for building SpoonModel: [/builds/workspace/astor/./examples/libs/junit-4.4.jar]
[INFO ] fr.inria.astor.core.solutionsearch.AstorCoreEngine.initModel(AstorCoreEngine.java:779) - Number of CtTypes created: 416
[INFO ] fr.inria.astor.core.solutionsearch.AstorCoreEngine.initPopulation(AstorCoreEngine.java:713) - 
---- Initial suspicious size: 8
[INFO ] fr.inria.astor.core.solutionsearch.population.ProgramVariantFactory.createProgramInstance(ProgramVariantFactory.java:134) - Total suspicious from FL: 8,  8
[INFO ] fr.inria.astor.core.solutionsearch.population.ProgramVariantFactory.createProgramInstance(ProgramVariantFactory.java:143) - Total ModPoint created: 8
[INFO ] fr.inria.astor.core.solutionsearch.population.ProgramVariantFactory.createInitialPopulation(ProgramVariantFactory.java:82) - Creating program variant #1, [Variant id: 1, #gens: 8, #ops: 0, parent:-]
[INFO ] fr.inria.astor.core.solutionsearch.AstorCoreEngine.setFitnessOfPopulation(AstorCoreEngine.java:754) - The original fitness is : 1.0
[INFO ] fr.inria.astor.core.setup.ConfigurationProperties.print(ConfigurationProperties.java:66) - ----------------------------
[INFO ] fr.inria.astor.core.setup.ConfigurationProperties.print(ConfigurationProperties.java:67) - ---Configuration properties:---Execution values
[INFO ] fr.inria.astor.core.setup.ConfigurationProperties.print(ConfigurationProperties.java:69) - p:lastJUnitVersion= ./examples/libs/junit-4.11.jar
[INFO ] fr.inria.astor.core.setup.ConfigurationProperties.print(ConfigurationProperties.java:69) - p:alternativecompliancelevel= 8
[INFO ] fr.inria.astor.core.setup.ConfigurationProperties.print(ConfigurationProperties.java:69) - p:ignoredTestCases= 
[INFO ] fr.inria.astor.core.setup.ConfigurationProperties.print(ConfigurationProperties.java:69) - p:workingDirectory= /builds/workspace/astor/./output_astor
[INFO ] fr.inria.astor.core.setup.ConfigurationProperties.print(ConfigurationProperties.java:69) - p:manipulatesuper= false
[INFO ] fr.inria.astor.core.setup.ConfigurationProperties.print(ConfigurationProperties.java:69) - p:validation= process
[INFO ] fr.inria.astor.core.setup.ConfigurationProperties.print(ConfigurationProperties.java:69) - p:jvm4testexecution= /builds/tools/hudson.model.JDK/JDK_8.0.151/bin
[INFO ] fr.inria.astor.core.setup.ConfigurationProperties.print(ConfigurationProperties.java:69) - p:operatorspace= irr-statements
[INFO ] fr.inria.astor.core.setup.ConfigurationProperties.print(ConfigurationProperties.java:69) - p:disablelog= false
[INFO ] fr.inria.astor.core.setup.ConfigurationProperties.print(ConfigurationProperties.java:69) - p:binjavafolder= /target/classes
[INFO ] fr.inria.astor.core.setup.ConfigurationProperties.print(ConfigurationProperties.java:69) - p:synthesis_depth= 3
[INFO ] fr.inria.astor.core.setup.ConfigurationProperties.print(ConfigurationProperties.java:69) - p:gzoltartestpackagetoexclude= junit.framework
[INFO ] fr.inria.astor.core.setup.ConfigurationProperties.print(ConfigurationProperties.java:69) - p:skipfitnessinitialpopulation= false
[INFO ] fr.inria.astor.core.setup.ConfigurationProperties.print(ConfigurationProperties.java:69) - p:evosuiteresultfolder= evosuite
[INFO ] fr.inria.astor.core.setup.ConfigurationProperties.print(ConfigurationProperties.java:69) - p:flthreshold= 0.5
[INFO ] fr.inria.astor.core.setup.ConfigurationProperties.print(ConfigurationProperties.java:69) - p:regressionforfaultlocalization= true
[INFO ] fr.inria.astor.core.setup.ConfigurationProperties.print(ConfigurationProperties.java:69) - p:collectonlyusedmethod= false
[INFO ] fr.inria.astor.core.setup.ConfigurationProperties.print(ConfigurationProperties.java:69) - p:preservelinenumbers= true
[INFO ] fr.inria.astor.core.setup.ConfigurationProperties.print(ConfigurationProperties.java:69) - p:tmax2= 126810
[INFO ] fr.inria.astor.core.setup.ConfigurationProperties.print(ConfigurationProperties.java:69) - p:tmax1= 10000
[INFO ] fr.inria.astor.core.setup.ConfigurationProperties.print(ConfigurationProperties.java:69) - p:probagenmutation= false
[INFO ] fr.inria.astor.core.setup.ConfigurationProperties.print(ConfigurationProperties.java:69) - p:nomodificationconvergence= 100
[INFO ] fr.inria.astor.core.setup.ConfigurationProperties.print(ConfigurationProperties.java:69) - p:diff_type= relative
[INFO ] fr.inria.astor.core.setup.ConfigurationProperties.print(ConfigurationProperties.java:69) - p:targetelementprocessor= statements
[INFO ] fr.inria.astor.core.setup.ConfigurationProperties.print(ConfigurationProperties.java:69) - p:srctestfolder= /src/test/
[INFO ] fr.inria.astor.core.setup.ConfigurationProperties.print(ConfigurationProperties.java:69) - p:forceExecuteRegression= false
[INFO ] fr.inria.astor.core.setup.ConfigurationProperties.print(ConfigurationProperties.java:69) - p:clusteringfilename= clustering.csv
[INFO ] fr.inria.astor.core.setup.ConfigurationProperties.print(ConfigurationProperties.java:69) - p:failing= org.apache.commons.math.analysis.solvers.BisectionSolverTest
[INFO ] fr.inria.astor.core.setup.ConfigurationProperties.print(ConfigurationProperties.java:69) - p:logtestexecution= false
[INFO ] fr.inria.astor.core.setup.ConfigurationProperties.print(ConfigurationProperties.java:69) - p:evo_buggy_class= true
[INFO ] fr.inria.astor.core.setup.ConfigurationProperties.print(ConfigurationProperties.java:69) - p:numberExecutions= 1
[INFO ] fr.inria.astor.core.setup.ConfigurationProperties.print(ConfigurationProperties.java:69) - p:maxnumbersolutions= 3
[INFO ] fr.inria.astor.core.setup.ConfigurationProperties.print(ConfigurationProperties.java:69) - p:evo_affected_by_op= true
[INFO ] fr.inria.astor.core.setup.ConfigurationProperties.print(ConfigurationProperties.java:69) - p:population= 1
[INFO ] fr.inria.astor.core.setup.ConfigurationProperties.print(ConfigurationProperties.java:69) - p:considerzerovaluesusp= false
[INFO ] fr.inria.astor.core.setup.ConfigurationProperties.print(ConfigurationProperties.java:69) - p:maxCombinationVariableLimit= false
[INFO ] fr.inria.astor.core.setup.ConfigurationProperties.print(ConfigurationProperties.java:69) - p:loglevel= INFO
[INFO ] fr.inria.astor.core.setup.ConfigurationProperties.print(ConfigurationProperties.java:69) - p:savesolution= true
[INFO ] fr.inria.astor.core.setup.ConfigurationProperties.print(ConfigurationProperties.java:69) - p:javacompliancelevel= 7
[INFO ] fr.inria.astor.core.setup.ConfigurationProperties.print(ConfigurationProperties.java:69) - p:uniqueoptogen= false
[INFO ] fr.inria.astor.core.setup.ConfigurationProperties.print(ConfigurationProperties.java:69) - p:gzoltarpackagetonotinstrument= junit.framework
[INFO ] fr.inria.astor.core.setup.ConfigurationProperties.print(ConfigurationProperties.java:69) - p:projectIdentifier= 
[INFO ] fr.inria.astor.core.setup.ConfigurationProperties.print(ConfigurationProperties.java:69) - p:modificationpointnavigation= weight
[INFO ] fr.inria.astor.core.setup.ConfigurationProperties.print(ConfigurationProperties.java:69) - p:stopfirst= false
[INFO ] fr.inria.astor.core.setup.ConfigurationProperties.print(ConfigurationProperties.java:69) - p:multipointmodification= false
[INFO ] fr.inria.astor.core.setup.ConfigurationProperties.print(ConfigurationProperties.java:69) - p:elementsToMutate= 10
[INFO ] fr.inria.astor.core.setup.ConfigurationProperties.print(ConfigurationProperties.java:69) - p:jsonoutputname= astor_output
[INFO ] fr.inria.astor.core.setup.ConfigurationProperties.print(ConfigurationProperties.java:69) - p:evoDSE= false
[INFO ] fr.inria.astor.core.setup.ConfigurationProperties.print(ConfigurationProperties.java:69) - p:bintestfolder= /target/test-classes
[INFO ] fr.inria.astor.core.setup.ConfigurationProperties.print(ConfigurationProperties.java:69) - p:testbystep= false
[INFO ] fr.inria.astor.core.setup.ConfigurationProperties.print(ConfigurationProperties.java:69) - p:version-location= ./math-version/
[INFO ] fr.inria.astor.core.setup.ConfigurationProperties.print(ConfigurationProperties.java:69) - p:reintroduce= PARENTS:SOLUTIONS
[INFO ] fr.inria.astor.core.setup.ConfigurationProperties.print(ConfigurationProperties.java:69) - p:executorjar= ./lib/jtestex7.jar
[INFO ] fr.inria.astor.core.setup.ConfigurationProperties.print(ConfigurationProperties.java:69) - p:maxGeneration= 3000
[INFO ] fr.inria.astor.core.setup.ConfigurationProperties.print(ConfigurationProperties.java:69) - p:max_synthesis_step= 10000
[INFO ] fr.inria.astor.core.setup.ConfigurationProperties.print(ConfigurationProperties.java:69) - p:projectinfocommand= com.github.tdurieux:project-config-maven-plugin:info
[INFO ] fr.inria.astor.core.setup.ConfigurationProperties.print(ConfigurationProperties.java:69) - p:maxVarCombination= 1000
[INFO ] fr.inria.astor.core.setup.ConfigurationProperties.print(ConfigurationProperties.java:69) - p:maxtime= 10
[INFO ] fr.inria.astor.core.setup.ConfigurationProperties.print(ConfigurationProperties.java:69) - p:evosuitejar= ./lib/evosuite-master-1.0.4-SNAPSHOT.jar
[INFO ] fr.inria.astor.core.setup.ConfigurationProperties.print(ConfigurationProperties.java:69) - p:jvmversion= 1.8.0_151
[INFO ] fr.inria.astor.core.setup.ConfigurationProperties.print(ConfigurationProperties.java:69) - p:commandTrunk= 50000
[INFO ] fr.inria.astor.core.setup.ConfigurationProperties.print(ConfigurationProperties.java:69) - p:faultlocalization= gzoltar
[INFO ] fr.inria.astor.core.setup.ConfigurationProperties.print(ConfigurationProperties.java:69) - p:resetmodel= true
[INFO ] fr.inria.astor.core.setup.ConfigurationProperties.print(ConfigurationProperties.java:69) - p:maxsuspcandidates= 1000
[INFO ] fr.inria.astor.core.setup.ConfigurationProperties.print(ConfigurationProperties.java:69) - p:mode= jgenprog
[INFO ] fr.inria.astor.core.setup.ConfigurationProperties.print(ConfigurationProperties.java:69) - p:learningdir= 
[INFO ] fr.inria.astor.core.setup.ConfigurationProperties.print(ConfigurationProperties.java:69) - p:jvm4evosuitetestexecution= /builds/tools/hudson.model.JDK/JDK_8.0.151/bin
[INFO ] fr.inria.astor.core.setup.ConfigurationProperties.print(ConfigurationProperties.java:69) - p:filterfaultlocalization= true
[INFO ] fr.inria.astor.core.setup.ConfigurationProperties.print(ConfigurationProperties.java:69) - p:mutationrate= 1 
[INFO ] fr.inria.astor.core.setup.ConfigurationProperties.print(ConfigurationProperties.java:69) - p:pathToMVNRepository= 
[INFO ] fr.inria.astor.core.setup.ConfigurationProperties.print(ConfigurationProperties.java:69) - p:resourcesfolder= /src/main/resources:/src/test/resources:
[INFO ] fr.inria.astor.core.setup.ConfigurationProperties.print(ConfigurationProperties.java:69) - p:timezone= America/Los_Angeles
[INFO ] fr.inria.astor.core.setup.ConfigurationProperties.print(ConfigurationProperties.java:69) - p:runjava7code= false
[INFO ] fr.inria.astor.core.setup.ConfigurationProperties.print(ConfigurationProperties.java:69) - p:evoRunOnBuggyClass= true
[INFO ] fr.inria.astor.core.setup.ConfigurationProperties.print(ConfigurationProperties.java:69) - p:compiler= fr.inria.astor.core.manipulation.bytecode.compiler.SpoonClassCompiler
[INFO ] fr.inria.astor.core.setup.ConfigurationProperties.print(ConfigurationProperties.java:69) - p:limitbysuspicious= true
[INFO ] fr.inria.astor.core.setup.ConfigurationProperties.print(ConfigurationProperties.java:69) - p:logsattemps= true
[INFO ] fr.inria.astor.core.setup.ConfigurationProperties.print(ConfigurationProperties.java:69) - p:dependenciespath= /builds/workspace/astor/./examples/libs/junit-4.4.jar
[INFO ] fr.inria.astor.core.setup.ConfigurationProperties.print(ConfigurationProperties.java:69) - p:logpatternlayout= [%-5p] %l - %m%n
[INFO ] fr.inria.astor.core.setup.ConfigurationProperties.print(ConfigurationProperties.java:69) - p:packageToInstrument= org.apache.commons
[INFO ] fr.inria.astor.core.setup.ConfigurationProperties.print(ConfigurationProperties.java:69) - p:skipfaultlocalization= false
[INFO ] fr.inria.astor.core.setup.ConfigurationProperties.print(ConfigurationProperties.java:69) - p:scope= package
[INFO ] fr.inria.astor.core.setup.ConfigurationProperties.print(ConfigurationProperties.java:69) - p:transformingredient= false
[INFO ] fr.inria.astor.core.setup.ConfigurationProperties.print(ConfigurationProperties.java:69) - p:fitnessfunction= fr.inria.astor.core.solutionsearch.population.TestCaseFitnessFunction
[INFO ] fr.inria.astor.core.setup.ConfigurationProperties.print(ConfigurationProperties.java:69) - p:maxnumvariablesperingredient= 10
[INFO ] fr.inria.astor.core.setup.ConfigurationProperties.print(ConfigurationProperties.java:69) - p:parsesourcefromoriginal= true
[INFO ] fr.inria.astor.core.setup.ConfigurationProperties.print(ConfigurationProperties.java:69) - p:pvariantfoldername= variant-
[INFO ] fr.inria.astor.core.setup.ConfigurationProperties.print(ConfigurationProperties.java:69) - p:savespoonmodelondisk= false
[INFO ] fr.inria.astor.core.setup.ConfigurationProperties.print(ConfigurationProperties.java:69) - p:srcjavafolder= /src/java/
[INFO ] fr.inria.astor.core.setup.ConfigurationProperties.print(ConfigurationProperties.java:69) - p:populationcontroller= fr.inria.astor.core.solutionsearch.population.TestCaseBasedFitnessPopulationController
[INFO ] fr.inria.astor.core.setup.ConfigurationProperties.print(ConfigurationProperties.java:69) - p:ignoreflakyinfl= false
[INFO ] fr.inria.astor.core.setup.ConfigurationProperties.print(ConfigurationProperties.java:69) - p:cleantemplates= true
[INFO ] fr.inria.astor.core.setup.ConfigurationProperties.print(ConfigurationProperties.java:69) - p:applyCrossover= false
[INFO ] fr.inria.astor.core.setup.ConfigurationProperties.print(ConfigurationProperties.java:69) - p:maxmodificationpoints= 1000
[INFO ] fr.inria.astor.core.setup.ConfigurationProperties.print(ConfigurationProperties.java:69) - p:duplicateingredientsinspace= false
[INFO ] fr.inria.astor.core.setup.ConfigurationProperties.print(ConfigurationProperties.java:69) - p:metid= 0
[INFO ] fr.inria.astor.core.setup.ConfigurationProperties.print(ConfigurationProperties.java:69) - p:continuewhenmodelfail= true
[INFO ] fr.inria.astor.core.setup.ConfigurationProperties.print(ConfigurationProperties.java:69) - p:saveall= false
[INFO ] fr.inria.astor.core.setup.ConfigurationProperties.print(ConfigurationProperties.java:69) - p:seed= 10
[INFO ] fr.inria.astor.core.setup.ConfigurationProperties.print(ConfigurationProperties.java:69) - p:savecompletepatched= true
[INFO ] fr.inria.astor.core.setup.ConfigurationProperties.print(ConfigurationProperties.java:69) - p:resetoperations= false
[INFO ] fr.inria.astor.core.setup.ConfigurationProperties.print(ConfigurationProperties.java:69) - p:processoutputinfile= false
[INFO ] fr.inria.astor.core.setup.ConfigurationProperties.print(ConfigurationProperties.java:69) - p:location= /builds/workspace/astor/./examples/math_70
[INFO ] fr.inria.astor.core.setup.ConfigurationProperties.print(ConfigurationProperties.java:69) - p:probabilistictransformation= true
[INFO ] fr.inria.astor.core.setup.ConfigurationProperties.print(ConfigurationProperties.java:69) - p:overridemaxtime= true
[INFO ] fr.inria.astor.core.setup.ConfigurationProperties.print(ConfigurationProperties.java:69) - p:outputjsonresult= false
[INFO ] fr.inria.astor.core.setup.ConfigurationProperties.print(ConfigurationProperties.java:69) - p:allpoints= false
[INFO ] fr.inria.astor.core.setup.ConfigurationProperties.print(ConfigurationProperties.java:69) - p:bugId= 280
[INFO ] fr.inria.astor.core.setup.ConfigurationProperties.print(ConfigurationProperties.java:69) - p:evosuitetimeout= 120
[INFO ] fr.inria.astor.core.setup.ConfigurationProperties.print(ConfigurationProperties.java:69) - p:maxtimefactor= 10
[INFO ] fr.inria.astor.core.setup.ConfigurationProperties.print(ConfigurationProperties.java:69) - p:nrPlaceholders= 1
[INFO ] fr.inria.astor.core.setup.ConfigurationProperties.print(ConfigurationProperties.java:69) - p:forcesubprocesskilling= true
[INFO ] fr.inria.astor.core.setup.ConfigurationProperties.print(ConfigurationProperties.java:71) - ----------------------------
[INFO ] fr.inria.astor.core.solutionsearch.EvolutionarySearchEngine.startEvolution(EvolutionarySearchEngine.java:40) - 
----Starting Solution Search
[INFO ] fr.inria.astor.core.solutionsearch.AstorCoreEngine.processCreatedVariant(AstorCoreEngine.java:449) - -Found Solution, child variant #62
[ERROR] fr.inria.astor.core.solutionsearch.AstorCoreEngine.validateReversedOriginalVariant(AstorCoreEngine.java:359) - Error variant :62 the model was not the same from the original after this generation (see Diff in debug level)
[INFO ] fr.inria.astor.core.solutionsearch.AstorCoreEngine.processCreatedVariant(AstorCoreEngine.java:449) - -Found Solution, child variant #65
[INFO ] fr.inria.astor.core.solutionsearch.AstorCoreEngine.processCreatedVariant(AstorCoreEngine.java:449) - -Found Solution, child variant #66
[INFO ] fr.inria.astor.core.solutionsearch.AstorCoreEngine.atEnd(AstorCoreEngine.java:170) - Time Repair Loop (s): 31.537
[INFO ] fr.inria.astor.core.solutionsearch.AstorCoreEngine.atEnd(AstorCoreEngine.java:172) - generationsexecuted: 65
[INFO ] fr.inria.astor.core.solutionsearch.AstorCoreEngine.printFinalStatus(AstorCoreEngine.java:247) - 
----SUMMARY_EXECUTION---
[INFO ] fr.inria.astor.core.solutionsearch.AstorCoreEngine.printFinalStatus(AstorCoreEngine.java:249) - End Repair Search: Found solution
[INFO ] fr.inria.astor.core.solutionsearch.AstorCoreEngine.printFinalStatus(AstorCoreEngine.java:250) - Solution stored at: /builds/workspace/astor/./output_astor/AstorMain-math_70//src/
[INFO ] fr.inria.astor.core.solutionsearch.AstorCoreEngine.atEnd(AstorCoreEngine.java:189) - 
 --SOLUTIONS DESCRIPTION--

 ----
ProgramVariant 62
 
time(sec)= 17
operation: ReplaceOp
location= org.apache.commons.math.analysis.solvers.BisectionSolver
line= 72
lineSuspiciousness= 1
lineSuspiciousness= 0
original statement= return solve(min, max)
buggy kind= CtReturnImpl|CtBlockImpl
fixed statement= return solve(f, min, max)
Patch kind= CtReturnImpl|CtBlockImpl
generation= 61
ingredientScope= LOCAL
validation=|true|0|2181|[]|
diffpatch=--- /src/main/java/org/apache/commons/math/analysis/solvers/BisectionSolver.java
+++ /src/main/java/org/apache/commons/math/analysis/solvers/BisectionSolver.java
@@ -20,7 +20,7 @@
 	}
 
 	public double solve(final org.apache.commons.math.analysis.UnivariateRealFunction f, double min, double max, double initial) throws org.apache.commons.math.FunctionEvaluationException, org.apache.commons.math.MaxIterationsExceededException {
-		return solve(min, max);
+		return solve(f, min, max);
 	}
 
 	public double solve(final org.apache.commons.math.analysis.UnivariateRealFunction f, double min, double max) throws org.apache.commons.math.FunctionEvaluationException, org.apache.commons.math.MaxIterationsExceededException {


diffpatchoriginal=--- /src/main/java/org/apache/commons/math/analysis/solvers/BisectionSolver.java
+++ /src/main/java/org/apache/commons/math/analysis/solvers/BisectionSolver.java
@@ -68,8 +68,8 @@
 
 
 	public double solve(final org.apache.commons.math.analysis.UnivariateRealFunction f, double min, double max, double initial) throws 
-	org.apache.commons.math.FunctionEvaluationException, org.apache.commons.math.MaxIterationsExceededException {
-		return solve(min, max);
+	org.apache.commons.math.FunctionEvaluationException, org.apache.commons.math.MaxIterationsExceededException { 		return solve(f, min, max);
+
 
 	}
 


 ----
ProgramVariant 65
 
time(sec)= 24
operation: ReplaceOp
location= org.apache.commons.math.analysis.solvers.BisectionSolver
line= 72
lineSuspiciousness= 1
lineSuspiciousness= 0
original statement= return solve(min, max)
buggy kind= CtReturnImpl|CtBlockImpl
fixed statement= return solve(f, min, max)
Patch kind= CtReturnImpl|CtBlockImpl
generation= 61
ingredientScope= LOCAL
operation: ReplaceOp
location= org.apache.commons.math.analysis.solvers.BisectionSolver
line= 81
lineSuspiciousness= 0.5
lineSuspiciousness= 3
original statement= verifyInterval(min, max)
buggy kind= CtInvocationImpl|CtBlockImpl
fixed statement= verifyInterval(min, max)
Patch kind= CtInvocationImpl|CtBlockImpl
generation= 64
ingredientScope= LOCAL
validation=|true|0|2181|[]|
diffpatch=--- /src/main/java/org/apache/commons/math/analysis/solvers/BisectionSolver.java
+++ /src/main/java/org/apache/commons/math/analysis/solvers/BisectionSolver.java
@@ -20,7 +20,7 @@
 	}
 
 	public double solve(final org.apache.commons.math.analysis.UnivariateRealFunction f, double min, double max, double initial) throws org.apache.commons.math.FunctionEvaluationException, org.apache.commons.math.MaxIterationsExceededException {
-		return solve(min, max);
+		return solve(f, min, max);
 	}
 
 	public double solve(final org.apache.commons.math.analysis.UnivariateRealFunction f, double min, double max) throws org.apache.commons.math.FunctionEvaluationException, org.apache.commons.math.MaxIterationsExceededException {

--- /src/main/java/org/apache/commons/math/analysis/solvers/BisectionSolver.java
+++ /src/main/java/org/apache/commons/math/analysis/solvers/BisectionSolver.java
@@ -20,7 +20,7 @@
 	}
 
 	public double solve(final org.apache.commons.math.analysis.UnivariateRealFunction f, double min, double max, double initial) throws org.apache.commons.math.FunctionEvaluationException, org.apache.commons.math.MaxIterationsExceededException {
-		return solve(min, max);
+		return solve(f, min, max);
 	}
 
 	public double solve(final org.apache.commons.math.analysis.UnivariateRealFunction f, double min, double max) throws org.apache.commons.math.FunctionEvaluationException, org.apache.commons.math.MaxIterationsExceededException {


diffpatchoriginal=--- /src/main/java/org/apache/commons/math/analysis/solvers/BisectionSolver.java
+++ /src/main/java/org/apache/commons/math/analysis/solvers/BisectionSolver.java
@@ -68,8 +68,8 @@
 
 
 	public double solve(final org.apache.commons.math.analysis.UnivariateRealFunction f, double min, double max, double initial) throws 
-	org.apache.commons.math.FunctionEvaluationException, org.apache.commons.math.MaxIterationsExceededException {
-		return solve(min, max);
+	org.apache.commons.math.FunctionEvaluationException, org.apache.commons.math.MaxIterationsExceededException { 		return solve(f, min, max);
+
 
 	}
 

--- /src/main/java/org/apache/commons/math/analysis/solvers/BisectionSolver.java
+++ /src/main/java/org/apache/commons/math/analysis/solvers/BisectionSolver.java
@@ -68,8 +68,8 @@
 
 
 	public double solve(final org.apache.commons.math.analysis.UnivariateRealFunction f, double min, double max, double initial) throws 
-	org.apache.commons.math.FunctionEvaluationException, org.apache.commons.math.MaxIterationsExceededException {
-		return solve(min, max);
+	org.apache.commons.math.FunctionEvaluationException, org.apache.commons.math.MaxIterationsExceededException { 		return solve(f, min, max);
+
 
 	}
 


 ----
ProgramVariant 66
 
time(sec)= 31
operation: ReplaceOp
location= org.apache.commons.math.analysis.solvers.BisectionSolver
line= 72
lineSuspiciousness= 1
lineSuspiciousness= 0
original statement= return solve(min, max)
buggy kind= CtReturnImpl|CtBlockImpl
fixed statement= return solve(f, min, max)
Patch kind= CtReturnImpl|CtBlockImpl
generation= 61
ingredientScope= LOCAL
operation: RemoveOp
location= org.apache.commons.math.analysis.solvers.BisectionSolver
line= 80
lineSuspiciousness= 0.5
lineSuspiciousness= 2
original statement= clearResult()
buggy kind= CtInvocationImpl|CtBlockImpl
fixed statement= 
generation= 65
ingredientScope= -
validation=|true|0|2181|[]|
diffpatch=--- /src/main/java/org/apache/commons/math/analysis/solvers/BisectionSolver.java
+++ /src/main/java/org/apache/commons/math/analysis/solvers/BisectionSolver.java
@@ -20,11 +20,10 @@
 	}
 
 	public double solve(final org.apache.commons.math.analysis.UnivariateRealFunction f, double min, double max, double initial) throws org.apache.commons.math.FunctionEvaluationException, org.apache.commons.math.MaxIterationsExceededException {
-		return solve(min, max);
+		return solve(f, min, max);
 	}
 
 	public double solve(final org.apache.commons.math.analysis.UnivariateRealFunction f, double min, double max) throws org.apache.commons.math.FunctionEvaluationException, org.apache.commons.math.MaxIterationsExceededException {
-		clearResult();
 		verifyInterval(min, max);
 		double m;
 		double fm;

--- /src/main/java/org/apache/commons/math/analysis/solvers/BisectionSolver.java
+++ /src/main/java/org/apache/commons/math/analysis/solvers/BisectionSolver.java
@@ -20,11 +20,10 @@
 	}
 
 	public double solve(final org.apache.commons.math.analysis.UnivariateRealFunction f, double min, double max, double initial) throws org.apache.commons.math.FunctionEvaluationException, org.apache.commons.math.MaxIterationsExceededException {
-		return solve(min, max);
+		return solve(f, min, max);
 	}
 
 	public double solve(final org.apache.commons.math.analysis.UnivariateRealFunction f, double min, double max) throws org.apache.commons.math.FunctionEvaluationException, org.apache.commons.math.MaxIterationsExceededException {
-		clearResult();
 		verifyInterval(min, max);
 		double m;
 		double fm;


diffpatchoriginal=--- /src/main/java/org/apache/commons/math/analysis/solvers/BisectionSolver.java
+++ /src/main/java/org/apache/commons/math/analysis/solvers/BisectionSolver.java
@@ -68,8 +68,8 @@
 
 
 	public double solve(final org.apache.commons.math.analysis.UnivariateRealFunction f, double min, double max, double initial) throws 
-	org.apache.commons.math.FunctionEvaluationException, org.apache.commons.math.MaxIterationsExceededException {
-		return solve(min, max);
+	org.apache.commons.math.FunctionEvaluationException, org.apache.commons.math.MaxIterationsExceededException { 		return solve(f, min, max);
+
 
 	}
 
@@ -77,7 +77,7 @@
 	public double solve(final org.apache.commons.math.analysis.UnivariateRealFunction f, double min, double max) throws 
 	org.apache.commons.math.FunctionEvaluationException, org.apache.commons.math.MaxIterationsExceededException {
 
-		clearResult();
+
 		verifyInterval(min, max);
 		double m;
 		double fm;

--- /src/main/java/org/apache/commons/math/analysis/solvers/BisectionSolver.java
+++ /src/main/java/org/apache/commons/math/analysis/solvers/BisectionSolver.java
@@ -68,8 +68,8 @@
 
 
 	public double solve(final org.apache.commons.math.analysis.UnivariateRealFunction f, double min, double max, double initial) throws 
-	org.apache.commons.math.FunctionEvaluationException, org.apache.commons.math.MaxIterationsExceededException {
-		return solve(min, max);
+	org.apache.commons.math.FunctionEvaluationException, org.apache.commons.math.MaxIterationsExceededException { 		return solve(f, min, max);
+
 
 	}
 
@@ -77,7 +77,7 @@
 	public double solve(final org.apache.commons.math.analysis.UnivariateRealFunction f, double min, double max) throws 
 	org.apache.commons.math.FunctionEvaluationException, org.apache.commons.math.MaxIterationsExceededException {
 
-		clearResult();
+
 		verifyInterval(min, max);
 		double m;
 		double fm;



Astor Output:

General stats:
EXECUTION_IDENTIFIER=
TOTAL_TIME=31.537
NR_GENERATIONS=65
NR_RIGHT_COMPILATIONS=40
NR_FAILLING_COMPILATIONS=22
NR_ERRONEOUS_VARIANCES=null
NR_FAILING_VALIDATION_PROCESS=null
OUTPUT_STATUS=STOP_BY_PATCH_FOUND

Patch stats:

Patch 1
VARIANT_ID=62
TIME=17
VALIDATION=|true|0|2181|[]|
GENERATION=61
FOLDER_SOLUTION_CODE=/builds/workspace/astor/./output_astor/AstorMain-math_70//src//variant-62
--Patch Hunk #1
OPERATOR=ReplaceOp

LOCATION=org.apache.commons.math.analysis.solvers.BisectionSolver

PATH=/builds/workspace/astor/examples/math_70/src/main/java/org/apache/commons/math/analysis/solvers/BisectionSolver.java

MODIFIED_FILE_PATH=/builds/workspace/astor/./output_astor/AstorMain-math_70//src//variant-62/org/apache/commons/math/analysis/solvers/BisectionSolver.java

LINE=72

SUSPICIOUNESS=1

MP_RANKING=0

ORIGINAL_CODE=return solve(min, max)

BUGGY_CODE_TYPE=CtReturnImpl|CtBlockImpl

PATCH_HUNK_CODE=return solve(f, min, max)

PATCH_HUNK_TYPE=CtReturnImpl|CtBlockImpl

INGREDIENT_SCOPE=LOCAL

INGREDIENT_PARENT=return solve(f, min, max)

PATCH_DIFF_ORIG=--- /src/main/java/org/apache/commons/math/analysis/solvers/BisectionSolver.java
+++ /src/main/java/org/apache/commons/math/analysis/solvers/BisectionSolver.java
@@ -68,8 +68,8 @@
 
 
 	public double solve(final org.apache.commons.math.analysis.UnivariateRealFunction f, double min, double max, double initial) throws 
-	org.apache.commons.math.FunctionEvaluationException, org.apache.commons.math.MaxIterationsExceededException {
-		return solve(min, max);
+	org.apache.commons.math.FunctionEvaluationException, org.apache.commons.math.MaxIterationsExceededException { 		return solve(f, min, max);
+
 
 	}
 



Patch 2
VARIANT_ID=65
TIME=24
VALIDATION=|true|0|2181|[]|
GENERATION=64
FOLDER_SOLUTION_CODE=/builds/workspace/astor/./output_astor/AstorMain-math_70//src//variant-65
--Patch Hunk #1
OPERATOR=ReplaceOp

LOCATION=org.apache.commons.math.analysis.solvers.BisectionSolver

PATH=/builds/workspace/astor/examples/math_70/src/main/java/org/apache/commons/math/analysis/solvers/BisectionSolver.java

MODIFIED_FILE_PATH=/builds/workspace/astor/./output_astor/AstorMain-math_70//src//variant-65/org/apache/commons/math/analysis/solvers/BisectionSolver.java

LINE=72

SUSPICIOUNESS=1

MP_RANKING=0

ORIGINAL_CODE=return solve(min, max)

BUGGY_CODE_TYPE=CtReturnImpl|CtBlockImpl

PATCH_HUNK_CODE=return solve(f, min, max)

PATCH_HUNK_TYPE=CtReturnImpl|CtBlockImpl

INGREDIENT_SCOPE=LOCAL

INGREDIENT_PARENT=return solve(f, min, max)
--Patch Hunk #2
OPERATOR=ReplaceOp

LOCATION=org.apache.commons.math.analysis.solvers.BisectionSolver

PATH=/builds/workspace/astor/examples/math_70/src/main/java/org/apache/commons/math/analysis/solvers/BisectionSolver.java

MODIFIED_FILE_PATH=/builds/workspace/astor/./output_astor/AstorMain-math_70//src//variant-65/org/apache/commons/math/analysis/solvers/BisectionSolver.java

LINE=81

SUSPICIOUNESS=0.5

MP_RANKING=3

ORIGINAL_CODE=verifyInterval(min, max)

BUGGY_CODE_TYPE=CtInvocationImpl|CtBlockImpl

PATCH_HUNK_CODE=verifyInterval(min, max)

PATCH_HUNK_TYPE=CtInvocationImpl|CtBlockImpl

INGREDIENT_SCOPE=LOCAL

INGREDIENT_PARENT=verifyInterval(min, max)

PATCH_DIFF_ORIG=--- /src/main/java/org/apache/commons/math/analysis/solvers/BisectionSolver.java
+++ /src/main/java/org/apache/commons/math/analysis/solvers/BisectionSolver.java
@@ -68,8 +68,8 @@
 
 
 	public double solve(final org.apache.commons.math.analysis.UnivariateRealFunction f, double min, double max, double initial) throws 
-	org.apache.commons.math.FunctionEvaluationException, org.apache.commons.math.MaxIterationsExceededException {
-		return solve(min, max);
+	org.apache.commons.math.FunctionEvaluationException, org.apache.commons.math.MaxIterationsExceededException { 		return solve(f, min, max);
+
 
 	}
 

--- /src/main/java/org/apache/commons/math/analysis/solvers/BisectionSolver.java
+++ /src/main/java/org/apache/commons/math/analysis/solvers/BisectionSolver.java
@@ -68,8 +68,8 @@
 
 
 	public double solve(final org.apache.commons.math.analysis.UnivariateRealFunction f, double min, double max, double initial) throws 
-	org.apache.commons.math.FunctionEvaluationException, org.apache.commons.math.MaxIterationsExceededException {
-		return solve(min, max);
+	org.apache.commons.math.FunctionEvaluationException, org.apache.commons.math.MaxIterationsExceededException { 		return solve(f, min, max);
+
 
 	}
 



Patch 3
VARIANT_ID=66
TIME=31
VALIDATION=|true|0|2181|[]|
GENERATION=65
FOLDER_SOLUTION_CODE=/builds/workspace/astor/./output_astor/AstorMain-math_70//src//variant-66
--Patch Hunk #1
OPERATOR=ReplaceOp

LOCATION=org.apache.commons.math.analysis.solvers.BisectionSolver

PATH=/builds/workspace/astor/examples/math_70/src/main/java/org/apache/commons/math/analysis/solvers/BisectionSolver.java

MODIFIED_FILE_PATH=/builds/workspace/astor/./output_astor/AstorMain-math_70//src//variant-66/org/apache/commons/math/analysis/solvers/BisectionSolver.java

LINE=72

SUSPICIOUNESS=1

MP_RANKING=0

ORIGINAL_CODE=return solve(min, max)

BUGGY_CODE_TYPE=CtReturnImpl|CtBlockImpl

PATCH_HUNK_CODE=return solve(f, min, max)

PATCH_HUNK_TYPE=CtReturnImpl|CtBlockImpl

INGREDIENT_SCOPE=LOCAL

INGREDIENT_PARENT=return solve(f, min, max)
--Patch Hunk #2
OPERATOR=RemoveOp

LOCATION=org.apache.commons.math.analysis.solvers.BisectionSolver

PATH=/builds/workspace/astor/examples/math_70/src/main/java/org/apache/commons/math/analysis/solvers/BisectionSolver.java

MODIFIED_FILE_PATH=/builds/workspace/astor/./output_astor/AstorMain-math_70//src//variant-66/org/apache/commons/math/analysis/solvers/BisectionSolver.java

LINE=80

SUSPICIOUNESS=0.5

MP_RANKING=2

ORIGINAL_CODE=clearResult()

BUGGY_CODE_TYPE=CtInvocationImpl|CtBlockImpl

PATCH_HUNK_CODE=null

PATCH_HUNK_TYPE=null

INGREDIENT_SCOPE=-

INGREDIENT_PARENT=null

PATCH_DIFF_ORIG=--- /src/main/java/org/apache/commons/math/analysis/solvers/BisectionSolver.java
+++ /src/main/java/org/apache/commons/math/analysis/solvers/BisectionSolver.java
@@ -68,8 +68,8 @@
 
 
 	public double solve(final org.apache.commons.math.analysis.UnivariateRealFunction f, double min, double max, double initial) throws 
-	org.apache.commons.math.FunctionEvaluationException, org.apache.commons.math.MaxIterationsExceededException {
-		return solve(min, max);
+	org.apache.commons.math.FunctionEvaluationException, org.apache.commons.math.MaxIterationsExceededException { 		return solve(f, min, max);
+
 
 	}
 
@@ -77,7 +77,7 @@
 	public double solve(final org.apache.commons.math.analysis.UnivariateRealFunction f, double min, double max) throws 
 	org.apache.commons.math.FunctionEvaluationException, org.apache.commons.math.MaxIterationsExceededException {
 
-		clearResult();
+
 		verifyInterval(min, max);
 		double m;
 		double fm;

--- /src/main/java/org/apache/commons/math/analysis/solvers/BisectionSolver.java
+++ /src/main/java/org/apache/commons/math/analysis/solvers/BisectionSolver.java
@@ -68,8 +68,8 @@
 
 
 	public double solve(final org.apache.commons.math.analysis.UnivariateRealFunction f, double min, double max, double initial) throws 
-	org.apache.commons.math.FunctionEvaluationException, org.apache.commons.math.MaxIterationsExceededException {
-		return solve(min, max);
+	org.apache.commons.math.FunctionEvaluationException, org.apache.commons.math.MaxIterationsExceededException { 		return solve(f, min, max);
+
 
 	}
 
@@ -77,7 +77,7 @@
 	public double solve(final org.apache.commons.math.analysis.UnivariateRealFunction f, double min, double max) throws 
 	org.apache.commons.math.FunctionEvaluationException, org.apache.commons.math.MaxIterationsExceededException {
 
-		clearResult();
+
 		verifyInterval(min, max);
 		double m;
 		double fm;



[INFO ] fr.inria.main.evolution.AstorMain.run(AstorMain.java:196) - Time Total(s): 66.06
[INFO ] fr.inria.astor.test.repair.approaches.JGenProgEvolutionaryTest.testMath70PackageSolutionsEvolving(JGenProgEvolutionaryTest.java:57) - -->[[OP_INSTANCE:
ReplaceOp:(spoon.support.reflect.code.CtReturnImpl) `return solve(min, max) ` -topatch--> `return solve(f, min, max)` (spoon.support.reflect.code.CtReturnImpl) ]]
[INFO ] fr.inria.astor.test.repair.approaches.JGenProgEvolutionaryTest.testMath70PackageSolutionsEvolving(JGenProgEvolutionaryTest.java:57) - -->[[OP_INSTANCE:
ReplaceOp:(spoon.support.reflect.code.CtInvocationImpl) `verifyInterval(min, max) ` -topatch--> `verifyInterval(min, max)` (spoon.support.reflect.code.CtInvocationImpl) ], [OP_INSTANCE:
ReplaceOp:(spoon.support.reflect.code.CtReturnImpl) `return solve(min, max) ` -topatch--> `return solve(f, min, max)` (spoon.support.reflect.code.CtReturnImpl) ]]
[INFO ] fr.inria.astor.test.repair.approaches.JGenProgEvolutionaryTest.testMath70PackageSolutionsEvolving(JGenProgEvolutionaryTest.java:57) - -->[[OP_INSTANCE:
ReplaceOp:(spoon.support.reflect.code.CtReturnImpl) `return solve(min, max) ` -topatch--> `return solve(f, min, max)` (spoon.support.reflect.code.CtReturnImpl) ], [OP_INSTANCE:
RemoveOp:(spoon.support.reflect.code.CtInvocationImpl) `clearResult() ` -topatch--> `-` (null) ]]
Tests run: 1, Failures: 0, Errors: 0, Skipped: 0, Time elapsed: 66.697 sec - in fr.inria.astor.test.repair.approaches.JGenProgEvolutionaryTest

Results :

Tests run: 1, Failures: 0, Errors: 0, Skipped: 0

[INFO] 
[INFO] --- jacoco-maven-plugin:0.7.5.201505241946:report (report) @ astor ---
[INFO] Analyzed bundle 'astor' with 429 classes
[INFO] ------------------------------------------------------------------------
[INFO] BUILD SUCCESS
[INFO] ------------------------------------------------------------------------
[INFO] Total time: 01:22 min
[INFO] Finished at: 2019-12-08T12:33:16+01:00
[INFO] Final Memory: 32M/213M
[INFO] ------------------------------------------------------------------------
[WS-CLEANUP] Deleting project workspace...
[WS-CLEANUP] Deferred wipeout is used...
[WS-CLEANUP] done
Finished: SUCCESS
