build-test-deploy	Set up job	2021-11-30T20:55:25.6348665Z Current runner version: '2.284.0'
build-test-deploy	Set up job	2021-11-30T20:55:25.6381670Z ##[group]Operating System
build-test-deploy	Set up job	2021-11-30T20:55:25.6382763Z Ubuntu
build-test-deploy	Set up job	2021-11-30T20:55:25.6383239Z 20.04.3
build-test-deploy	Set up job	2021-11-30T20:55:25.6383753Z LTS
build-test-deploy	Set up job	2021-11-30T20:55:25.6384288Z ##[endgroup]
build-test-deploy	Set up job	2021-11-30T20:55:25.6384944Z ##[group]Virtual Environment
build-test-deploy	Set up job	2021-11-30T20:55:25.6385707Z Environment: ubuntu-20.04
build-test-deploy	Set up job	2021-11-30T20:55:25.6386298Z Version: 20211122.1
build-test-deploy	Set up job	2021-11-30T20:55:25.6387455Z Included Software: https://github.com/actions/virtual-environments/blob/ubuntu20/20211122.1/images/linux/Ubuntu2004-README.md
build-test-deploy	Set up job	2021-11-30T20:55:25.6388976Z Image Release: https://github.com/actions/virtual-environments/releases/tag/ubuntu20%2F20211122.1
build-test-deploy	Set up job	2021-11-30T20:55:25.6390002Z ##[endgroup]
build-test-deploy	Set up job	2021-11-30T20:55:25.6390741Z ##[group]Virtual Environment Provisioner
build-test-deploy	Set up job	2021-11-30T20:55:25.6391440Z 1.0.0.0-master-20211123-1
build-test-deploy	Set up job	2021-11-30T20:55:25.6392175Z ##[endgroup]
build-test-deploy	Set up job	2021-11-30T20:55:25.6394255Z ##[group]GITHUB_TOKEN Permissions
build-test-deploy	Set up job	2021-11-30T20:55:25.6395548Z Actions: write
build-test-deploy	Set up job	2021-11-30T20:55:25.6396269Z Checks: write
build-test-deploy	Set up job	2021-11-30T20:55:25.6396777Z Contents: write
build-test-deploy	Set up job	2021-11-30T20:55:25.6397415Z Deployments: write
build-test-deploy	Set up job	2021-11-30T20:55:25.6397971Z Discussions: write
build-test-deploy	Set up job	2021-11-30T20:55:25.6398537Z Issues: write
build-test-deploy	Set up job	2021-11-30T20:55:25.6399082Z Metadata: read
build-test-deploy	Set up job	2021-11-30T20:55:25.6399590Z Packages: write
build-test-deploy	Set up job	2021-11-30T20:55:25.6400179Z Pages: write
build-test-deploy	Set up job	2021-11-30T20:55:25.6400763Z PullRequests: write
build-test-deploy	Set up job	2021-11-30T20:55:25.6401366Z RepositoryProjects: write
build-test-deploy	Set up job	2021-11-30T20:55:25.6401931Z SecurityEvents: write
build-test-deploy	Set up job	2021-11-30T20:55:25.6402460Z Statuses: write
build-test-deploy	Set up job	2021-11-30T20:55:25.6403072Z ##[endgroup]
build-test-deploy	Set up job	2021-11-30T20:55:25.6405840Z Prepare workflow directory
build-test-deploy	Set up job	2021-11-30T20:55:25.7061721Z Prepare all required actions
build-test-deploy	Set up job	2021-11-30T20:55:25.7073153Z Getting action download info
build-test-deploy	Set up job	2021-11-30T20:55:25.9465531Z Download action repository 'actions/checkout@v2' (SHA:ec3a7ce113134d7a93b817d10a8272cb61118579)
build-test-deploy	Set up job	2021-11-30T20:55:27.7648484Z Download action repository 'actions/setup-java@v2' (SHA:5f00602cd1b2819185d88dc7a1b1985f598c6705)
build-test-deploy	checkout cidiff	2021-11-30T20:55:28.2038648Z ##[group]Run actions/checkout@v2
build-test-deploy	checkout cidiff	2021-11-30T20:55:28.2039300Z with:
build-test-deploy	checkout cidiff	2021-11-30T20:55:28.2039794Z   repository: labri-progress/cidiff
build-test-deploy	checkout cidiff	2021-11-30T20:55:28.2040750Z   token: ***
build-test-deploy	checkout cidiff	2021-11-30T20:55:28.2041183Z   ssh-strict: true
build-test-deploy	checkout cidiff	2021-11-30T20:55:28.2041689Z   persist-credentials: true
build-test-deploy	checkout cidiff	2021-11-30T20:55:28.2042195Z   clean: true
build-test-deploy	checkout cidiff	2021-11-30T20:55:28.2042605Z   fetch-depth: 1
build-test-deploy	checkout cidiff	2021-11-30T20:55:28.2043027Z   lfs: false
build-test-deploy	checkout cidiff	2021-11-30T20:55:28.2043438Z   submodules: false
build-test-deploy	checkout cidiff	2021-11-30T20:55:28.2043879Z ##[endgroup]
build-test-deploy	checkout cidiff	2021-11-30T20:55:28.4668710Z Syncing repository: labri-progress/cidiff
build-test-deploy	checkout cidiff	2021-11-30T20:55:28.4670300Z ##[group]Getting Git version info
build-test-deploy	checkout cidiff	2021-11-30T20:55:28.4671253Z Working directory is '/home/runner/work/cidiff/cidiff'
build-test-deploy	checkout cidiff	2021-11-30T20:55:28.4672480Z [command]/usr/bin/git version
build-test-deploy	checkout cidiff	2021-11-30T20:55:28.4775558Z git version 2.34.0
build-test-deploy	checkout cidiff	2021-11-30T20:55:28.4799386Z ##[endgroup]
build-test-deploy	checkout cidiff	2021-11-30T20:55:28.4804592Z Deleting the contents of '/home/runner/work/cidiff/cidiff'
build-test-deploy	checkout cidiff	2021-11-30T20:55:28.4809396Z ##[group]Initializing the repository
build-test-deploy	checkout cidiff	2021-11-30T20:55:28.4812960Z [command]/usr/bin/git init /home/runner/work/cidiff/cidiff
build-test-deploy	checkout cidiff	2021-11-30T20:55:28.4875363Z hint: Using 'master' as the name for the initial branch. This default branch name
build-test-deploy	checkout cidiff	2021-11-30T20:55:28.4876594Z hint: is subject to change. To configure the initial branch name to use in all
build-test-deploy	checkout cidiff	2021-11-30T20:55:28.4877643Z hint: of your new repositories, which will suppress this warning, call:
build-test-deploy	checkout cidiff	2021-11-30T20:55:28.4878476Z hint: 
build-test-deploy	checkout cidiff	2021-11-30T20:55:28.4879459Z hint: 	git config --global init.defaultBranch <name>
build-test-deploy	checkout cidiff	2021-11-30T20:55:28.4880264Z hint: 
build-test-deploy	checkout cidiff	2021-11-30T20:55:28.4881243Z hint: Names commonly chosen instead of 'master' are 'main', 'trunk' and
build-test-deploy	checkout cidiff	2021-11-30T20:55:28.4882500Z hint: 'development'. The just-created branch can be renamed via this command:
build-test-deploy	checkout cidiff	2021-11-30T20:55:28.4883341Z hint: 
build-test-deploy	checkout cidiff	2021-11-30T20:55:28.4884131Z hint: 	git branch -m <name>
build-test-deploy	checkout cidiff	2021-11-30T20:55:28.4894402Z Initialized empty Git repository in /home/runner/work/cidiff/cidiff/.git/
build-test-deploy	checkout cidiff	2021-11-30T20:55:28.4907020Z [command]/usr/bin/git remote add origin https://github.com/labri-progress/cidiff
build-test-deploy	checkout cidiff	2021-11-30T20:55:28.4953158Z ##[endgroup]
build-test-deploy	checkout cidiff	2021-11-30T20:55:28.4954806Z ##[group]Disabling automatic garbage collection
build-test-deploy	checkout cidiff	2021-11-30T20:55:28.4957786Z [command]/usr/bin/git config --local gc.auto 0
build-test-deploy	checkout cidiff	2021-11-30T20:55:28.4996523Z ##[endgroup]
build-test-deploy	checkout cidiff	2021-11-30T20:55:28.5002060Z ##[group]Setting up auth
build-test-deploy	checkout cidiff	2021-11-30T20:55:28.5008341Z [command]/usr/bin/git config --local --name-only --get-regexp core\.sshCommand
build-test-deploy	checkout cidiff	2021-11-30T20:55:28.5044897Z [command]/usr/bin/git submodule foreach --recursive git config --local --name-only --get-regexp 'core\.sshCommand' && git config --local --unset-all 'core.sshCommand' || :
build-test-deploy	checkout cidiff	2021-11-30T20:55:28.5424377Z [command]/usr/bin/git config --local --name-only --get-regexp http\.https\:\/\/github\.com\/\.extraheader
build-test-deploy	checkout cidiff	2021-11-30T20:55:28.5458407Z [command]/usr/bin/git submodule foreach --recursive git config --local --name-only --get-regexp 'http\.https\:\/\/github\.com\/\.extraheader' && git config --local --unset-all 'http.https://github.com/.extraheader' || :
build-test-deploy	checkout cidiff	2021-11-30T20:55:29.0270593Z [command]/usr/bin/git config --local http.https://github.com/.extraheader AUTHORIZATION: basic ***
build-test-deploy	checkout cidiff	2021-11-30T20:55:29.0272586Z ##[endgroup]
build-test-deploy	checkout cidiff	2021-11-30T20:55:29.0273846Z ##[group]Fetching the repository
build-test-deploy	checkout cidiff	2021-11-30T20:55:29.0275739Z [command]/usr/bin/git -c protocol.version=2 fetch --no-tags --prune --progress --no-recurse-submodules --depth=1 origin +1cbeb2c8b26eaef105544ee4b642ae7d7e9b5d85:refs/remotes/origin/main
build-test-deploy	checkout cidiff	2021-11-30T20:55:29.0277305Z remote: Enumerating objects: 51, done.        
build-test-deploy	checkout cidiff	2021-11-30T20:55:29.0278088Z remote: Counting objects:   1% (1/51)        
build-test-deploy	checkout cidiff	2021-11-30T20:55:29.0278805Z remote: Counting objects:   3% (2/51)        
build-test-deploy	checkout cidiff	2021-11-30T20:55:29.0279521Z remote: Counting objects:   5% (3/51)        
build-test-deploy	checkout cidiff	2021-11-30T20:55:29.0280243Z remote: Counting objects:   7% (4/51)        
build-test-deploy	checkout cidiff	2021-11-30T20:55:29.0280947Z remote: Counting objects:   9% (5/51)        
build-test-deploy	checkout cidiff	2021-11-30T20:55:29.0281661Z remote: Counting objects:  11% (6/51)        
build-test-deploy	checkout cidiff	2021-11-30T20:55:29.0282371Z remote: Counting objects:  13% (7/51)        
build-test-deploy	checkout cidiff	2021-11-30T20:55:29.0283364Z remote: Counting objects:  15% (8/51)        
build-test-deploy	checkout cidiff	2021-11-30T20:55:29.0284082Z remote: Counting objects:  17% (9/51)        
build-test-deploy	checkout cidiff	2021-11-30T20:55:29.0284790Z remote: Counting objects:  19% (10/51)        
build-test-deploy	checkout cidiff	2021-11-30T20:55:29.0285514Z remote: Counting objects:  21% (11/51)        
build-test-deploy	checkout cidiff	2021-11-30T20:55:29.0286230Z remote: Counting objects:  23% (12/51)        
build-test-deploy	checkout cidiff	2021-11-30T20:55:29.0286938Z remote: Counting objects:  25% (13/51)        
build-test-deploy	checkout cidiff	2021-11-30T20:55:29.0287660Z remote: Counting objects:  27% (14/51)        
build-test-deploy	checkout cidiff	2021-11-30T20:55:29.0288381Z remote: Counting objects:  29% (15/51)        
build-test-deploy	checkout cidiff	2021-11-30T20:55:29.0289098Z remote: Counting objects:  31% (16/51)        
build-test-deploy	checkout cidiff	2021-11-30T20:55:29.0289823Z remote: Counting objects:  33% (17/51)        
build-test-deploy	checkout cidiff	2021-11-30T20:55:29.0290529Z remote: Counting objects:  35% (18/51)        
build-test-deploy	checkout cidiff	2021-11-30T20:55:29.0291249Z remote: Counting objects:  37% (19/51)        
build-test-deploy	checkout cidiff	2021-11-30T20:55:29.0291967Z remote: Counting objects:  39% (20/51)        
build-test-deploy	checkout cidiff	2021-11-30T20:55:29.0292689Z remote: Counting objects:  41% (21/51)        
build-test-deploy	checkout cidiff	2021-11-30T20:55:29.0293538Z remote: Counting objects:  43% (22/51)        
build-test-deploy	checkout cidiff	2021-11-30T20:55:29.0294258Z remote: Counting objects:  45% (23/51)        
build-test-deploy	checkout cidiff	2021-11-30T20:55:29.0294962Z remote: Counting objects:  47% (24/51)        
build-test-deploy	checkout cidiff	2021-11-30T20:55:29.0295682Z remote: Counting objects:  49% (25/51)        
build-test-deploy	checkout cidiff	2021-11-30T20:55:29.0296402Z remote: Counting objects:  50% (26/51)        
build-test-deploy	checkout cidiff	2021-11-30T20:55:29.0297103Z remote: Counting objects:  52% (27/51)        
build-test-deploy	checkout cidiff	2021-11-30T20:55:29.0297818Z remote: Counting objects:  54% (28/51)        
build-test-deploy	checkout cidiff	2021-11-30T20:55:29.0298579Z remote: Counting objects:  56% (29/51)        
build-test-deploy	checkout cidiff	2021-11-30T20:55:29.0299291Z remote: Counting objects:  58% (30/51)        
build-test-deploy	checkout cidiff	2021-11-30T20:55:29.0300013Z remote: Counting objects:  60% (31/51)        
build-test-deploy	checkout cidiff	2021-11-30T20:55:29.0300888Z remote: Counting objects:  62% (32/51)        
build-test-deploy	checkout cidiff	2021-11-30T20:55:29.0301615Z remote: Counting objects:  64% (33/51)        
build-test-deploy	checkout cidiff	2021-11-30T20:55:29.0302343Z remote: Counting objects:  66% (34/51)        
build-test-deploy	checkout cidiff	2021-11-30T20:55:29.0303232Z remote: Counting objects:  68% (35/51)        
build-test-deploy	checkout cidiff	2021-11-30T20:55:29.0303960Z remote: Counting objects:  70% (36/51)        
build-test-deploy	checkout cidiff	2021-11-30T20:55:29.0304680Z remote: Counting objects:  72% (37/51)        
build-test-deploy	checkout cidiff	2021-11-30T20:55:29.0305384Z remote: Counting objects:  74% (38/51)        
build-test-deploy	checkout cidiff	2021-11-30T20:55:29.0306105Z remote: Counting objects:  76% (39/51)        
build-test-deploy	checkout cidiff	2021-11-30T20:55:29.0306821Z remote: Counting objects:  78% (40/51)        
build-test-deploy	checkout cidiff	2021-11-30T20:55:29.0307527Z remote: Counting objects:  80% (41/51)        
build-test-deploy	checkout cidiff	2021-11-30T20:55:29.0308254Z remote: Counting objects:  82% (42/51)        
build-test-deploy	checkout cidiff	2021-11-30T20:55:29.0308975Z remote: Counting objects:  84% (43/51)        
build-test-deploy	checkout cidiff	2021-11-30T20:55:29.0309679Z remote: Counting objects:  86% (44/51)        
build-test-deploy	checkout cidiff	2021-11-30T20:55:29.0310396Z remote: Counting objects:  88% (45/51)        
build-test-deploy	checkout cidiff	2021-11-30T20:55:29.0311103Z remote: Counting objects:  90% (46/51)        
build-test-deploy	checkout cidiff	2021-11-30T20:55:29.0311823Z remote: Counting objects:  92% (47/51)        
build-test-deploy	checkout cidiff	2021-11-30T20:55:29.0312565Z remote: Counting objects:  94% (48/51)        
build-test-deploy	checkout cidiff	2021-11-30T20:55:29.0313275Z remote: Counting objects:  96% (49/51)        
build-test-deploy	checkout cidiff	2021-11-30T20:55:29.0313992Z remote: Counting objects:  98% (50/51)        
build-test-deploy	checkout cidiff	2021-11-30T20:55:29.0314709Z remote: Counting objects: 100% (51/51)        
build-test-deploy	checkout cidiff	2021-11-30T20:55:29.0315437Z remote: Counting objects: 100% (51/51), done.        
build-test-deploy	checkout cidiff	2021-11-30T20:55:29.0316208Z remote: Compressing objects:   3% (1/32)        
build-test-deploy	checkout cidiff	2021-11-30T20:55:29.0316972Z remote: Compressing objects:   6% (2/32)        
build-test-deploy	checkout cidiff	2021-11-30T20:55:29.0317728Z remote: Compressing objects:   9% (3/32)        
build-test-deploy	checkout cidiff	2021-11-30T20:55:29.0318490Z remote: Compressing objects:  12% (4/32)        
build-test-deploy	checkout cidiff	2021-11-30T20:55:29.0319254Z remote: Compressing objects:  15% (5/32)        
build-test-deploy	checkout cidiff	2021-11-30T20:55:29.0320007Z remote: Compressing objects:  18% (6/32)        
build-test-deploy	checkout cidiff	2021-11-30T20:55:29.0321316Z remote: Compressing objects:  21% (7/32)        
build-test-deploy	checkout cidiff	2021-11-30T20:55:29.0322095Z remote: Compressing objects:  25% (8/32)        
build-test-deploy	checkout cidiff	2021-11-30T20:55:29.0323068Z remote: Compressing objects:  28% (9/32)        
build-test-deploy	checkout cidiff	2021-11-30T20:55:29.0323842Z remote: Compressing objects:  31% (10/32)        
build-test-deploy	checkout cidiff	2021-11-30T20:55:29.0324612Z remote: Compressing objects:  34% (11/32)        
build-test-deploy	checkout cidiff	2021-11-30T20:55:29.0325369Z remote: Compressing objects:  37% (12/32)        
build-test-deploy	checkout cidiff	2021-11-30T20:55:29.0326138Z remote: Compressing objects:  40% (13/32)        
build-test-deploy	checkout cidiff	2021-11-30T20:55:29.0326902Z remote: Compressing objects:  43% (14/32)        
build-test-deploy	checkout cidiff	2021-11-30T20:55:29.0327660Z remote: Compressing objects:  46% (15/32)        
build-test-deploy	checkout cidiff	2021-11-30T20:55:29.0328417Z remote: Compressing objects:  50% (16/32)        
build-test-deploy	checkout cidiff	2021-11-30T20:55:29.0329173Z remote: Compressing objects:  53% (17/32)        
build-test-deploy	checkout cidiff	2021-11-30T20:55:29.0329926Z remote: Compressing objects:  56% (18/32)        
build-test-deploy	checkout cidiff	2021-11-30T20:55:29.0330688Z remote: Compressing objects:  59% (19/32)        
build-test-deploy	checkout cidiff	2021-11-30T20:55:29.0331449Z remote: Compressing objects:  62% (20/32)        
build-test-deploy	checkout cidiff	2021-11-30T20:55:29.0332217Z remote: Compressing objects:  65% (21/32)        
build-test-deploy	checkout cidiff	2021-11-30T20:55:29.0332997Z remote: Compressing objects:  68% (22/32)        
build-test-deploy	checkout cidiff	2021-11-30T20:55:29.0333744Z remote: Compressing objects:  71% (23/32)        
build-test-deploy	checkout cidiff	2021-11-30T20:55:29.0334511Z remote: Compressing objects:  75% (24/32)        
build-test-deploy	checkout cidiff	2021-11-30T20:55:29.0335269Z remote: Compressing objects:  78% (25/32)        
build-test-deploy	checkout cidiff	2021-11-30T20:55:29.0336016Z remote: Compressing objects:  81% (26/32)        
build-test-deploy	checkout cidiff	2021-11-30T20:55:29.0336774Z remote: Compressing objects:  84% (27/32)        
build-test-deploy	checkout cidiff	2021-11-30T20:55:29.0337537Z remote: Compressing objects:  87% (28/32)        
build-test-deploy	checkout cidiff	2021-11-30T20:55:29.0338286Z remote: Compressing objects:  90% (29/32)        
build-test-deploy	checkout cidiff	2021-11-30T20:55:29.0339052Z remote: Compressing objects:  93% (30/32)        
build-test-deploy	checkout cidiff	2021-11-30T20:55:29.0339821Z remote: Compressing objects:  96% (31/32)        
build-test-deploy	checkout cidiff	2021-11-30T20:55:29.0342585Z remote: Compressing objects: 100% (32/32)        
build-test-deploy	checkout cidiff	2021-11-30T20:55:29.0343393Z remote: Compressing objects: 100% (32/32), done.        
build-test-deploy	checkout cidiff	2021-11-30T20:55:29.0344659Z remote: Total 51 (delta 8), reused 35 (delta 5), pack-reused 0        
build-test-deploy	checkout cidiff	2021-11-30T20:55:29.0346045Z From https://github.com/labri-progress/cidiff
build-test-deploy	checkout cidiff	2021-11-30T20:55:29.0347398Z  * [new ref]         1cbeb2c8b26eaef105544ee4b642ae7d7e9b5d85 -> origin/main
build-test-deploy	checkout cidiff	2021-11-30T20:55:29.0349002Z ##[endgroup]
build-test-deploy	checkout cidiff	2021-11-30T20:55:29.0350244Z ##[group]Determining the checkout info
build-test-deploy	checkout cidiff	2021-11-30T20:55:29.0351447Z ##[endgroup]
build-test-deploy	checkout cidiff	2021-11-30T20:55:29.0352597Z ##[group]Checking out the ref
build-test-deploy	checkout cidiff	2021-11-30T20:55:29.0353699Z [command]/usr/bin/git checkout --progress --force -B main refs/remotes/origin/main
build-test-deploy	checkout cidiff	2021-11-30T20:55:29.0354749Z Switched to a new branch 'main'
build-test-deploy	checkout cidiff	2021-11-30T20:55:29.0355731Z Branch 'main' set up to track remote branch 'main' from 'origin'.
build-test-deploy	checkout cidiff	2021-11-30T20:55:29.0357015Z ##[endgroup]
build-test-deploy	checkout cidiff	2021-11-30T20:55:29.0357837Z [command]/usr/bin/git log -1 --format='%H'
build-test-deploy	checkout cidiff	2021-11-30T20:55:29.0358944Z '1cbeb2c8b26eaef105544ee4b642ae7d7e9b5d85'
build-test-deploy	Run actions/setup-java@v2	2021-11-30T20:55:29.0520970Z ##[group]Run actions/setup-java@v2
build-test-deploy	Run actions/setup-java@v2	2021-11-30T20:55:29.0521560Z with:
build-test-deploy	Run actions/setup-java@v2	2021-11-30T20:55:29.0522016Z   java-version: 17
build-test-deploy	Run actions/setup-java@v2	2021-11-30T20:55:29.0522554Z   distribution: zulu
build-test-deploy	Run actions/setup-java@v2	2021-11-30T20:55:29.0523083Z   java-package: jdk
build-test-deploy	Run actions/setup-java@v2	2021-11-30T20:55:29.0523595Z   architecture: x64
build-test-deploy	Run actions/setup-java@v2	2021-11-30T20:55:29.0524327Z   check-latest: false
build-test-deploy	Run actions/setup-java@v2	2021-11-30T20:55:29.0524879Z   server-id: github
build-test-deploy	Run actions/setup-java@v2	2021-11-30T20:55:29.0525505Z   server-username: GITHUB_ACTOR
build-test-deploy	Run actions/setup-java@v2	2021-11-30T20:55:29.0526190Z   server-password: GITHUB_TOKEN
build-test-deploy	Run actions/setup-java@v2	2021-11-30T20:55:29.0526880Z   overwrite-settings: true
build-test-deploy	Run actions/setup-java@v2	2021-11-30T20:55:29.0527501Z   job-status: success
build-test-deploy	Run actions/setup-java@v2	2021-11-30T20:55:29.0528039Z ##[endgroup]
build-test-deploy	Run actions/setup-java@v2	2021-11-30T20:55:29.7732522Z Trying to resolve the latest version from remote
build-test-deploy	Run actions/setup-java@v2	2021-11-30T20:55:29.7733281Z Resolved latest version as 17.0.1+12
build-test-deploy	Run actions/setup-java@v2	2021-11-30T20:55:29.7733869Z Trying to download...
build-test-deploy	Run actions/setup-java@v2	2021-11-30T20:55:29.7735496Z Downloading Java 17.0.1+12 (Zulu) from https://cdn.azul.com/zulu/bin/zulu17.30.15-ca-jdk17.0.1-linux_x64.tar.gz ...
build-test-deploy	Run actions/setup-java@v2	2021-11-30T20:55:30.7913538Z Extracting Java archive...
build-test-deploy	Run actions/setup-java@v2	2021-11-30T20:55:30.8170003Z [command]/usr/bin/tar xz --warning=no-unknown-keyword -C /home/runner/work/_temp/4581791c-69cc-4d39-8186-21dae51f5aef -f /home/runner/work/_temp/44f523d6-012c-40f3-ba2e-f96874ef37c7
build-test-deploy	Run actions/setup-java@v2	2021-11-30T20:55:34.3770722Z Java 17.0.1+12 was downloaded
build-test-deploy	Run actions/setup-java@v2	2021-11-30T20:55:34.3772608Z Setting Java 17.0.1+12 as the default
build-test-deploy	Run actions/setup-java@v2	2021-11-30T20:55:34.3828348Z 
build-test-deploy	Run actions/setup-java@v2	2021-11-30T20:55:34.3829311Z Java configuration:
build-test-deploy	Run actions/setup-java@v2	2021-11-30T20:55:34.3829878Z   Distribution: zulu
build-test-deploy	Run actions/setup-java@v2	2021-11-30T20:55:34.3830394Z   Version: 17.0.1+12
build-test-deploy	Run actions/setup-java@v2	2021-11-30T20:55:34.3831369Z   Path: /opt/hostedtoolcache/Java_Zulu_jdk/17.0.1-12/x64
build-test-deploy	Run actions/setup-java@v2	2021-11-30T20:55:34.3831954Z 
build-test-deploy	Run actions/setup-java@v2	2021-11-30T20:55:34.3851937Z Creating settings.xml with server-id: github
build-test-deploy	Run actions/setup-java@v2	2021-11-30T20:55:34.3904411Z Writing to /home/runner/.m2/settings.xml
build-test-deploy	build cidiff	2021-11-30T20:55:34.4417143Z ##[group]Run ./gradlew build
build-test-deploy	build cidiff	2021-11-30T20:55:34.4418113Z [36;1m./gradlew build[0m
build-test-deploy	build cidiff	2021-11-30T20:55:34.4475225Z shell: /usr/bin/bash -e {0}
build-test-deploy	build cidiff	2021-11-30T20:55:34.4475660Z env:
build-test-deploy	build cidiff	2021-11-30T20:55:34.4476223Z   JAVA_HOME: /opt/hostedtoolcache/Java_Zulu_jdk/17.0.1-12/x64
build-test-deploy	build cidiff	2021-11-30T20:55:34.4476783Z ##[endgroup]
build-test-deploy	build cidiff	2021-11-30T20:55:34.5825446Z Downloading https://services.gradle.org/distributions/gradle-7.3-bin.zip
build-test-deploy	build cidiff	2021-11-30T20:55:36.4352728Z ...........10%...........20%...........30%...........40%...........50%...........60%...........70%...........80%...........90%...........100%
build-test-deploy	build cidiff	2021-11-30T20:55:37.6741860Z 
build-test-deploy	build cidiff	2021-11-30T20:55:37.6743766Z Welcome to Gradle 7.3!
build-test-deploy	build cidiff	2021-11-30T20:55:37.6750589Z 
build-test-deploy	build cidiff	2021-11-30T20:55:37.6752735Z Here are the highlights of this release:
build-test-deploy	build cidiff	2021-11-30T20:55:37.6781310Z  - Easily declare new test suites in Java projects
build-test-deploy	build cidiff	2021-11-30T20:55:37.6782874Z  - Support for Java 17
build-test-deploy	build cidiff	2021-11-30T20:55:37.6783751Z  - Support for Scala 3
build-test-deploy	build cidiff	2021-11-30T20:55:37.6784220Z 
build-test-deploy	build cidiff	2021-11-30T20:55:37.6785475Z For more details see https://docs.gradle.org/7.3/release-notes.html
build-test-deploy	build cidiff	2021-11-30T20:55:37.6786524Z 
build-test-deploy	build cidiff	2021-11-30T20:55:37.8733238Z Starting a Gradle Daemon (subsequent builds will be faster)
build-test-deploy	build cidiff	2021-11-30T20:55:44.8734885Z > Task :cidiff:compileJava
build-test-deploy	build cidiff	2021-11-30T20:55:44.8747312Z > Task :cidiff:processResources NO-SOURCE
build-test-deploy	build cidiff	2021-11-30T20:55:44.8769131Z > Task :cidiff:classes
build-test-deploy	build cidiff	2021-11-30T20:55:44.8783174Z > Task :cidiff:jar
build-test-deploy	build cidiff	2021-11-30T20:55:45.0721793Z > Task :cidiff:startScripts
build-test-deploy	build cidiff	2021-11-30T20:55:45.0722759Z > Task :cidiff:distTar SKIPPED
build-test-deploy	build cidiff	2021-11-30T20:55:45.1722369Z > Task :cidiff:distZip
build-test-deploy	build cidiff	2021-11-30T20:55:45.1723505Z > Task :cidiff:assemble
build-test-deploy	build cidiff	2021-11-30T20:55:46.3731001Z > Task :cidiff:compileTestJava
build-test-deploy	build cidiff	2021-11-30T20:55:46.3732792Z > Task :cidiff:processTestResources NO-SOURCE
build-test-deploy	build cidiff	2021-11-30T20:55:46.3757984Z > Task :cidiff:testClasses
build-test-deploy	build cidiff	2021-11-30T20:55:47.9727050Z > Task :cidiff:test
build-test-deploy	build cidiff	2021-11-30T20:55:47.9728605Z > Task :cidiff:check
build-test-deploy	build cidiff	2021-11-30T20:55:47.9729503Z > Task :cidiff:build
build-test-deploy	build cidiff	2021-11-30T20:55:47.9730303Z > Task :cidiff:installDist
build-test-deploy	build cidiff	2021-11-30T20:55:47.9731000Z 
build-test-deploy	build cidiff	2021-11-30T20:55:47.9731742Z BUILD SUCCESSFUL in 13s
build-test-deploy	build cidiff	2021-11-30T20:55:47.9732505Z 7 actionable tasks: 7 executed
build-test-deploy	Post Run actions/setup-java@v2	2021-11-30T20:55:48.3242282Z Post job cleanup.
build-test-deploy	Post checkout cidiff	2021-11-30T20:55:48.4780841Z Post job cleanup.
build-test-deploy	Post checkout cidiff	2021-11-30T20:55:48.6124553Z [command]/usr/bin/git version
build-test-deploy	Post checkout cidiff	2021-11-30T20:55:48.6174355Z git version 2.34.0
build-test-deploy	Post checkout cidiff	2021-11-30T20:55:48.6216734Z [command]/usr/bin/git config --local --name-only --get-regexp core\.sshCommand
build-test-deploy	Post checkout cidiff	2021-11-30T20:55:48.6257375Z [command]/usr/bin/git submodule foreach --recursive git config --local --name-only --get-regexp 'core\.sshCommand' && git config --local --unset-all 'core.sshCommand' || :
build-test-deploy	Post checkout cidiff	2021-11-30T20:55:48.6515542Z [command]/usr/bin/git config --local --name-only --get-regexp http\.https\:\/\/github\.com\/\.extraheader
build-test-deploy	Post checkout cidiff	2021-11-30T20:55:48.6537353Z http.https://github.com/.extraheader
build-test-deploy	Post checkout cidiff	2021-11-30T20:55:48.6546961Z [command]/usr/bin/git config --local --unset-all http.https://github.com/.extraheader
build-test-deploy	Post checkout cidiff	2021-11-30T20:55:48.6584051Z [command]/usr/bin/git submodule foreach --recursive git config --local --name-only --get-regexp 'http\.https\:\/\/github\.com\/\.extraheader' && git config --local --unset-all 'http.https://github.com/.extraheader' || :
build-test-deploy	Complete job	2021-11-30T20:55:48.6904300Z Cleaning up orphan processes
build-test-deploy	Complete job	2021-11-30T20:55:48.7237352Z Terminate orphan process: pid (1600) (java)
