Started by user unknown or anonymous
Running as SYSTEM
[EnvInject] - Loading node environment variables.
Building remotely on sos-builder01 (lin) in workspace /builds/workspace/push-comment-github
[WS-CLEANUP] Deleting project workspace...
[WS-CLEANUP] Deferred wipeout is used...
[WS-CLEANUP] Done
Copying file to revapi_report.md
[push-comment-github] $ /bin/sh -xe /tmp/jenkins98479118267889115.sh
+ python3 --version
Python 3.5.2
+ pip3 install pygithub
Collecting pygithub
  Using cached https://files.pythonhosted.org/packages/eb/b6/51eb2ce622632dc7e5be86a7cf47b38a5a25fb837709445f506e8acd10f3/PyGithub-1.47-py3-none-any.whl
Collecting deprecated (from pygithub)
  Using cached https://files.pythonhosted.org/packages/2b/ae/1f02f68eaa4aa878f184b2adc20a1923becb80a4da6c76efa33450011902/Deprecated-1.2.9-py2.py3-none-any.whl
Collecting requests>=2.14.0 (from pygithub)
  Using cached https://files.pythonhosted.org/packages/1a/70/1935c770cb3be6e3a8b78ced23d7e0f3b187f5cbfab4749523ed65d7c9b1/requests-2.23.0-py2.py3-none-any.whl
Collecting pyjwt (from pygithub)
  Using cached https://files.pythonhosted.org/packages/87/8b/6a9f14b5f781697e51259d81657e6048fd31a113229cf346880bb7545565/PyJWT-1.7.1-py2.py3-none-any.whl
Collecting wrapt<2,>=1.10 (from deprecated->pygithub)
Collecting idna<3,>=2.5 (from requests>=2.14.0->pygithub)
  Using cached https://files.pythonhosted.org/packages/89/e3/afebe61c546d18fb1709a61bee788254b40e736cff7271c7de5de2dc4128/idna-2.9-py2.py3-none-any.whl
Collecting certifi>=2017.4.17 (from requests>=2.14.0->pygithub)
  Using cached https://files.pythonhosted.org/packages/57/2b/26e37a4b034800c960a00c4e1b3d9ca5d7014e983e6e729e33ea2f36426c/certifi-2020.4.5.1-py2.py3-none-any.whl
Collecting chardet<4,>=3.0.2 (from requests>=2.14.0->pygithub)
  Using cached https://files.pythonhosted.org/packages/bc/a9/01ffebfb562e4274b6487b4bb1ddec7ca55ec7510b22e4c51f14098443b8/chardet-3.0.4-py2.py3-none-any.whl
Collecting urllib3!=1.25.0,!=1.25.1,<1.26,>=1.21.1 (from requests>=2.14.0->pygithub)
  Using cached https://files.pythonhosted.org/packages/e1/e5/df302e8017440f111c11cc41a6b432838672f5a70aa29227bf58149dc72f/urllib3-1.25.9-py2.py3-none-any.whl
Installing collected packages: wrapt, deprecated, idna, certifi, chardet, urllib3, requests, pyjwt, pygithub
Successfully installed certifi-2020.4.5.1 chardet-3.0.4 deprecated-1.2.6 idna-2.8 pygithub-1.44.1 pyjwt-1.7.1 requests-2.23.0 urllib3-1.25.7 wrapt-1.11.2
You are using pip version 8.1.1, however version 20.0.2 is available.
You should consider upgrading via the 'pip install --upgrade pip' command.
[push-comment-github] $ python /tmp/jenkins4962128370676603355.py
Finished: SUCCESS
