Started by timer
Running as SYSTEM
[EnvInject] - Loading node environment variables.
Building remotely on sos-builder02-ubuntu18 (lin ubuntu18 java11) in workspace /builds/workspace/Spork
[WS-CLEANUP] Deleting project workspace...
[WS-CLEANUP] Deferred wipeout is used...
[WS-CLEANUP] Done
The recommended git tool is: NONE
No credentials specified
Wiping out workspace first.
Cloning the remote Git repository
Cloning repository https://github.com/KTH/spork.git
 > git init /builds/workspace/Spork # timeout=10
Fetching upstream changes from https://github.com/KTH/spork.git
 > git --version # timeout=10
 > git --version # 'git version 2.17.1'
 > git fetch --tags --progress -- https://github.com/KTH/spork.git +refs/heads/*:refs/remotes/origin/* # timeout=10
ERROR: Error cloning remote repo 'origin'
hudson.plugins.git.GitException: Command "git fetch --tags --progress -- https://github.com/KTH/spork.git +refs/heads/*:refs/remotes/origin/*" returned status code 128:
stdout: 
stderr: fatal: unable to access 'https://github.com/KTH/spork.git/': The requested URL returned error: 503

	at org.jenkinsci.plugins.gitclient.CliGitAPIImpl.launchCommandIn(CliGitAPIImpl.java:2671)
	at org.jenkinsci.plugins.gitclient.CliGitAPIImpl.launchCommandWithCredentials(CliGitAPIImpl.java:2096)
	at org.jenkinsci.plugins.gitclient.CliGitAPIImpl.access$500(CliGitAPIImpl.java:84)
	at org.jenkinsci.plugins.gitclient.CliGitAPIImpl$1.execute(CliGitAPIImpl.java:618)
	at org.jenkinsci.plugins.gitclient.CliGitAPIImpl$2.execute(CliGitAPIImpl.java:847)
	at org.jenkinsci.plugins.gitclient.RemoteGitImpl$CommandInvocationHandler$GitCommandMasterToSlaveCallable.call(RemoteGitImpl.java:158)
	at org.jenkinsci.plugins.gitclient.RemoteGitImpl$CommandInvocationHandler$GitCommandMasterToSlaveCallable.call(RemoteGitImpl.java:151)
	at hudson.remoting.UserRequest.perform(UserRequest.java:211)
	at hudson.remoting.UserRequest.perform(UserRequest.java:54)
	at hudson.remoting.Request$2.run(Request.java:376)
	at hudson.remoting.InterceptingExecutorService.lambda$wrap$0(InterceptingExecutorService.java:78)
	at java.util.concurrent.FutureTask.run(FutureTask.java:264)
	at java.util.concurrent.ThreadPoolExecutor.runWorker(ThreadPoolExecutor.java:1128)
	at java.util.concurrent.ThreadPoolExecutor$Worker.run(ThreadPoolExecutor.java:628)
	at java.lang.Thread.run(Thread.java:834)
	Suppressed: hudson.remoting.Channel$CallSiteStackTrace: Remote call to sos-builder02-ubuntu18
		at hudson.remoting.Channel.attachCallSiteStackTrace(Channel.java:1800)
		at hudson.remoting.UserRequest$ExceptionResponse.retrieve(UserRequest.java:356)
		at hudson.remoting.Channel.call(Channel.java:1001)
		at org.jenkinsci.plugins.gitclient.RemoteGitImpl$CommandInvocationHandler.execute(RemoteGitImpl.java:143)
		at sun.reflect.GeneratedMethodAccessor311.invoke(Unknown Source)
		at sun.reflect.DelegatingMethodAccessorImpl.invoke(DelegatingMethodAccessorImpl.java:43)
		at java.lang.reflect.Method.invoke(Method.java:498)
		at org.jenkinsci.plugins.gitclient.RemoteGitImpl$CommandInvocationHandler.invoke(RemoteGitImpl.java:129)
		at com.sun.proxy.$Proxy75.execute(Unknown Source)
		at hudson.plugins.git.GitSCM.retrieveChanges(GitSCM.java:1224)
		at hudson.plugins.git.GitSCM.checkout(GitSCM.java:1302)
		at hudson.scm.SCM.checkout(SCM.java:505)
		at hudson.model.AbstractProject.checkout(AbstractProject.java:1211)
		at hudson.model.AbstractBuild$AbstractBuildExecution.defaultCheckout(AbstractBuild.java:636)
		at jenkins.scm.SCMCheckoutStrategy.checkout(SCMCheckoutStrategy.java:86)
		at hudson.model.AbstractBuild$AbstractBuildExecution.run(AbstractBuild.java:508)
		at hudson.model.Run.execute(Run.java:1906)
		at hudson.model.FreeStyleBuild.run(FreeStyleBuild.java:43)
		at hudson.model.ResourceController.execute(ResourceController.java:97)
		at hudson.model.Executor.run(Executor.java:429)
ERROR: Error cloning remote repo 'origin'
Finished: FAILURE
