2022-05-06T21:31:05.5022001Z Requested labels: ubuntu-latest
2022-05-06T21:31:05.5022055Z Job defined at: hashicorp/terraform/.github/workflows/checks.yml@refs/pull/31018/merge
2022-05-06T21:31:05.5022074Z Waiting for a runner to pick up this job...
2022-05-06T21:31:06.5192968Z Job is waiting for a hosted runner to come online.
2022-05-06T21:31:10.8606754Z Job is about to start running on the hosted runner: GitHub Actions 3 (hosted)
2022-05-06T21:31:15.5406103Z Current runner version: '2.291.1'
2022-05-06T21:31:15.5437266Z ##[group]Operating System
2022-05-06T21:31:15.5437875Z Ubuntu
2022-05-06T21:31:15.5438345Z 20.04.4
2022-05-06T21:31:15.5438677Z LTS
2022-05-06T21:31:15.5438972Z ##[endgroup]
2022-05-06T21:31:15.5439370Z ##[group]Virtual Environment
2022-05-06T21:31:15.5439829Z Environment: ubuntu-20.04
2022-05-06T21:31:15.5440267Z Version: 20220503.1
2022-05-06T21:31:15.5440850Z Included Software: https://github.com/actions/virtual-environments/blob/ubuntu20/20220503.1/images/linux/Ubuntu2004-Readme.md
2022-05-06T21:31:15.5441657Z Image Release: https://github.com/actions/virtual-environments/releases/tag/ubuntu20%2F20220503.1
2022-05-06T21:31:15.5442222Z ##[endgroup]
2022-05-06T21:31:15.5442598Z ##[group]Virtual Environment Provisioner
2022-05-06T21:31:15.5443073Z 1.0.0.0-main-20220421-1
2022-05-06T21:31:15.5443448Z ##[endgroup]
2022-05-06T21:31:15.5444166Z ##[group]GITHUB_TOKEN Permissions
2022-05-06T21:31:15.5444785Z Contents: read
2022-05-06T21:31:15.5445379Z Metadata: read
2022-05-06T21:31:15.5445759Z ##[endgroup]
2022-05-06T21:31:15.5450452Z Secret source: Actions
2022-05-06T21:31:15.5451109Z Prepare workflow directory
2022-05-06T21:31:15.6459864Z Prepare all required actions
2022-05-06T21:31:15.6681827Z Getting action download info
2022-05-06T21:31:15.9227494Z Download action repository 'actions/checkout@v2' (SHA:7884fcad6b5d53d10323aee724dc68d8b9096a2e)
2022-05-06T21:31:16.6569144Z Download action repository 'actions/setup-go@v2' (SHA:bfdd3570ce990073878bf10f6b2d79082de49492)
2022-05-06T21:31:17.1008329Z Download action repository 'actions/cache@v3' (SHA:48af2dc4a9e8278b89d7fa154b955c30c6aaab09)
2022-05-06T21:31:17.9506176Z ##[group]Run actions/checkout@v2
2022-05-06T21:31:17.9506546Z with:
2022-05-06T21:31:17.9506830Z   repository: hashicorp/terraform
2022-05-06T21:31:17.9507353Z   token: ***
2022-05-06T21:31:17.9507601Z   ssh-strict: true
2022-05-06T21:31:17.9507882Z   persist-credentials: true
2022-05-06T21:31:17.9508139Z   clean: true
2022-05-06T21:31:17.9508389Z   fetch-depth: 1
2022-05-06T21:31:17.9508625Z   lfs: false
2022-05-06T21:31:17.9508844Z   submodules: false
2022-05-06T21:31:17.9509124Z   set-safe-directory: true
2022-05-06T21:31:17.9509400Z ##[endgroup]
2022-05-06T21:31:18.2346450Z Syncing repository: hashicorp/terraform
2022-05-06T21:31:18.2348479Z ##[group]Getting Git version info
2022-05-06T21:31:18.2349160Z Working directory is '/home/runner/work/terraform/terraform'
2022-05-06T21:31:18.2350077Z [command]/usr/bin/git version
2022-05-06T21:31:18.2445881Z git version 2.36.0
2022-05-06T21:31:18.2472483Z ##[endgroup]
2022-05-06T21:31:18.2494907Z Temporarily overriding HOME='/home/runner/work/_temp/4fbb10ab-8435-4ccd-807d-ea3c539fa5e6' before making global git config changes
2022-05-06T21:31:18.2495486Z Adding repository directory to the temporary git global config as a safe directory
2022-05-06T21:31:18.2496510Z [command]/usr/bin/git config --global --add safe.directory /home/runner/work/terraform/terraform
2022-05-06T21:31:18.2556027Z Deleting the contents of '/home/runner/work/terraform/terraform'
2022-05-06T21:31:18.2558650Z ##[group]Initializing the repository
2022-05-06T21:31:18.2623257Z [command]/usr/bin/git init /home/runner/work/terraform/terraform
2022-05-06T21:31:18.2700644Z hint: Using 'master' as the name for the initial branch. This default branch name
2022-05-06T21:31:18.2701579Z hint: is subject to change. To configure the initial branch name to use in all
2022-05-06T21:31:18.2702887Z hint: of your new repositories, which will suppress this warning, call:
2022-05-06T21:31:18.2703415Z hint: 
2022-05-06T21:31:18.2704379Z hint: 	git config --global init.defaultBranch <name>
2022-05-06T21:31:18.2705274Z hint: 
2022-05-06T21:31:18.2705954Z hint: Names commonly chosen instead of 'master' are 'main', 'trunk' and
2022-05-06T21:31:18.2707469Z hint: 'development'. The just-created branch can be renamed via this command:
2022-05-06T21:31:18.2707947Z hint: 
2022-05-06T21:31:18.2708646Z hint: 	git branch -m <name>
2022-05-06T21:31:18.2713295Z Initialized empty Git repository in /home/runner/work/terraform/terraform/.git/
2022-05-06T21:31:18.2723415Z [command]/usr/bin/git remote add origin https://github.com/hashicorp/terraform
2022-05-06T21:31:18.2781783Z ##[endgroup]
2022-05-06T21:31:18.2782718Z ##[group]Disabling automatic garbage collection
2022-05-06T21:31:18.2786695Z [command]/usr/bin/git config --local gc.auto 0
2022-05-06T21:31:18.2822628Z ##[endgroup]
2022-05-06T21:31:18.2823545Z ##[group]Setting up auth
2022-05-06T21:31:18.2831085Z [command]/usr/bin/git config --local --name-only --get-regexp core\.sshCommand
2022-05-06T21:31:18.2869813Z [command]/usr/bin/git submodule foreach --recursive git config --local --name-only --get-regexp 'core\.sshCommand' && git config --local --unset-all 'core.sshCommand' || :
2022-05-06T21:31:18.3310585Z [command]/usr/bin/git config --local --name-only --get-regexp http\.https\:\/\/github\.com\/\.extraheader
2022-05-06T21:31:18.3329498Z [command]/usr/bin/git submodule foreach --recursive git config --local --name-only --get-regexp 'http\.https\:\/\/github\.com\/\.extraheader' && git config --local --unset-all 'http.https://github.com/.extraheader' || :
2022-05-06T21:31:18.3599577Z [command]/usr/bin/git config --local http.https://github.com/.extraheader AUTHORIZATION: basic ***
2022-05-06T21:31:18.3646230Z ##[endgroup]
2022-05-06T21:31:18.3647324Z ##[group]Fetching the repository
2022-05-06T21:31:18.3654639Z [command]/usr/bin/git -c protocol.version=2 fetch --no-tags --prune --progress --no-recurse-submodules --depth=1 origin +1daa1d0bdac5f1cfad61585144ed08d531627383:refs/remotes/pull/31018/merge
2022-05-06T21:31:18.7258225Z remote: Enumerating objects: 3917, done.        
2022-05-06T21:31:18.7264710Z remote: Counting objects:   0% (1/3917)        
2022-05-06T21:31:18.7269922Z remote: Counting objects:   1% (40/3917)        
2022-05-06T21:31:18.7330799Z remote: Counting objects:   2% (79/3917)        
2022-05-06T21:31:18.7331164Z remote: Counting objects:   3% (118/3917)        
2022-05-06T21:31:18.7331492Z remote: Counting objects:   4% (157/3917)        
2022-05-06T21:31:18.7331813Z remote: Counting objects:   5% (196/3917)        
2022-05-06T21:31:18.7332129Z remote: Counting objects:   6% (236/3917)        
2022-05-06T21:31:18.7332438Z remote: Counting objects:   7% (275/3917)        
2022-05-06T21:31:18.7332734Z remote: Counting objects:   8% (314/3917)        
2022-05-06T21:31:18.7333047Z remote: Counting objects:   9% (353/3917)        
2022-05-06T21:31:18.7333358Z remote: Counting objects:  10% (392/3917)        
2022-05-06T21:31:18.7333667Z remote: Counting objects:  11% (431/3917)        
2022-05-06T21:31:18.7333973Z remote: Counting objects:  12% (471/3917)        
2022-05-06T21:31:18.7334421Z remote: Counting objects:  13% (510/3917)        
2022-05-06T21:31:18.7334732Z remote: Counting objects:  14% (549/3917)        
2022-05-06T21:31:18.7335025Z remote: Counting objects:  15% (588/3917)        
2022-05-06T21:31:18.7335336Z remote: Counting objects:  16% (627/3917)        
2022-05-06T21:31:18.7335640Z remote: Counting objects:  17% (666/3917)        
2022-05-06T21:31:18.7335938Z remote: Counting objects:  18% (706/3917)        
2022-05-06T21:31:18.7336242Z remote: Counting objects:  19% (745/3917)        
2022-05-06T21:31:18.7336550Z remote: Counting objects:  20% (784/3917)        
2022-05-06T21:31:18.7336855Z remote: Counting objects:  21% (823/3917)        
2022-05-06T21:31:18.7337146Z remote: Counting objects:  22% (862/3917)        
2022-05-06T21:31:18.7337447Z remote: Counting objects:  23% (901/3917)        
2022-05-06T21:31:18.7337752Z remote: Counting objects:  24% (941/3917)        
2022-05-06T21:31:18.7338041Z remote: Counting objects:  25% (980/3917)        
2022-05-06T21:31:18.7338354Z remote: Counting objects:  26% (1019/3917)        
2022-05-06T21:31:18.7338675Z remote: Counting objects:  27% (1058/3917)        
2022-05-06T21:31:18.7338990Z remote: Counting objects:  28% (1097/3917)        
2022-05-06T21:31:18.7339311Z remote: Counting objects:  29% (1136/3917)        
2022-05-06T21:31:18.7339628Z remote: Counting objects:  30% (1176/3917)        
2022-05-06T21:31:18.7340274Z remote: Counting objects:  31% (1215/3917)        
2022-05-06T21:31:18.7340566Z remote: Counting objects:  32% (1254/3917)        
2022-05-06T21:31:18.7340863Z remote: Counting objects:  33% (1293/3917)        
2022-05-06T21:31:18.7341289Z remote: Counting objects:  34% (1332/3917)        
2022-05-06T21:31:18.7341565Z remote: Counting objects:  35% (1371/3917)        
2022-05-06T21:31:18.7341855Z remote: Counting objects:  36% (1411/3917)        
2022-05-06T21:31:18.7342146Z remote: Counting objects:  37% (1450/3917)        
2022-05-06T21:31:18.7342443Z remote: Counting objects:  38% (1489/3917)        
2022-05-06T21:31:18.7342716Z remote: Counting objects:  39% (1528/3917)        
2022-05-06T21:31:18.7343004Z remote: Counting objects:  40% (1567/3917)        
2022-05-06T21:31:18.7343296Z remote: Counting objects:  41% (1606/3917)        
2022-05-06T21:31:18.7343569Z remote: Counting objects:  42% (1646/3917)        
2022-05-06T21:31:18.7343861Z remote: Counting objects:  43% (1685/3917)        
2022-05-06T21:31:18.7344153Z remote: Counting objects:  44% (1724/3917)        
2022-05-06T21:31:18.7344428Z remote: Counting objects:  45% (1763/3917)        
2022-05-06T21:31:18.7344715Z remote: Counting objects:  46% (1802/3917)        
2022-05-06T21:31:18.7345002Z remote: Counting objects:  47% (1841/3917)        
2022-05-06T21:31:18.7345274Z remote: Counting objects:  48% (1881/3917)        
2022-05-06T21:31:18.7345562Z remote: Counting objects:  49% (1920/3917)        
2022-05-06T21:31:18.7345848Z remote: Counting objects:  50% (1959/3917)        
2022-05-06T21:31:18.7346241Z remote: Counting objects:  51% (1998/3917)        
2022-05-06T21:31:18.7347420Z remote: Counting objects:  52% (2037/3917)        
2022-05-06T21:31:18.7347747Z remote: Counting objects:  53% (2077/3917)        
2022-05-06T21:31:18.7348058Z remote: Counting objects:  54% (2116/3917)        
2022-05-06T21:31:18.7348354Z remote: Counting objects:  55% (2155/3917)        
2022-05-06T21:31:18.7348679Z remote: Counting objects:  56% (2194/3917)        
2022-05-06T21:31:18.7348988Z remote: Counting objects:  57% (2233/3917)        
2022-05-06T21:31:18.7349280Z remote: Counting objects:  58% (2272/3917)        
2022-05-06T21:31:18.7349591Z remote: Counting objects:  59% (2312/3917)        
2022-05-06T21:31:18.7349901Z remote: Counting objects:  60% (2351/3917)        
2022-05-06T21:31:18.7350214Z remote: Counting objects:  61% (2390/3917)        
2022-05-06T21:31:18.7350508Z remote: Counting objects:  62% (2429/3917)        
2022-05-06T21:31:18.7350816Z remote: Counting objects:  63% (2468/3917)        
2022-05-06T21:31:18.7351127Z remote: Counting objects:  64% (2507/3917)        
2022-05-06T21:31:18.7351421Z remote: Counting objects:  65% (2547/3917)        
2022-05-06T21:31:18.7351731Z remote: Counting objects:  66% (2586/3917)        
2022-05-06T21:31:18.7352038Z remote: Counting objects:  67% (2625/3917)        
2022-05-06T21:31:18.7352330Z remote: Counting objects:  68% (2664/3917)        
2022-05-06T21:31:18.7352640Z remote: Counting objects:  69% (2703/3917)        
2022-05-06T21:31:18.7352949Z remote: Counting objects:  70% (2742/3917)        
2022-05-06T21:31:18.7353256Z remote: Counting objects:  71% (2782/3917)        
2022-05-06T21:31:18.7353550Z remote: Counting objects:  72% (2821/3917)        
2022-05-06T21:31:18.7353858Z remote: Counting objects:  73% (2860/3917)        
2022-05-06T21:31:18.7354166Z remote: Counting objects:  74% (2899/3917)        
2022-05-06T21:31:18.7354462Z remote: Counting objects:  75% (2938/3917)        
2022-05-06T21:31:18.7354771Z remote: Counting objects:  76% (2977/3917)        
2022-05-06T21:31:18.7355084Z remote: Counting objects:  77% (3017/3917)        
2022-05-06T21:31:18.7355381Z remote: Counting objects:  78% (3056/3917)        
2022-05-06T21:31:18.7355690Z remote: Counting objects:  79% (3095/3917)        
2022-05-06T21:31:18.7355995Z remote: Counting objects:  80% (3134/3917)        
2022-05-06T21:31:18.7356291Z remote: Counting objects:  81% (3173/3917)        
2022-05-06T21:31:18.7356740Z remote: Counting objects:  82% (3212/3917)        
2022-05-06T21:31:18.7357052Z remote: Counting objects:  83% (3252/3917)        
2022-05-06T21:31:18.7357362Z remote: Counting objects:  84% (3291/3917)        
2022-05-06T21:31:18.7357656Z remote: Counting objects:  85% (3330/3917)        
2022-05-06T21:31:18.7357966Z remote: Counting objects:  86% (3369/3917)        
2022-05-06T21:31:18.7358274Z remote: Counting objects:  87% (3408/3917)        
2022-05-06T21:31:18.7358570Z remote: Counting objects:  88% (3447/3917)        
2022-05-06T21:31:18.7358881Z remote: Counting objects:  89% (3487/3917)        
2022-05-06T21:31:18.7359187Z remote: Counting objects:  90% (3526/3917)        
2022-05-06T21:31:18.7359482Z remote: Counting objects:  91% (3565/3917)        
2022-05-06T21:31:18.7359793Z remote: Counting objects:  92% (3604/3917)        
2022-05-06T21:31:18.7360100Z remote: Counting objects:  93% (3643/3917)        
2022-05-06T21:31:18.7360407Z remote: Counting objects:  94% (3682/3917)        
2022-05-06T21:31:18.7595918Z remote: Counting objects:  95% (3722/3917)        
2022-05-06T21:31:18.7596611Z remote: Counting objects:  96% (3761/3917)        
2022-05-06T21:31:18.7598168Z remote: Counting objects:  97% (3800/3917)        
2022-05-06T21:31:18.7598710Z remote: Counting objects:  98% (3839/3917)        
2022-05-06T21:31:18.7599156Z remote: Counting objects:  99% (3878/3917)        
2022-05-06T21:31:18.7599596Z remote: Counting objects: 100% (3917/3917)        
2022-05-06T21:31:18.7600512Z remote: Counting objects: 100% (3917/3917), done.        
2022-05-06T21:31:18.7601502Z remote: Compressing objects:   0% (1/2963)        
2022-05-06T21:31:18.7602076Z remote: Compressing objects:   1% (30/2963)        
2022-05-06T21:31:18.7604458Z remote: Compressing objects:   2% (60/2963)        
2022-05-06T21:31:18.7604917Z remote: Compressing objects:   3% (89/2963)        
2022-05-06T21:31:18.7605372Z remote: Compressing objects:   4% (119/2963)        
2022-05-06T21:31:18.7605843Z remote: Compressing objects:   5% (149/2963)        
2022-05-06T21:31:18.7606285Z remote: Compressing objects:   6% (178/2963)        
2022-05-06T21:31:18.7606732Z remote: Compressing objects:   7% (208/2963)        
2022-05-06T21:31:18.7607178Z remote: Compressing objects:   8% (238/2963)        
2022-05-06T21:31:18.7607626Z remote: Compressing objects:   9% (267/2963)        
2022-05-06T21:31:18.7608083Z remote: Compressing objects:  10% (297/2963)        
2022-05-06T21:31:18.7646956Z remote: Compressing objects:  11% (326/2963)        
2022-05-06T21:31:18.7647428Z remote: Compressing objects:  12% (356/2963)        
2022-05-06T21:31:18.7707182Z remote: Compressing objects:  13% (386/2963)        
2022-05-06T21:31:18.7774203Z remote: Compressing objects:  14% (415/2963)        
2022-05-06T21:31:18.7906050Z remote: Compressing objects:  15% (445/2963)        
2022-05-06T21:31:18.7994011Z remote: Compressing objects:  16% (475/2963)        
2022-05-06T21:31:18.8219652Z remote: Compressing objects:  17% (504/2963)        
2022-05-06T21:31:18.8220812Z remote: Compressing objects:  18% (534/2963)        
2022-05-06T21:31:18.8289522Z remote: Compressing objects:  19% (563/2963)        
2022-05-06T21:31:18.8374067Z remote: Compressing objects:  20% (593/2963)        
2022-05-06T21:31:18.8453226Z remote: Compressing objects:  21% (623/2963)        
2022-05-06T21:31:18.8611566Z remote: Compressing objects:  22% (652/2963)        
2022-05-06T21:31:18.8731765Z remote: Compressing objects:  23% (682/2963)        
2022-05-06T21:31:18.8758397Z remote: Compressing objects:  24% (712/2963)        
2022-05-06T21:31:18.8897313Z remote: Compressing objects:  25% (741/2963)        
2022-05-06T21:31:18.9125672Z remote: Compressing objects:  26% (771/2963)        
2022-05-06T21:31:18.9159097Z remote: Compressing objects:  27% (801/2963)        
2022-05-06T21:31:18.9318186Z remote: Compressing objects:  28% (830/2963)        
2022-05-06T21:31:18.9472911Z remote: Compressing objects:  29% (860/2963)        
2022-05-06T21:31:19.1602666Z remote: Compressing objects:  30% (889/2963)        
2022-05-06T21:31:19.1603508Z remote: Compressing objects:  31% (919/2963)        
2022-05-06T21:31:19.1603955Z remote: Compressing objects:  32% (949/2963)        
2022-05-06T21:31:19.1604359Z remote: Compressing objects:  33% (978/2963)        
2022-05-06T21:31:19.1604825Z remote: Compressing objects:  34% (1008/2963)        
2022-05-06T21:31:19.1605242Z remote: Compressing objects:  35% (1038/2963)        
2022-05-06T21:31:19.1605667Z remote: Compressing objects:  36% (1067/2963)        
2022-05-06T21:31:19.1606093Z remote: Compressing objects:  37% (1097/2963)        
2022-05-06T21:31:19.1606493Z remote: Compressing objects:  38% (1126/2963)        
2022-05-06T21:31:19.1606904Z remote: Compressing objects:  39% (1156/2963)        
2022-05-06T21:31:19.1607312Z remote: Compressing objects:  40% (1186/2963)        
2022-05-06T21:31:19.1607721Z remote: Compressing objects:  41% (1215/2963)        
2022-05-06T21:31:19.1608125Z remote: Compressing objects:  42% (1245/2963)        
2022-05-06T21:31:19.1608542Z remote: Compressing objects:  43% (1275/2963)        
2022-05-06T21:31:19.1608933Z remote: Compressing objects:  44% (1304/2963)        
2022-05-06T21:31:19.1609351Z remote: Compressing objects:  45% (1334/2963)        
2022-05-06T21:31:19.1609745Z remote: Compressing objects:  46% (1363/2963)        
2022-05-06T21:31:19.1610162Z remote: Compressing objects:  47% (1393/2963)        
2022-05-06T21:31:19.1610563Z remote: Compressing objects:  48% (1423/2963)        
2022-05-06T21:31:19.1610981Z remote: Compressing objects:  49% (1452/2963)        
2022-05-06T21:31:19.1611733Z remote: Compressing objects:  50% (1482/2963)        
2022-05-06T21:31:19.1612157Z remote: Compressing objects:  51% (1512/2963)        
2022-05-06T21:31:19.1612548Z remote: Compressing objects:  52% (1541/2963)        
2022-05-06T21:31:19.1612943Z remote: Compressing objects:  53% (1571/2963)        
2022-05-06T21:31:19.1613355Z remote: Compressing objects:  54% (1601/2963)        
2022-05-06T21:31:19.1613770Z remote: Compressing objects:  55% (1630/2963)        
2022-05-06T21:31:19.1614176Z remote: Compressing objects:  56% (1660/2963)        
2022-05-06T21:31:19.1614748Z remote: Compressing objects:  57% (1689/2963)        
2022-05-06T21:31:19.1615155Z remote: Compressing objects:  58% (1719/2963)        
2022-05-06T21:31:19.1615565Z remote: Compressing objects:  59% (1749/2963)        
2022-05-06T21:31:19.1615954Z remote: Compressing objects:  60% (1778/2963)        
2022-05-06T21:31:19.1616343Z remote: Compressing objects:  61% (1808/2963)        
2022-05-06T21:31:19.1616764Z remote: Compressing objects:  62% (1838/2963)        
2022-05-06T21:31:19.1617170Z remote: Compressing objects:  63% (1867/2963)        
2022-05-06T21:31:19.1617577Z remote: Compressing objects:  64% (1897/2963)        
2022-05-06T21:31:19.1617997Z remote: Compressing objects:  65% (1926/2963)        
2022-05-06T21:31:19.1618401Z remote: Compressing objects:  66% (1956/2963)        
2022-05-06T21:31:19.1618809Z remote: Compressing objects:  67% (1986/2963)        
2022-05-06T21:31:19.1619196Z remote: Compressing objects:  68% (2015/2963)        
2022-05-06T21:31:19.1619589Z remote: Compressing objects:  69% (2045/2963)        
2022-05-06T21:31:19.1619999Z remote: Compressing objects:  70% (2075/2963)        
2022-05-06T21:31:19.1620406Z remote: Compressing objects:  71% (2104/2963)        
2022-05-06T21:31:19.1620809Z remote: Compressing objects:  72% (2134/2963)        
2022-05-06T21:31:19.1621210Z remote: Compressing objects:  73% (2163/2963)        
2022-05-06T21:31:19.1621620Z remote: Compressing objects:  74% (2193/2963)        
2022-05-06T21:31:19.1622022Z remote: Compressing objects:  75% (2223/2963)        
2022-05-06T21:31:19.1622394Z remote: Compressing objects:  76% (2252/2963)        
2022-05-06T21:31:19.1622806Z remote: Compressing objects:  77% (2282/2963)        
2022-05-06T21:31:19.1623213Z remote: Compressing objects:  78% (2312/2963)        
2022-05-06T21:31:19.1623614Z remote: Compressing objects:  79% (2341/2963)        
2022-05-06T21:31:19.1624174Z remote: Compressing objects:  80% (2371/2963)        
2022-05-06T21:31:19.1624578Z remote: Compressing objects:  81% (2401/2963)        
2022-05-06T21:31:19.1624984Z remote: Compressing objects:  82% (2430/2963)        
2022-05-06T21:31:19.1625368Z remote: Compressing objects:  83% (2460/2963)        
2022-05-06T21:31:19.1625753Z remote: Compressing objects:  84% (2489/2963)        
2022-05-06T21:31:19.1626161Z remote: Compressing objects:  85% (2519/2963)        
2022-05-06T21:31:19.1626567Z remote: Compressing objects:  86% (2549/2963)        
2022-05-06T21:31:19.1626976Z remote: Compressing objects:  87% (2578/2963)        
2022-05-06T21:31:19.1627378Z remote: Compressing objects:  88% (2608/2963)        
2022-05-06T21:31:19.1627781Z remote: Compressing objects:  89% (2638/2963)        
2022-05-06T21:31:19.1628184Z remote: Compressing objects:  90% (2667/2963)        
2022-05-06T21:31:19.1628570Z remote: Compressing objects:  91% (2697/2963)        
2022-05-06T21:31:19.1628970Z remote: Compressing objects:  92% (2726/2963)        
2022-05-06T21:31:19.1629375Z remote: Compressing objects:  93% (2756/2963)        
2022-05-06T21:31:19.1629780Z remote: Compressing objects:  94% (2786/2963)        
2022-05-06T21:31:19.1630182Z remote: Compressing objects:  95% (2815/2963)        
2022-05-06T21:31:19.1630583Z remote: Compressing objects:  96% (2845/2963)        
2022-05-06T21:31:19.1630985Z remote: Compressing objects:  97% (2875/2963)        
2022-05-06T21:31:19.1631388Z remote: Compressing objects:  98% (2904/2963)        
2022-05-06T21:31:19.1631854Z remote: Compressing objects:  99% (2934/2963)        
2022-05-06T21:31:19.1632307Z remote: Compressing objects: 100% (2963/2963)        
2022-05-06T21:31:19.1632744Z remote: Compressing objects: 100% (2963/2963), done.        
2022-05-06T21:31:19.1950926Z Receiving objects:   0% (1/3917)
2022-05-06T21:31:19.3086450Z Receiving objects:   1% (40/3917)
2022-05-06T21:31:19.3313512Z Receiving objects:   2% (79/3917)
2022-05-06T21:31:19.3331667Z Receiving objects:   3% (118/3917)
2022-05-06T21:31:19.3373025Z Receiving objects:   4% (157/3917)
2022-05-06T21:31:19.3391942Z Receiving objects:   5% (196/3917)
2022-05-06T21:31:19.3434707Z Receiving objects:   6% (236/3917)
2022-05-06T21:31:19.3450024Z Receiving objects:   7% (275/3917)
2022-05-06T21:31:19.3471457Z Receiving objects:   8% (314/3917)
2022-05-06T21:31:19.3497307Z Receiving objects:   9% (353/3917)
2022-05-06T21:31:19.3515720Z Receiving objects:  10% (392/3917)
2022-05-06T21:31:19.3534417Z Receiving objects:  11% (431/3917)
2022-05-06T21:31:19.3537026Z Receiving objects:  12% (471/3917)
2022-05-06T21:31:19.3569243Z Receiving objects:  13% (510/3917)
2022-05-06T21:31:19.3609742Z Receiving objects:  14% (549/3917)
2022-05-06T21:31:19.3667303Z Receiving objects:  15% (588/3917)
2022-05-06T21:31:19.3681626Z Receiving objects:  16% (627/3917)
2022-05-06T21:31:19.3685523Z Receiving objects:  17% (666/3917)
2022-05-06T21:31:19.3686327Z Receiving objects:  18% (706/3917)
2022-05-06T21:31:19.3688930Z Receiving objects:  19% (745/3917)
2022-05-06T21:31:19.3689802Z Receiving objects:  20% (784/3917)
2022-05-06T21:31:19.3690245Z Receiving objects:  21% (823/3917)
2022-05-06T21:31:19.3695008Z Receiving objects:  22% (862/3917)
2022-05-06T21:31:19.3695590Z Receiving objects:  23% (901/3917)
2022-05-06T21:31:19.3697137Z Receiving objects:  24% (941/3917)
2022-05-06T21:31:19.3699862Z Receiving objects:  25% (980/3917)
2022-05-06T21:31:19.3701922Z Receiving objects:  26% (1019/3917)
2022-05-06T21:31:19.3704769Z Receiving objects:  27% (1058/3917)
2022-05-06T21:31:19.3712001Z Receiving objects:  28% (1097/3917)
2022-05-06T21:31:19.3735153Z Receiving objects:  29% (1136/3917)
2022-05-06T21:31:19.3755017Z Receiving objects:  30% (1176/3917)
2022-05-06T21:31:19.3781482Z Receiving objects:  31% (1215/3917)
2022-05-06T21:31:19.3785768Z Receiving objects:  32% (1254/3917)
2022-05-06T21:31:19.3808028Z Receiving objects:  33% (1293/3917)
2022-05-06T21:31:19.3841662Z Receiving objects:  34% (1332/3917)
2022-05-06T21:31:19.3853108Z Receiving objects:  35% (1371/3917)
2022-05-06T21:31:19.3854702Z Receiving objects:  36% (1411/3917)
2022-05-06T21:31:19.3856301Z Receiving objects:  37% (1450/3917)
2022-05-06T21:31:19.3856933Z Receiving objects:  38% (1489/3917)
2022-05-06T21:31:19.3859215Z Receiving objects:  39% (1528/3917)
2022-05-06T21:31:19.3861279Z Receiving objects:  40% (1567/3917)
2022-05-06T21:31:19.3870840Z Receiving objects:  41% (1606/3917)
2022-05-06T21:31:19.3885946Z Receiving objects:  42% (1646/3917)
2022-05-06T21:31:19.3920052Z Receiving objects:  43% (1685/3917)
2022-05-06T21:31:19.3923914Z Receiving objects:  44% (1724/3917)
2022-05-06T21:31:19.3940145Z Receiving objects:  45% (1763/3917)
2022-05-06T21:31:19.3960353Z Receiving objects:  46% (1802/3917)
2022-05-06T21:31:19.3993531Z Receiving objects:  47% (1841/3917)
2022-05-06T21:31:19.4001035Z Receiving objects:  48% (1881/3917)
2022-05-06T21:31:19.4065019Z Receiving objects:  49% (1920/3917)
2022-05-06T21:31:19.4102017Z Receiving objects:  50% (1959/3917)
2022-05-06T21:31:19.4115658Z Receiving objects:  51% (1998/3917)
2022-05-06T21:31:19.4151111Z Receiving objects:  52% (2037/3917)
2022-05-06T21:31:19.4167709Z Receiving objects:  53% (2077/3917)
2022-05-06T21:31:19.4186522Z Receiving objects:  54% (2116/3917)
2022-05-06T21:31:19.4199973Z Receiving objects:  55% (2155/3917)
2022-05-06T21:31:19.4214045Z Receiving objects:  56% (2194/3917)
2022-05-06T21:31:19.4234147Z Receiving objects:  57% (2233/3917)
2022-05-06T21:31:19.4253480Z Receiving objects:  58% (2272/3917)
2022-05-06T21:31:19.4350004Z Receiving objects:  59% (2312/3917)
2022-05-06T21:31:19.4376248Z Receiving objects:  60% (2351/3917)
2022-05-06T21:31:19.4415217Z Receiving objects:  61% (2390/3917)
2022-05-06T21:31:19.4420865Z Receiving objects:  62% (2429/3917)
2022-05-06T21:31:19.4421578Z Receiving objects:  63% (2468/3917)
2022-05-06T21:31:19.4423681Z Receiving objects:  64% (2507/3917)
2022-05-06T21:31:19.4424175Z Receiving objects:  65% (2547/3917)
2022-05-06T21:31:19.4425802Z Receiving objects:  66% (2586/3917)
2022-05-06T21:31:19.4427121Z Receiving objects:  67% (2625/3917)
2022-05-06T21:31:19.4428604Z Receiving objects:  68% (2664/3917)
2022-05-06T21:31:19.4432398Z Receiving objects:  69% (2703/3917)
2022-05-06T21:31:19.4434159Z Receiving objects:  70% (2742/3917)
2022-05-06T21:31:19.4434680Z Receiving objects:  71% (2782/3917)
2022-05-06T21:31:19.4436682Z Receiving objects:  72% (2821/3917)
2022-05-06T21:31:19.4437165Z Receiving objects:  73% (2860/3917)
2022-05-06T21:31:19.4438619Z Receiving objects:  74% (2899/3917)
2022-05-06T21:31:19.4439138Z Receiving objects:  75% (2938/3917)
2022-05-06T21:31:19.4440784Z Receiving objects:  76% (2977/3917)
2022-05-06T21:31:19.4441273Z Receiving objects:  77% (3017/3917)
2022-05-06T21:31:19.4443245Z Receiving objects:  78% (3056/3917)
2022-05-06T21:31:19.4443754Z Receiving objects:  79% (3095/3917)
2022-05-06T21:31:19.4445100Z Receiving objects:  80% (3134/3917)
2022-05-06T21:31:19.4446244Z Receiving objects:  81% (3173/3917)
2022-05-06T21:31:19.4449243Z Receiving objects:  82% (3212/3917)
2022-05-06T21:31:19.4449795Z Receiving objects:  83% (3252/3917)
2022-05-06T21:31:19.4451732Z Receiving objects:  84% (3291/3917)
2022-05-06T21:31:19.4452225Z Receiving objects:  85% (3330/3917)
2022-05-06T21:31:19.4467151Z Receiving objects:  86% (3369/3917)
2022-05-06T21:31:19.4488364Z Receiving objects:  87% (3408/3917)
2022-05-06T21:31:19.4520479Z Receiving objects:  88% (3447/3917)
2022-05-06T21:31:19.4533836Z Receiving objects:  89% (3487/3917)
2022-05-06T21:31:19.4557574Z Receiving objects:  90% (3526/3917)
2022-05-06T21:31:19.4572382Z Receiving objects:  91% (3565/3917)
2022-05-06T21:31:19.4610303Z Receiving objects:  92% (3604/3917)
2022-05-06T21:31:19.4647361Z Receiving objects:  93% (3643/3917)
2022-05-06T21:31:19.4659065Z Receiving objects:  94% (3682/3917)
2022-05-06T21:31:19.4669638Z Receiving objects:  95% (3722/3917)
2022-05-06T21:31:19.4681832Z Receiving objects:  96% (3761/3917)
2022-05-06T21:31:19.4716970Z Receiving objects:  97% (3800/3917)
2022-05-06T21:31:19.4758839Z Receiving objects:  98% (3839/3917)
2022-05-06T21:31:19.5204520Z Receiving objects:  99% (3878/3917)
2022-05-06T21:31:19.5205785Z remote: Total 3917 (delta 303), reused 2609 (delta 219), pack-reused 0        
2022-05-06T21:31:19.5218558Z Receiving objects: 100% (3917/3917)
2022-05-06T21:31:19.5219197Z Receiving objects: 100% (3917/3917), 5.57 MiB | 15.59 MiB/s, done.
2022-05-06T21:31:19.5223514Z Resolving deltas:   0% (0/303)
2022-05-06T21:31:19.5225716Z Resolving deltas:   1% (4/303)
2022-05-06T21:31:19.5228007Z Resolving deltas:   2% (7/303)
2022-05-06T21:31:19.5228531Z Resolving deltas:   3% (10/303)
2022-05-06T21:31:19.5232316Z Resolving deltas:   4% (13/303)
2022-05-06T21:31:19.5234393Z Resolving deltas:   5% (16/303)
2022-05-06T21:31:19.5235662Z Resolving deltas:   6% (19/303)
2022-05-06T21:31:19.5244577Z Resolving deltas:   7% (22/303)
2022-05-06T21:31:19.5253032Z Resolving deltas:   8% (25/303)
2022-05-06T21:31:19.5260860Z Resolving deltas:   9% (28/303)
2022-05-06T21:31:19.5266066Z Resolving deltas:  10% (31/303)
2022-05-06T21:31:19.5266595Z Resolving deltas:  11% (34/303)
2022-05-06T21:31:19.5271065Z Resolving deltas:  12% (37/303)
2022-05-06T21:31:19.5271505Z Resolving deltas:  13% (40/303)
2022-05-06T21:31:19.5284529Z Resolving deltas:  14% (43/303)
2022-05-06T21:31:19.5287635Z Resolving deltas:  15% (46/303)
2022-05-06T21:31:19.5288140Z Resolving deltas:  16% (49/303)
2022-05-06T21:31:19.5288697Z Resolving deltas:  17% (52/303)
2022-05-06T21:31:19.5292962Z Resolving deltas:  18% (55/303)
2022-05-06T21:31:19.5293405Z Resolving deltas:  19% (58/303)
2022-05-06T21:31:19.5299016Z Resolving deltas:  20% (61/303)
2022-05-06T21:31:19.5301627Z Resolving deltas:  21% (64/303)
2022-05-06T21:31:19.5303588Z Resolving deltas:  22% (67/303)
2022-05-06T21:31:19.5315522Z Resolving deltas:  23% (70/303)
2022-05-06T21:31:19.5318105Z Resolving deltas:  24% (73/303)
2022-05-06T21:31:19.5321184Z Resolving deltas:  25% (76/303)
2022-05-06T21:31:19.5325089Z Resolving deltas:  26% (79/303)
2022-05-06T21:31:19.5325612Z Resolving deltas:  27% (82/303)
2022-05-06T21:31:19.5326597Z Resolving deltas:  28% (85/303)
2022-05-06T21:31:19.5327033Z Resolving deltas:  29% (88/303)
2022-05-06T21:31:19.5327431Z Resolving deltas:  30% (91/303)
2022-05-06T21:31:19.5398726Z Resolving deltas:  31% (94/303)
2022-05-06T21:31:19.5399051Z Resolving deltas:  32% (97/303)
2022-05-06T21:31:19.5399984Z Resolving deltas:  33% (100/303)
2022-05-06T21:31:19.5400347Z Resolving deltas:  34% (104/303)
2022-05-06T21:31:19.5400721Z Resolving deltas:  35% (107/303)
2022-05-06T21:31:19.5400999Z Resolving deltas:  36% (110/303)
2022-05-06T21:31:19.5401273Z Resolving deltas:  37% (113/303)
2022-05-06T21:31:19.5401545Z Resolving deltas:  38% (116/303)
2022-05-06T21:31:19.5401820Z Resolving deltas:  39% (119/303)
2022-05-06T21:31:19.5402078Z Resolving deltas:  40% (122/303)
2022-05-06T21:31:19.5402349Z Resolving deltas:  41% (125/303)
2022-05-06T21:31:19.5402620Z Resolving deltas:  42% (128/303)
2022-05-06T21:31:19.5402884Z Resolving deltas:  43% (131/303)
2022-05-06T21:31:19.5403151Z Resolving deltas:  44% (134/303)
2022-05-06T21:31:19.5403422Z Resolving deltas:  45% (137/303)
2022-05-06T21:31:19.5403678Z Resolving deltas:  46% (140/303)
2022-05-06T21:31:19.5403946Z Resolving deltas:  47% (143/303)
2022-05-06T21:31:19.5404213Z Resolving deltas:  48% (146/303)
2022-05-06T21:31:19.5404481Z Resolving deltas:  49% (149/303)
2022-05-06T21:31:19.5404737Z Resolving deltas:  50% (152/303)
2022-05-06T21:31:19.5405005Z Resolving deltas:  51% (155/303)
2022-05-06T21:31:19.5405277Z Resolving deltas:  52% (158/303)
2022-05-06T21:31:19.5405535Z Resolving deltas:  53% (161/303)
2022-05-06T21:31:19.5405807Z Resolving deltas:  54% (164/303)
2022-05-06T21:31:19.5406080Z Resolving deltas:  55% (167/303)
2022-05-06T21:31:19.5406334Z Resolving deltas:  56% (170/303)
2022-05-06T21:31:19.5406601Z Resolving deltas:  57% (173/303)
2022-05-06T21:31:19.5406870Z Resolving deltas:  58% (176/303)
2022-05-06T21:31:19.5407123Z Resolving deltas:  59% (179/303)
2022-05-06T21:31:19.5407645Z Resolving deltas:  60% (183/303)
2022-05-06T21:31:19.5407913Z Resolving deltas:  61% (185/303)
2022-05-06T21:31:19.5408169Z Resolving deltas:  62% (188/303)
2022-05-06T21:31:19.5408438Z Resolving deltas:  63% (191/303)
2022-05-06T21:31:19.5408709Z Resolving deltas:  64% (194/303)
2022-05-06T21:31:19.5408966Z Resolving deltas:  65% (197/303)
2022-05-06T21:31:19.5409234Z Resolving deltas:  66% (200/303)
2022-05-06T21:31:19.5409724Z Resolving deltas:  67% (204/303)
2022-05-06T21:31:19.5410012Z Resolving deltas:  68% (207/303)
2022-05-06T21:31:19.5410267Z Resolving deltas:  69% (210/303)
2022-05-06T21:31:19.5414188Z Resolving deltas:  70% (213/303)
2022-05-06T21:31:19.5429058Z Resolving deltas:  71% (216/303)
2022-05-06T21:31:19.5429376Z Resolving deltas:  72% (219/303)
2022-05-06T21:31:19.5429647Z Resolving deltas:  73% (222/303)
2022-05-06T21:31:19.5429931Z Resolving deltas:  74% (225/303)
2022-05-06T21:31:19.5432928Z Resolving deltas:  75% (228/303)
2022-05-06T21:31:19.5433384Z Resolving deltas:  76% (231/303)
2022-05-06T21:31:19.5442806Z Resolving deltas:  77% (234/303)
2022-05-06T21:31:19.5443114Z Resolving deltas:  78% (237/303)
2022-05-06T21:31:19.5460872Z Resolving deltas:  79% (240/303)
2022-05-06T21:31:19.5464556Z Resolving deltas:  80% (243/303)
2022-05-06T21:31:19.5468351Z Resolving deltas:  81% (246/303)
2022-05-06T21:31:19.5472231Z Resolving deltas:  82% (249/303)
2022-05-06T21:31:19.5476433Z Resolving deltas:  83% (252/303)
2022-05-06T21:31:19.5481473Z Resolving deltas:  84% (255/303)
2022-05-06T21:31:19.5485833Z Resolving deltas:  85% (258/303)
2022-05-06T21:31:19.5490399Z Resolving deltas:  86% (261/303)
2022-05-06T21:31:19.5495021Z Resolving deltas:  87% (264/303)
2022-05-06T21:31:19.5501211Z Resolving deltas:  88% (267/303)
2022-05-06T21:31:19.5501526Z Resolving deltas:  89% (270/303)
2022-05-06T21:31:19.5501818Z Resolving deltas:  90% (273/303)
2022-05-06T21:31:19.5502108Z Resolving deltas:  91% (276/303)
2022-05-06T21:31:19.5526917Z Resolving deltas:  92% (279/303)
2022-05-06T21:31:19.5530668Z Resolving deltas:  93% (282/303)
2022-05-06T21:31:19.5531209Z Resolving deltas:  94% (285/303)
2022-05-06T21:31:19.5531795Z Resolving deltas:  95% (288/303)
2022-05-06T21:31:19.5534782Z Resolving deltas:  96% (291/303)
2022-05-06T21:31:19.5537653Z Resolving deltas:  97% (294/303)
2022-05-06T21:31:19.5539441Z Resolving deltas:  98% (297/303)
2022-05-06T21:31:19.5544895Z Resolving deltas:  99% (300/303)
2022-05-06T21:31:19.5545415Z Resolving deltas: 100% (303/303)
2022-05-06T21:31:19.5545821Z Resolving deltas: 100% (303/303), done.
2022-05-06T21:31:19.7042083Z From https://github.com/hashicorp/terraform
2022-05-06T21:31:19.7043312Z  * [new ref]         1daa1d0bdac5f1cfad61585144ed08d531627383 -> pull/31018/merge
2022-05-06T21:31:19.7066904Z ##[endgroup]
2022-05-06T21:31:19.7067873Z ##[group]Determining the checkout info
2022-05-06T21:31:19.7069045Z ##[endgroup]
2022-05-06T21:31:19.7070275Z ##[group]Checking out the ref
2022-05-06T21:31:19.7088333Z [command]/usr/bin/git checkout --progress --force refs/remotes/pull/31018/merge
2022-05-06T21:31:19.9310182Z Note: switching to 'refs/remotes/pull/31018/merge'.
2022-05-06T21:31:19.9311279Z 
2022-05-06T21:31:19.9313946Z You are in 'detached HEAD' state. You can look around, make experimental
2022-05-06T21:31:19.9314964Z changes and commit them, and you can discard any commits you make in this
2022-05-06T21:31:19.9315446Z state without impacting any branches by switching back to a branch.
2022-05-06T21:31:19.9315690Z 
2022-05-06T21:31:19.9315894Z If you want to create a new branch to retain commits you create, you may
2022-05-06T21:31:19.9316594Z do so (now or later) by using -c with the switch command. Example:
2022-05-06T21:31:19.9316827Z 
2022-05-06T21:31:19.9317037Z   git switch -c <new-branch-name>
2022-05-06T21:31:19.9317226Z 
2022-05-06T21:31:19.9317357Z Or undo this operation with:
2022-05-06T21:31:19.9317535Z 
2022-05-06T21:31:19.9317625Z   git switch -
2022-05-06T21:31:19.9317786Z 
2022-05-06T21:31:19.9318005Z Turn off this advice by setting config variable advice.detachedHead to false
2022-05-06T21:31:19.9318521Z 
2022-05-06T21:31:19.9318803Z HEAD is now at 1daa1d0 Merge 54c66aebde076420f62c2073eb03f8b204d4cc01 into ec890211b649bb4bc7ccf517afa2d2d54f2f997d
2022-05-06T21:31:19.9323972Z ##[endgroup]
2022-05-06T21:31:19.9388059Z [command]/usr/bin/git log -1 --format='%H'
2022-05-06T21:31:19.9421488Z '1daa1d0bdac5f1cfad61585144ed08d531627383'
2022-05-06T21:31:19.9881691Z Prepare all required actions
2022-05-06T21:31:19.9916701Z ##[group]Run ./.github/actions/go-version
2022-05-06T21:31:19.9916998Z ##[endgroup]
2022-05-06T21:31:20.0246683Z ##[group]Run echo "Building with Go $(cat .go-version)"
2022-05-06T21:31:20.0247118Z [36;1mecho "Building with Go $(cat .go-version)"[0m
2022-05-06T21:31:20.0247489Z [36;1mecho "::set-output name=version::$(cat .go-version)"[0m
2022-05-06T21:31:20.0313517Z shell: /usr/bin/bash --noprofile --norc -e -o pipefail {0}
2022-05-06T21:31:20.0313867Z ##[endgroup]
2022-05-06T21:31:20.0519566Z Building with Go 1.18.1
2022-05-06T21:31:20.0716267Z ##[group]Run actions/setup-go@v2
2022-05-06T21:31:20.0716534Z with:
2022-05-06T21:31:20.0716766Z   go-version: 1.18.1
2022-05-06T21:31:20.0717022Z   check-latest: false
2022-05-06T21:31:20.0717254Z   stable: true
2022-05-06T21:31:20.0717683Z   token: ***
2022-05-06T21:31:20.0717917Z ##[endgroup]
2022-05-06T21:31:20.1306285Z Setup go stable version spec 1.18.1
2022-05-06T21:31:20.1327047Z Found in cache @ /opt/hostedtoolcache/go/1.18.1/x64
2022-05-06T21:31:20.1338113Z Added go to the path
2022-05-06T21:31:20.7041751Z Successfully setup go version 1.18.1
2022-05-06T21:31:20.7167430Z go version go1.18.1 linux/amd64
2022-05-06T21:31:20.7167851Z 
2022-05-06T21:31:20.7168749Z ##[group]go env
2022-05-06T21:31:20.8912894Z GO111MODULE=""
2022-05-06T21:31:20.8913361Z GOARCH="amd64"
2022-05-06T21:31:20.8913678Z GOBIN=""
2022-05-06T21:31:20.8914355Z GOCACHE="/home/runner/.cache/go-build"
2022-05-06T21:31:20.8914765Z GOENV="/home/runner/.config/go/env"
2022-05-06T21:31:20.8915124Z GOEXE=""
2022-05-06T21:31:20.8915513Z GOEXPERIMENT=""
2022-05-06T21:31:20.8915822Z GOFLAGS=""
2022-05-06T21:31:20.8916141Z GOHOSTARCH="amd64"
2022-05-06T21:31:20.8916472Z GOHOSTOS="linux"
2022-05-06T21:31:20.8916792Z GOINSECURE=""
2022-05-06T21:31:20.8917147Z GOMODCACHE="/home/runner/go/pkg/mod"
2022-05-06T21:31:20.8917507Z GONOPROXY=""
2022-05-06T21:31:20.8917818Z GONOSUMDB=""
2022-05-06T21:31:20.8918108Z GOOS="linux"
2022-05-06T21:31:20.8918437Z GOPATH="/home/runner/go"
2022-05-06T21:31:20.8918771Z GOPRIVATE=""
2022-05-06T21:31:20.8919190Z GOPROXY="https://proxy.golang.org,direct"
2022-05-06T21:31:20.8919633Z GOROOT="/opt/hostedtoolcache/go/1.18.1/x64"
2022-05-06T21:31:20.8920022Z GOSUMDB="sum.golang.org"
2022-05-06T21:31:20.8920358Z GOTMPDIR=""
2022-05-06T21:31:20.8920766Z GOTOOLDIR="/opt/hostedtoolcache/go/1.18.1/x64/pkg/tool/linux_amd64"
2022-05-06T21:31:20.8921153Z GOVCS=""
2022-05-06T21:31:20.8921472Z GOVERSION="go1.18.1"
2022-05-06T21:31:20.8921795Z GCCGO="gccgo"
2022-05-06T21:31:20.8922092Z GOAMD64="v1"
2022-05-06T21:31:20.8922403Z AR="ar"
2022-05-06T21:31:20.8922693Z CC="gcc"
2022-05-06T21:31:20.8922976Z CXX="g++"
2022-05-06T21:31:20.8923281Z CGO_ENABLED="1"
2022-05-06T21:31:20.8923681Z GOMOD="/home/runner/work/terraform/terraform/go.mod"
2022-05-06T21:31:20.8924053Z GOWORK=""
2022-05-06T21:31:20.8924435Z CGO_CFLAGS="-g -O2"
2022-05-06T21:31:20.8924769Z CGO_CPPFLAGS=""
2022-05-06T21:31:20.8925156Z CGO_CXXFLAGS="-g -O2"
2022-05-06T21:31:20.8925536Z CGO_FFLAGS="-g -O2"
2022-05-06T21:31:20.8925920Z CGO_LDFLAGS="-g -O2"
2022-05-06T21:31:20.8926378Z PKG_CONFIG="pkg-config"
2022-05-06T21:31:20.8927177Z GOGCCFLAGS="-fPIC -m64 -pthread -fmessage-length=0 -fdebug-prefix-map=/tmp/go-build1695526610=/tmp/go-build -gno-record-gcc-switches"
2022-05-06T21:31:20.8927606Z 
2022-05-06T21:31:20.8928272Z ##[endgroup]
2022-05-06T21:31:21.1445990Z ##[group]Run actions/cache@v3
2022-05-06T21:31:21.1446331Z with:
2022-05-06T21:31:21.1446619Z   path: ~/go/pkg
2022-05-06T21:31:21.1447143Z   key: go-mod-7caccb0d4f404f65263f3153593ee4215e32ba546d1c4d2a0e9b18531301110f
2022-05-06T21:31:21.1447820Z   restore-keys: go-mod-

2022-05-06T21:31:21.1448151Z env:
2022-05-06T21:31:21.1448500Z   GOROOT: /opt/hostedtoolcache/go/1.18.1/x64
2022-05-06T21:31:21.1448843Z ##[endgroup]
2022-05-06T21:31:22.9824693Z Received 46137344 of 320524443 (14.4%), 43.8 MBs/sec
2022-05-06T21:31:23.9825021Z Received 218103808 of 320524443 (68.0%), 103.8 MBs/sec
2022-05-06T21:31:24.9071300Z Received 320524443 of 320524443 (100.0%), 104.4 MBs/sec
2022-05-06T21:31:24.9072506Z Cache Size: ~306 MB (320524443 B)
2022-05-06T21:31:24.9102264Z [command]/usr/bin/tar --use-compress-program zstd -d -xf /home/runner/work/_temp/f2f05b4d-067a-4466-a190-f4ebe7469a59/cache.tzst -P -C /home/runner/work/terraform/terraform
2022-05-06T21:31:33.0740325Z Cache restored successfully
2022-05-06T21:31:33.1412781Z 
2022-05-06T21:31:33.1415068Z Cache restored from key: go-mod-784d88635a556190c85c96f8a73d4666018d3829e5d6386dd44de820218e7413
2022-05-06T21:31:33.1591212Z ##[group]Run go test ./...
2022-05-06T21:31:33.1591718Z [36;1mgo test ./...[0m
2022-05-06T21:31:33.1650017Z shell: /usr/bin/bash -e {0}
2022-05-06T21:31:33.1650328Z env:
2022-05-06T21:31:33.1650635Z   GOROOT: /opt/hostedtoolcache/go/1.18.1/x64
2022-05-06T21:31:33.1650939Z ##[endgroup]
2022-05-06T21:31:33.4118475Z go: downloading github.com/hashicorp/terraform-svchost v0.0.0-20220506210715-ad350411ef4e
2022-05-06T21:31:34.6001936Z go: downloading github.com/go-test/deep v1.0.3
2022-05-06T21:31:34.8686411Z go: downloading github.com/hashicorp/consul/sdk v0.8.0
2022-05-06T21:31:34.9820373Z go: downloading github.com/apparentlymart/go-dump v0.0.0-20190214190832-042adf3cf4a0
2022-05-06T21:31:35.0031883Z go: downloading github.com/Netflix/go-expect v0.0.0-20211003183012-e1a7c020ce25
2022-05-06T21:31:35.0105787Z go: downloading github.com/golang/mock v1.6.0
2022-05-06T21:31:35.0997229Z go: downloading github.com/dylanmei/winrmtest v0.0.0-20210303004826-fbc9ae56efb6
2022-05-06T21:31:35.3246684Z go: downloading github.com/zclconf/go-cty-debug v0.0.0-20191215020915-b22d67c1ba0b
2022-05-06T21:31:35.7737362Z go: downloading github.com/kr/pty v1.1.5
2022-05-06T21:31:35.8327873Z go: downloading github.com/antchfx/xmlquery v1.3.5
2022-05-06T21:31:36.1098352Z go: downloading github.com/antchfx/xpath v1.1.10
2022-05-06T21:33:55.0698399Z ok  	github.com/hashicorp/terraform	0.072s
2022-05-06T21:33:56.9495534Z ok  	github.com/hashicorp/terraform/internal/addrs	0.035s
2022-05-06T21:33:56.9496636Z ok  	github.com/hashicorp/terraform/internal/backend	0.019s
2022-05-06T21:33:59.8167960Z ok  	github.com/hashicorp/terraform/internal/backend/init	0.039s
2022-05-06T21:33:59.8171724Z ok  	github.com/hashicorp/terraform/internal/backend/local	0.284s
2022-05-06T21:34:02.7539653Z ok  	github.com/hashicorp/terraform/internal/backend/remote	0.599s
2022-05-06T21:34:02.7540636Z ok  	github.com/hashicorp/terraform/internal/backend/remote-state/artifactory	0.023s
2022-05-06T21:34:03.1896081Z ok  	github.com/hashicorp/terraform/internal/backend/remote-state/azure	0.022s
2022-05-06T21:34:04.8295634Z ok  	github.com/hashicorp/terraform/internal/backend/remote-state/consul	0.021s
2022-05-06T21:34:04.8957324Z ok  	github.com/hashicorp/terraform/internal/backend/remote-state/cos	0.020s
2022-05-06T21:34:06.0682737Z ok  	github.com/hashicorp/terraform/internal/backend/remote-state/etcdv2	0.019s
2022-05-06T21:34:06.4631926Z ok  	github.com/hashicorp/terraform/internal/backend/remote-state/etcdv3	0.030s
2022-05-06T21:34:07.5879925Z ok  	github.com/hashicorp/terraform/internal/backend/remote-state/gcs	0.028s
2022-05-06T21:34:11.8326836Z ok  	github.com/hashicorp/terraform/internal/backend/remote-state/http	4.030s
2022-05-06T21:34:11.8329432Z ok  	github.com/hashicorp/terraform/internal/backend/remote-state/inmem	0.018s
2022-05-06T21:34:11.8331248Z ok  	github.com/hashicorp/terraform/internal/backend/remote-state/kubernetes	0.025s
2022-05-06T21:34:12.4061358Z ok  	github.com/hashicorp/terraform/internal/backend/remote-state/manta	0.019s
2022-05-06T21:34:13.5575731Z ok  	github.com/hashicorp/terraform/internal/backend/remote-state/oss	0.024s
2022-05-06T21:34:13.9987110Z ok  	github.com/hashicorp/terraform/internal/backend/remote-state/pg	0.018s
2022-05-06T21:34:15.4841106Z ok  	github.com/hashicorp/terraform/internal/backend/remote-state/s3	0.017s
2022-05-06T21:34:15.5543283Z ok  	github.com/hashicorp/terraform/internal/backend/remote-state/swift	0.021s
2022-05-06T21:34:18.4858344Z ok  	github.com/hashicorp/terraform/internal/builtin/providers/terraform	0.040s
2022-05-06T21:34:18.4859120Z ok  	github.com/hashicorp/terraform/internal/builtin/provisioners/file	0.015s
2022-05-06T21:34:18.4860303Z ok  	github.com/hashicorp/terraform/internal/builtin/provisioners/local-exec	0.066s
2022-05-06T21:34:19.5269294Z ok  	github.com/hashicorp/terraform/internal/builtin/provisioners/remote-exec	2.007s
2022-05-06T21:34:22.1191739Z --- FAIL: TestCloud_applyBasic (0.00s)
2022-05-06T21:34:22.1192742Z panic: value has no attribute of that name [recovered]
2022-05-06T21:34:22.1193802Z 	panic: value has no attribute of that name
2022-05-06T21:34:22.1194398Z 
2022-05-06T21:34:22.1313786Z goroutine 21 [running]:
2022-05-06T21:34:22.1314261Z testing.tRunner.func1.2({0x10cb460, 0x15cde10})
2022-05-06T21:34:22.1336186Z 	/opt/hostedtoolcache/go/1.18.1/x64/src/testing/testing.go:1389 +0x24e
2022-05-06T21:34:22.1337345Z testing.tRunner.func1()
2022-05-06T21:34:22.1337898Z 	/opt/hostedtoolcache/go/1.18.1/x64/src/testing/testing.go:1392 +0x39f
2022-05-06T21:34:22.1338358Z panic({0x10cb460, 0x15cde10})
2022-05-06T21:34:22.1338852Z 	/opt/hostedtoolcache/go/1.18.1/x64/src/runtime/panic.go:838 +0x207
2022-05-06T21:34:22.1339816Z github.com/zclconf/go-cty/cty.Value.GetAttr({{{0x15dbdf8?, 0xc00011b590?}}, {0x1128440?, 0xc0001217d0?}}, {0x12875fb, 0x6})
2022-05-06T21:34:22.1340672Z 	/home/runner/go/pkg/mod/github.com/zclconf/go-cty@v1.10.0/cty/value_ops.go:749 +0x305
2022-05-06T21:34:22.1341367Z github.com/hashicorp/terraform/internal/cloud.(*Cloud).setConfigurationFields(0xc0001a6780, {{{0x15dbdf8?, 0xc00011b590?}}, {0x1128440?, 0xc0001217d0?}})
2022-05-06T21:34:22.1342022Z 	/home/runner/work/terraform/terraform/internal/cloud/backend.go:380 +0x205
2022-05-06T21:34:22.1342674Z github.com/hashicorp/terraform/internal/cloud.(*Cloud).Configure(0xc0001a6780, {{{0x15dbdf8?, 0xc00011b590?}}, {0x1128440?, 0xc0001217d0?}})
2022-05-06T21:34:22.1343338Z 	/home/runner/work/terraform/terraform/internal/cloud/backend.go:211 +0xb6
2022-05-06T21:34:22.1343969Z github.com/hashicorp/terraform/internal/cloud.testBackend(0xc00020aea0, {{{0x15dbdf8?, 0xc00011b590?}}, {0x1128440?, 0xc0001217d0?}})
2022-05-06T21:34:22.1344615Z 	/home/runner/work/terraform/terraform/internal/cloud/testing.go:134 +0x1c5
2022-05-06T21:34:22.1345207Z github.com/hashicorp/terraform/internal/cloud.testBackendWithName(0xc00020aea0?)
2022-05-06T21:34:22.1345851Z 	/home/runner/work/terraform/terraform/internal/cloud/testing.go:78 +0x47b
2022-05-06T21:34:22.1346367Z github.com/hashicorp/terraform/internal/cloud.TestCloud_applyBasic(0xc00020aea0)
2022-05-06T21:34:22.1346993Z 	/home/runner/work/terraform/terraform/internal/cloud/backend_apply_test.go:67 +0x4a
2022-05-06T21:34:22.1347503Z testing.tRunner(0xc00020aea0, 0x131edc0)
2022-05-06T21:34:22.1348019Z 	/opt/hostedtoolcache/go/1.18.1/x64/src/testing/testing.go:1439 +0x102
2022-05-06T21:34:22.1348513Z created by testing.(*T).Run
2022-05-06T21:34:22.1349013Z 	/opt/hostedtoolcache/go/1.18.1/x64/src/testing/testing.go:1486 +0x35f
2022-05-06T21:34:22.1349489Z FAIL	github.com/hashicorp/terraform/internal/cloud	0.029s
2022-05-06T21:34:30.4523893Z ok  	github.com/hashicorp/terraform/internal/cloud/e2e	8.379s
2022-05-06T21:35:05.9729762Z ok  	github.com/hashicorp/terraform/internal/command	31.990s
2022-05-06T21:35:05.9731955Z ok  	github.com/hashicorp/terraform/internal/command/arguments	0.033s
2022-05-06T21:35:05.9734034Z ok  	github.com/hashicorp/terraform/internal/command/cliconfig	0.027s
2022-05-06T21:35:05.9797247Z ok  	github.com/hashicorp/terraform/internal/command/clistate	0.029s
2022-05-06T21:35:05.9797838Z ok  	github.com/hashicorp/terraform/internal/command/e2etest	16.017s
2022-05-06T21:35:05.9798976Z ok  	github.com/hashicorp/terraform/internal/command/format	0.052s
2022-05-06T21:35:05.9799476Z ok  	github.com/hashicorp/terraform/internal/command/jsonconfig	0.023s
2022-05-06T21:35:05.9800044Z ok  	github.com/hashicorp/terraform/internal/command/jsonplan	0.018s
2022-05-06T21:35:05.9800590Z ok  	github.com/hashicorp/terraform/internal/command/jsonprovider	0.016s
2022-05-06T21:35:05.9801181Z ok  	github.com/hashicorp/terraform/internal/command/jsonstate	0.016s
2022-05-06T21:35:06.9090469Z ok  	github.com/hashicorp/terraform/internal/command/views	3.170s
2022-05-06T21:35:07.0707044Z ok  	github.com/hashicorp/terraform/internal/command/views/json	0.020s
2022-05-06T21:35:07.4020749Z ok  	github.com/hashicorp/terraform/internal/command/webbrowser	0.007s
2022-05-06T21:35:07.4021788Z ok  	github.com/hashicorp/terraform/internal/command/workdir	0.003s
2022-05-06T21:35:08.9251710Z ok  	github.com/hashicorp/terraform/internal/communicator	1.042s
2022-05-06T21:35:08.9254548Z ok  	github.com/hashicorp/terraform/internal/communicator/remote	0.009s [no tests to run]
2022-05-06T21:35:08.9255204Z ok  	github.com/hashicorp/terraform/internal/communicator/shared	0.004s
2022-05-06T21:35:10.9188971Z ok  	github.com/hashicorp/terraform/internal/communicator/ssh	2.269s
2022-05-06T21:35:10.9192371Z ok  	github.com/hashicorp/terraform/internal/communicator/winrm	0.020s
2022-05-06T21:35:12.0604737Z ok  	github.com/hashicorp/terraform/internal/configs	0.082s
2022-05-06T21:35:12.3872705Z ok  	github.com/hashicorp/terraform/internal/configs/configload	0.025s
2022-05-06T21:35:13.3631125Z ok  	github.com/hashicorp/terraform/internal/configs/configschema	0.010s
2022-05-06T21:35:13.4575256Z ok  	github.com/hashicorp/terraform/internal/configs/hcl2shim	0.011s
2022-05-06T21:35:13.6548910Z ok  	github.com/hashicorp/terraform/internal/copy	0.005s
2022-05-06T21:35:15.3385557Z ok  	github.com/hashicorp/terraform/internal/dag	1.097s
2022-05-06T21:35:15.3386599Z ok  	github.com/hashicorp/terraform/internal/depsfile	0.020s
2022-05-06T21:35:15.3387726Z ok  	github.com/hashicorp/terraform/internal/didyoumean	0.007s
2022-05-06T21:35:15.3388585Z ?   	github.com/hashicorp/terraform/internal/e2e	[no test files]
2022-05-06T21:35:16.4138384Z ok  	github.com/hashicorp/terraform/internal/earlyconfig	0.017s
2022-05-06T21:35:16.4139997Z ?   	github.com/hashicorp/terraform/internal/experiments	[no test files]
2022-05-06T21:35:16.4140482Z ?   	github.com/hashicorp/terraform/internal/getmodules	[no test files]
2022-05-06T21:35:21.4059745Z ok  	github.com/hashicorp/terraform/internal/getproviders	4.109s
2022-05-06T21:35:21.4062921Z ?   	github.com/hashicorp/terraform/internal/grpcwrap	[no test files]
2022-05-06T21:35:21.4065784Z ok  	github.com/hashicorp/terraform/internal/helper/slowmessage	0.108s
2022-05-06T21:35:21.4068604Z ok  	github.com/hashicorp/terraform/internal/httpclient	0.005s
2022-05-06T21:35:21.4071373Z ok  	github.com/hashicorp/terraform/internal/initwd	0.027s
2022-05-06T21:35:21.4074150Z ok  	github.com/hashicorp/terraform/internal/instances	0.016s
2022-05-06T21:35:21.4076913Z ok  	github.com/hashicorp/terraform/internal/ipaddr	0.003s
2022-05-06T21:35:21.4079669Z ok  	github.com/hashicorp/terraform/internal/lang	0.043s
2022-05-06T21:35:21.5544879Z ok  	github.com/hashicorp/terraform/internal/lang/blocktoattr	0.006s
2022-05-06T21:35:23.9054645Z ok  	github.com/hashicorp/terraform/internal/lang/funcs	0.210s
2022-05-06T21:35:23.9055123Z ok  	github.com/hashicorp/terraform/internal/lang/globalref	0.042s
2022-05-06T21:35:23.9055731Z ?   	github.com/hashicorp/terraform/internal/lang/marks	[no test files]
2022-05-06T21:35:23.9056262Z ?   	github.com/hashicorp/terraform/internal/lang/types	[no test files]
2022-05-06T21:35:23.9056850Z ok  	github.com/hashicorp/terraform/internal/legacy/helper/acctest	0.019s
2022-05-06T21:35:23.9057375Z ok  	github.com/hashicorp/terraform/internal/legacy/helper/hashcode	0.002s
2022-05-06T21:35:27.7330685Z ok  	github.com/hashicorp/terraform/internal/legacy/helper/schema	0.112s
2022-05-06T21:35:27.7332052Z ok  	github.com/hashicorp/terraform/internal/legacy/terraform	0.044s
2022-05-06T21:35:27.7332812Z ok  	github.com/hashicorp/terraform/internal/logging	0.012s
2022-05-06T21:35:27.7333424Z ?   	github.com/hashicorp/terraform/internal/modsdir	[no test files]
2022-05-06T21:35:28.5579856Z ok  	github.com/hashicorp/terraform/internal/moduledeps	0.015s
2022-05-06T21:35:29.0542272Z ok  	github.com/hashicorp/terraform/internal/moduletest	0.021s
2022-05-06T21:35:29.9325908Z ok  	github.com/hashicorp/terraform/internal/plans	0.023s
2022-05-06T21:35:29.9326605Z ?   	github.com/hashicorp/terraform/internal/plans/internal/planproto	[no test files]
2022-05-06T21:35:31.8777121Z ok  	github.com/hashicorp/terraform/internal/plans/objchange	0.046s
2022-05-06T21:35:31.8777642Z ok  	github.com/hashicorp/terraform/internal/plans/planfile	0.057s
2022-05-06T21:35:33.5921020Z ok  	github.com/hashicorp/terraform/internal/plugin	0.031s
2022-05-06T21:35:33.5922085Z ok  	github.com/hashicorp/terraform/internal/plugin/convert	0.027s
2022-05-06T21:35:33.6033845Z ok  	github.com/hashicorp/terraform/internal/plugin/discovery	0.004s
2022-05-06T21:35:33.6035602Z ?   	github.com/hashicorp/terraform/internal/plugin/mock_proto	[no test files]
2022-05-06T21:35:35.0990134Z ok  	github.com/hashicorp/terraform/internal/plugin6	0.017s
2022-05-06T21:35:35.0990923Z ok  	github.com/hashicorp/terraform/internal/plugin6/convert	0.030s
2022-05-06T21:35:35.0991781Z ?   	github.com/hashicorp/terraform/internal/plugin6/mock_proto	[no test files]
2022-05-06T21:35:35.0992956Z ?   	github.com/hashicorp/terraform/internal/provider-simple	[no test files]
2022-05-06T21:35:35.0993734Z ?   	github.com/hashicorp/terraform/internal/provider-simple/main	[no test files]
2022-05-06T21:35:35.0994583Z ?   	github.com/hashicorp/terraform/internal/provider-simple-v6	[no test files]
2022-05-06T21:35:35.1327995Z ?   	github.com/hashicorp/terraform/internal/provider-simple-v6/main	[no test files]
2022-05-06T21:35:35.1764050Z ?   	github.com/hashicorp/terraform/internal/provider-terraform/main	[no test files]
2022-05-06T21:35:36.6975352Z ok  	github.com/hashicorp/terraform/internal/providercache	0.055s
2022-05-06T21:35:36.6976021Z ok  	github.com/hashicorp/terraform/internal/providers	0.015s
2022-05-06T21:35:36.6977307Z ?   	github.com/hashicorp/terraform/internal/provisioner-local-exec/main	[no test files]
2022-05-06T21:35:36.6977951Z ?   	github.com/hashicorp/terraform/internal/provisioners	[no test files]
2022-05-06T21:35:37.9749885Z ok  	github.com/hashicorp/terraform/internal/refactoring	0.026s
2022-05-06T21:35:39.9373621Z ok  	github.com/hashicorp/terraform/internal/registry	2.032s
2022-05-06T21:35:39.9374530Z ok  	github.com/hashicorp/terraform/internal/registry/regsrc	0.015s
2022-05-06T21:35:39.9375748Z ok  	github.com/hashicorp/terraform/internal/registry/response	0.002s
2022-05-06T21:35:39.9376866Z ?   	github.com/hashicorp/terraform/internal/registry/test	[no test files]
2022-05-06T21:35:40.3075314Z ok  	github.com/hashicorp/terraform/internal/repl	0.078s
2022-05-06T21:35:40.3076024Z ?   	github.com/hashicorp/terraform/internal/replacefile	[no test files]
2022-05-06T21:35:41.5766861Z ok  	github.com/hashicorp/terraform/internal/states	0.018s
2022-05-06T21:35:41.6313566Z ok  	github.com/hashicorp/terraform/internal/states/remote	0.026s
2022-05-06T21:35:43.0304988Z ok  	github.com/hashicorp/terraform/internal/states/statefile	0.030s
2022-05-06T21:35:46.1828483Z ok  	github.com/hashicorp/terraform/internal/states/statemgr	3.079s
2022-05-06T21:35:46.1829246Z ok  	github.com/hashicorp/terraform/internal/terminal	0.003s
2022-05-06T21:35:57.3329626Z ok  	github.com/hashicorp/terraform/internal/terraform	5.051s
2022-05-06T21:35:57.3331040Z ok  	github.com/hashicorp/terraform/internal/tfdiags	0.022s
2022-05-06T21:35:57.3331994Z ?   	github.com/hashicorp/terraform/internal/tfplugin5	[no test files]
2022-05-06T21:35:57.3332994Z ?   	github.com/hashicorp/terraform/internal/tfplugin6	[no test files]
2022-05-06T21:35:57.3334030Z ok  	github.com/hashicorp/terraform/internal/typeexpr	0.007s
2022-05-06T21:35:57.3335646Z ?   	github.com/hashicorp/terraform/tools/loggraphdiff	[no test files]
2022-05-06T21:35:57.3337285Z ?   	github.com/hashicorp/terraform/tools/protobuf-compile	[no test files]
2022-05-06T21:35:57.3338358Z ?   	github.com/hashicorp/terraform/version	[no test files]
2022-05-06T21:35:57.3339267Z FAIL
2022-05-06T21:35:57.5506333Z ##[error]Process completed with exit code 1.
2022-05-06T21:35:57.5577869Z Post job cleanup.
2022-05-06T21:35:57.7006350Z [command]/usr/bin/git version
2022-05-06T21:35:57.7067481Z git version 2.36.0
2022-05-06T21:35:57.7113635Z Temporarily overriding HOME='/home/runner/work/_temp/3b94456b-9238-4bfa-8f2c-dfb526199a6a' before making global git config changes
2022-05-06T21:35:57.7114415Z Adding repository directory to the temporary git global config as a safe directory
2022-05-06T21:35:57.7119685Z [command]/usr/bin/git config --global --add safe.directory /home/runner/work/terraform/terraform
2022-05-06T21:35:57.7171341Z [command]/usr/bin/git config --local --name-only --get-regexp core\.sshCommand
2022-05-06T21:35:57.7211540Z [command]/usr/bin/git submodule foreach --recursive git config --local --name-only --get-regexp 'core\.sshCommand' && git config --local --unset-all 'core.sshCommand' || :
2022-05-06T21:35:57.7583308Z [command]/usr/bin/git config --local --name-only --get-regexp http\.https\:\/\/github\.com\/\.extraheader
2022-05-06T21:35:57.7627018Z http.https://github.com/.extraheader
2022-05-06T21:35:57.7648412Z [command]/usr/bin/git config --local --unset-all http.https://github.com/.extraheader
2022-05-06T21:35:57.7697689Z [command]/usr/bin/git submodule foreach --recursive git config --local --name-only --get-regexp 'http\.https\:\/\/github\.com\/\.extraheader' && git config --local --unset-all 'http.https://github.com/.extraheader' || :
2022-05-06T21:35:57.8269464Z Cleaning up orphan processes
