2022-03-30T07:28:06.6692325Z Requested labels: ubuntu-latest
2022-03-30T07:28:06.6692369Z Job defined at: lmove/breakbot-paper-ext/.github/workflows/build-latex.yml@refs/heads/main
2022-03-30T07:28:06.6692391Z Waiting for a runner to pick up this job...
2022-03-30T07:28:07.0327836Z Job is waiting for a hosted runner to come online.
2022-03-30T07:28:10.1562191Z Job is about to start running on the hosted runner: Hosted Agent (hosted)
2022-03-30T07:28:13.3758129Z Current runner version: '2.289.1'
2022-03-30T07:28:13.3793450Z ##[group]Operating System
2022-03-30T07:28:13.3794133Z Ubuntu
2022-03-30T07:28:13.3794466Z 20.04.4
2022-03-30T07:28:13.3794854Z LTS
2022-03-30T07:28:13.3795207Z ##[endgroup]
2022-03-30T07:28:13.3795595Z ##[group]Virtual Environment
2022-03-30T07:28:13.3795979Z Environment: ubuntu-20.04
2022-03-30T07:28:13.3796372Z Version: 20220227.1
2022-03-30T07:28:13.3797039Z Included Software: https://github.com/actions/virtual-environments/blob/ubuntu20/20220227.1/images/linux/Ubuntu2004-Readme.md
2022-03-30T07:28:13.3797780Z Image Release: https://github.com/actions/virtual-environments/releases/tag/ubuntu20%2F20220227.1
2022-03-30T07:28:13.3798328Z ##[endgroup]
2022-03-30T07:28:13.3798740Z ##[group]Virtual Environment Provisioner
2022-03-30T07:28:13.3799126Z 1.0.0.0-main-20220307-1
2022-03-30T07:28:13.3799535Z ##[endgroup]
2022-03-30T07:28:13.3800707Z ##[group]GITHUB_TOKEN Permissions
2022-03-30T07:28:13.3801418Z Actions: write
2022-03-30T07:28:13.3801968Z Checks: write
2022-03-30T07:28:13.3802429Z Contents: write
2022-03-30T07:28:13.3802756Z Deployments: write
2022-03-30T07:28:13.3803160Z Discussions: write
2022-03-30T07:28:13.3803540Z Issues: write
2022-03-30T07:28:13.3803898Z Metadata: read
2022-03-30T07:28:13.3804213Z Packages: write
2022-03-30T07:28:13.3804576Z Pages: write
2022-03-30T07:28:13.3804957Z PullRequests: write
2022-03-30T07:28:13.3805349Z RepositoryProjects: write
2022-03-30T07:28:13.3805764Z SecurityEvents: write
2022-03-30T07:28:13.3806147Z Statuses: write
2022-03-30T07:28:13.3806470Z ##[endgroup]
2022-03-30T07:28:13.3810878Z Secret source: Actions
2022-03-30T07:28:13.3811560Z Prepare workflow directory
2022-03-30T07:28:13.4673295Z Prepare all required actions
2022-03-30T07:28:13.4862717Z Getting action download info
2022-03-30T07:28:13.6897986Z Download action repository 'actions/checkout@v2' (SHA:ec3a7ce113134d7a93b817d10a8272cb61118579)
2022-03-30T07:28:14.0170091Z Download action repository 'xu-cheng/latex-action@v2' (SHA:79c8170fb031178e9339dc67726c3ac923b75b2f)
2022-03-30T07:28:14.2460956Z Download action repository 'actions/upload-artifact@v2' (SHA:82c141cc518b40d92cc801eee768e7aafc9c2fa2)
2022-03-30T07:28:14.6015793Z ##[group]Build container for action use: '/home/runner/work/_actions/xu-cheng/latex-action/v2/Dockerfile'.
2022-03-30T07:28:14.6091143Z ##[command]/usr/bin/docker build -t 372a9e:6fe30d020008426a88a56b174f41bdd5 -f "/home/runner/work/_actions/xu-cheng/latex-action/v2/Dockerfile" "/home/runner/work/_actions/xu-cheng/latex-action/v2"
2022-03-30T07:28:14.7696187Z Sending build context to Docker daemon  18.43kB
2022-03-30T07:28:14.7705356Z 
2022-03-30T07:28:14.8149593Z Step 1/3 : FROM ghcr.io/xu-cheng/texlive-full:latest
2022-03-30T07:28:15.2286188Z latest: Pulling from xu-cheng/texlive-full
2022-03-30T07:28:15.2309515Z 59bf1c3509f3: Already exists
2022-03-30T07:28:15.2340853Z 435f0347aa89: Pulling fs layer
2022-03-30T07:28:25.4676437Z 435f0347aa89: Verifying Checksum
2022-03-30T07:28:25.4677072Z 435f0347aa89: Download complete
2022-03-30T07:29:19.1046827Z 435f0347aa89: Pull complete
2022-03-30T07:29:19.1080027Z Digest: sha256:40ef50d06307d0918912a0094c4ec6b6f2b946c248ea452dc93d1cf0847c8791
2022-03-30T07:29:19.1093605Z Status: Downloaded newer image for ghcr.io/xu-cheng/texlive-full:latest
2022-03-30T07:29:19.1122402Z  ---> fadd75e73b40
2022-03-30T07:29:19.1122853Z Step 2/3 : COPY   LICENSE   README.md   entrypoint.sh   /root/
2022-03-30T07:29:25.5911897Z  ---> 07d209b8bf9a
2022-03-30T07:29:25.5912707Z Step 3/3 : ENTRYPOINT ["/root/entrypoint.sh"]
2022-03-30T07:29:25.6146049Z  ---> Running in 90c4c8272700
2022-03-30T07:29:31.4983193Z Removing intermediate container 90c4c8272700
2022-03-30T07:29:31.4983518Z  ---> 52d9836dd43c
2022-03-30T07:29:31.4983756Z Successfully built 52d9836dd43c
2022-03-30T07:29:31.5095113Z Successfully tagged 372a9e:6fe30d020008426a88a56b174f41bdd5
2022-03-30T07:29:31.5115347Z ##[endgroup]
2022-03-30T07:29:31.5503156Z ##[group]Run actions/checkout@v2
2022-03-30T07:29:31.5503465Z with:
2022-03-30T07:29:31.5503862Z   fetch-depth: 0
2022-03-30T07:29:31.5504122Z   repository: lmove/breakbot-paper-ext
2022-03-30T07:29:31.5504621Z   token: ***
2022-03-30T07:29:31.5504836Z   ssh-strict: true
2022-03-30T07:29:31.5505082Z   persist-credentials: true
2022-03-30T07:29:31.5505336Z   clean: true
2022-03-30T07:29:31.5505517Z   lfs: false
2022-03-30T07:29:31.5505716Z   submodules: false
2022-03-30T07:29:31.5505923Z ##[endgroup]
2022-03-30T07:29:31.7866904Z Syncing repository: lmove/breakbot-paper-ext
2022-03-30T07:29:31.7868583Z ##[group]Getting Git version info
2022-03-30T07:29:31.7869154Z Working directory is '/home/runner/work/breakbot-paper-ext/breakbot-paper-ext'
2022-03-30T07:29:31.7869690Z [command]/usr/bin/git version
2022-03-30T07:29:31.8349776Z git version 2.35.1
2022-03-30T07:29:31.8352715Z ##[endgroup]
2022-03-30T07:29:31.8353300Z Deleting the contents of '/home/runner/work/breakbot-paper-ext/breakbot-paper-ext'
2022-03-30T07:29:31.8354732Z ##[group]Initializing the repository
2022-03-30T07:29:31.8358403Z [command]/usr/bin/git init /home/runner/work/breakbot-paper-ext/breakbot-paper-ext
2022-03-30T07:29:31.8429276Z hint: Using 'master' as the name for the initial branch. This default branch name
2022-03-30T07:29:31.8450580Z hint: is subject to change. To configure the initial branch name to use in all
2022-03-30T07:29:31.8451768Z hint: of your new repositories, which will suppress this warning, call:
2022-03-30T07:29:31.8452331Z hint: 
2022-03-30T07:29:31.8453236Z hint: 	git config --global init.defaultBranch <name>
2022-03-30T07:29:31.8453671Z hint: 
2022-03-30T07:29:31.8454427Z hint: Names commonly chosen instead of 'master' are 'main', 'trunk' and
2022-03-30T07:29:31.8455077Z hint: 'development'. The just-created branch can be renamed via this command:
2022-03-30T07:29:31.8456141Z hint: 
2022-03-30T07:29:31.8456969Z hint: 	git branch -m <name>
2022-03-30T07:29:31.8458664Z Initialized empty Git repository in /home/runner/work/breakbot-paper-ext/breakbot-paper-ext/.git/
2022-03-30T07:29:31.8473310Z [command]/usr/bin/git remote add origin https://github.com/lmove/breakbot-paper-ext
2022-03-30T07:29:31.8545251Z ##[endgroup]
2022-03-30T07:29:31.8545720Z ##[group]Disabling automatic garbage collection
2022-03-30T07:29:31.8546186Z [command]/usr/bin/git config --local gc.auto 0
2022-03-30T07:29:31.8592798Z ##[endgroup]
2022-03-30T07:29:31.8632793Z ##[group]Setting up auth
2022-03-30T07:29:31.8633919Z [command]/usr/bin/git config --local --name-only --get-regexp core\.sshCommand
2022-03-30T07:29:31.8659623Z [command]/usr/bin/git submodule foreach --recursive git config --local --name-only --get-regexp 'core\.sshCommand' && git config --local --unset-all 'core.sshCommand' || :
2022-03-30T07:29:31.9028854Z [command]/usr/bin/git config --local --name-only --get-regexp http\.https\:\/\/github\.com\/\.extraheader
2022-03-30T07:29:31.9047061Z [command]/usr/bin/git submodule foreach --recursive git config --local --name-only --get-regexp 'http\.https\:\/\/github\.com\/\.extraheader' && git config --local --unset-all 'http.https://github.com/.extraheader' || :
2022-03-30T07:29:31.9290317Z [command]/usr/bin/git config --local http.https://github.com/.extraheader AUTHORIZATION: basic ***
2022-03-30T07:29:31.9321063Z ##[endgroup]
2022-03-30T07:29:31.9321903Z ##[group]Fetching the repository
2022-03-30T07:29:31.9330290Z [command]/usr/bin/git -c protocol.version=2 fetch --prune --progress --no-recurse-submodules origin +refs/heads/*:refs/remotes/origin/* +refs/tags/*:refs/tags/*
2022-03-30T07:29:32.2621906Z remote: Enumerating objects: 80, done.        
2022-03-30T07:29:32.2622978Z remote: Counting objects:   1% (1/80)        
2022-03-30T07:29:32.2624239Z remote: Counting objects:   2% (2/80)        
2022-03-30T07:29:32.2624574Z remote: Counting objects:   3% (3/80)        
2022-03-30T07:29:32.2624885Z remote: Counting objects:   5% (4/80)        
2022-03-30T07:29:32.2625185Z remote: Counting objects:   6% (5/80)        
2022-03-30T07:29:32.2626081Z remote: Counting objects:   7% (6/80)        
2022-03-30T07:29:32.2626391Z remote: Counting objects:   8% (7/80)        
2022-03-30T07:29:32.2626836Z remote: Counting objects:  10% (8/80)        
2022-03-30T07:29:32.2627136Z remote: Counting objects:  11% (9/80)        
2022-03-30T07:29:32.2627515Z remote: Counting objects:  12% (10/80)        
2022-03-30T07:29:32.2627818Z remote: Counting objects:  13% (11/80)        
2022-03-30T07:29:32.2628331Z remote: Counting objects:  15% (12/80)        
2022-03-30T07:29:32.2628610Z remote: Counting objects:  16% (13/80)        
2022-03-30T07:29:32.2628988Z remote: Counting objects:  17% (14/80)        
2022-03-30T07:29:32.2629364Z remote: Counting objects:  18% (15/80)        
2022-03-30T07:29:32.2629752Z remote: Counting objects:  20% (16/80)        
2022-03-30T07:29:32.2630107Z remote: Counting objects:  21% (17/80)        
2022-03-30T07:29:32.2630742Z remote: Counting objects:  22% (18/80)        
2022-03-30T07:29:32.2631183Z remote: Counting objects:  23% (19/80)        
2022-03-30T07:29:32.2631513Z remote: Counting objects:  25% (20/80)        
2022-03-30T07:29:32.2631834Z remote: Counting objects:  26% (21/80)        
2022-03-30T07:29:32.2632171Z remote: Counting objects:  27% (22/80)        
2022-03-30T07:29:32.2632501Z remote: Counting objects:  28% (23/80)        
2022-03-30T07:29:32.2632828Z remote: Counting objects:  30% (24/80)        
2022-03-30T07:29:32.2633142Z remote: Counting objects:  31% (25/80)        
2022-03-30T07:29:32.2633475Z remote: Counting objects:  32% (26/80)        
2022-03-30T07:29:32.2633810Z remote: Counting objects:  33% (27/80)        
2022-03-30T07:29:32.2634138Z remote: Counting objects:  35% (28/80)        
2022-03-30T07:29:32.2634563Z remote: Counting objects:  36% (29/80)        
2022-03-30T07:29:32.2634902Z remote: Counting objects:  37% (30/80)        
2022-03-30T07:29:32.2635319Z remote: Counting objects:  38% (31/80)        
2022-03-30T07:29:32.2635647Z remote: Counting objects:  40% (32/80)        
2022-03-30T07:29:32.2636059Z remote: Counting objects:  41% (33/80)        
2022-03-30T07:29:32.2636323Z remote: Counting objects:  42% (34/80)        
2022-03-30T07:29:32.2637307Z remote: Counting objects:  43% (35/80)        
2022-03-30T07:29:32.2637729Z remote: Counting objects:  45% (36/80)        
2022-03-30T07:29:32.2638179Z remote: Counting objects:  46% (37/80)        
2022-03-30T07:29:32.2638530Z remote: Counting objects:  47% (38/80)        
2022-03-30T07:29:32.2638888Z remote: Counting objects:  48% (39/80)        
2022-03-30T07:29:32.2639379Z remote: Counting objects:  50% (40/80)        
2022-03-30T07:29:32.2639685Z remote: Counting objects:  51% (41/80)        
2022-03-30T07:29:32.2639925Z remote: Counting objects:  52% (42/80)        
2022-03-30T07:29:32.2640175Z remote: Counting objects:  53% (43/80)        
2022-03-30T07:29:32.2640429Z remote: Counting objects:  55% (44/80)        
2022-03-30T07:29:32.2640672Z remote: Counting objects:  56% (45/80)        
2022-03-30T07:29:32.2640945Z remote: Counting objects:  57% (46/80)        
2022-03-30T07:29:32.2641421Z remote: Counting objects:  58% (47/80)        
2022-03-30T07:29:32.2641693Z remote: Counting objects:  60% (48/80)        
2022-03-30T07:29:32.2641934Z remote: Counting objects:  61% (49/80)        
2022-03-30T07:29:32.2642186Z remote: Counting objects:  62% (50/80)        
2022-03-30T07:29:32.2642439Z remote: Counting objects:  63% (51/80)        
2022-03-30T07:29:32.2642680Z remote: Counting objects:  65% (52/80)        
2022-03-30T07:29:32.2645161Z remote: Counting objects:  66% (53/80)        
2022-03-30T07:29:32.2645797Z remote: Counting objects:  67% (54/80)        
2022-03-30T07:29:32.2646104Z remote: Counting objects:  68% (55/80)        
2022-03-30T07:29:32.2646382Z remote: Counting objects:  70% (56/80)        
2022-03-30T07:29:32.2646669Z remote: Counting objects:  71% (57/80)        
2022-03-30T07:29:32.2646954Z remote: Counting objects:  72% (58/80)        
2022-03-30T07:29:32.2647222Z remote: Counting objects:  73% (59/80)        
2022-03-30T07:29:32.2647744Z remote: Counting objects:  75% (60/80)        
2022-03-30T07:29:32.2648032Z remote: Counting objects:  76% (61/80)        
2022-03-30T07:29:32.2648408Z remote: Counting objects:  77% (62/80)        
2022-03-30T07:29:32.2649066Z remote: Counting objects:  78% (63/80)        
2022-03-30T07:29:32.2649500Z remote: Counting objects:  80% (64/80)        
2022-03-30T07:29:32.2649783Z remote: Counting objects:  81% (65/80)        
2022-03-30T07:29:32.2650049Z remote: Counting objects:  82% (66/80)        
2022-03-30T07:29:32.2650325Z remote: Counting objects:  83% (67/80)        
2022-03-30T07:29:32.2650602Z remote: Counting objects:  85% (68/80)        
2022-03-30T07:29:32.2650868Z remote: Counting objects:  86% (69/80)        
2022-03-30T07:29:32.2651143Z remote: Counting objects:  87% (70/80)        
2022-03-30T07:29:32.2651419Z remote: Counting objects:  88% (71/80)        
2022-03-30T07:29:32.2651682Z remote: Counting objects:  90% (72/80)        
2022-03-30T07:29:32.2651968Z remote: Counting objects:  91% (73/80)        
2022-03-30T07:29:32.2652246Z remote: Counting objects:  92% (74/80)        
2022-03-30T07:29:32.2652515Z remote: Counting objects:  93% (75/80)        
2022-03-30T07:29:32.2652792Z remote: Counting objects:  95% (76/80)        
2022-03-30T07:29:32.2653068Z remote: Counting objects:  96% (77/80)        
2022-03-30T07:29:32.2653342Z remote: Counting objects:  97% (78/80)        
2022-03-30T07:29:32.2653605Z remote: Counting objects:  98% (79/80)        
2022-03-30T07:29:32.2653884Z remote: Counting objects: 100% (80/80)        
2022-03-30T07:29:32.2654175Z remote: Counting objects: 100% (80/80), done.        
2022-03-30T07:29:32.2654481Z remote: Compressing objects:   2% (1/46)        
2022-03-30T07:29:32.2654786Z remote: Compressing objects:   4% (2/46)        
2022-03-30T07:29:32.2655084Z remote: Compressing objects:   6% (3/46)        
2022-03-30T07:29:32.2655369Z remote: Compressing objects:   8% (4/46)        
2022-03-30T07:29:32.2655663Z remote: Compressing objects:  10% (5/46)        
2022-03-30T07:29:32.2655981Z remote: Compressing objects:  13% (6/46)        
2022-03-30T07:29:32.2656298Z remote: Compressing objects:  15% (7/46)        
2022-03-30T07:29:32.2656577Z remote: Compressing objects:  17% (8/46)        
2022-03-30T07:29:32.2656865Z remote: Compressing objects:  19% (9/46)        
2022-03-30T07:29:32.2657161Z remote: Compressing objects:  21% (10/46)        
2022-03-30T07:29:32.2657446Z remote: Compressing objects:  23% (11/46)        
2022-03-30T07:29:32.2657743Z remote: Compressing objects:  26% (12/46)        
2022-03-30T07:29:32.2658041Z remote: Compressing objects:  28% (13/46)        
2022-03-30T07:29:32.2658322Z remote: Compressing objects:  30% (14/46)        
2022-03-30T07:29:32.2658613Z remote: Compressing objects:  32% (15/46)        
2022-03-30T07:29:32.2658904Z remote: Compressing objects:  34% (16/46)        
2022-03-30T07:29:32.2706252Z remote: Compressing objects:  36% (17/46)        
2022-03-30T07:29:32.2712148Z remote: Compressing objects:  39% (18/46)        
2022-03-30T07:29:32.2712466Z remote: Compressing objects:  41% (19/46)        
2022-03-30T07:29:32.2712780Z remote: Compressing objects:  43% (20/46)        
2022-03-30T07:29:32.2713062Z remote: Compressing objects:  45% (21/46)        
2022-03-30T07:29:32.2713358Z remote: Compressing objects:  47% (22/46)        
2022-03-30T07:29:32.2713653Z remote: Compressing objects:  50% (23/46)        
2022-03-30T07:29:32.2713928Z remote: Compressing objects:  52% (24/46)        
2022-03-30T07:29:32.2714223Z remote: Compressing objects:  54% (25/46)        
2022-03-30T07:29:32.2714513Z remote: Compressing objects:  56% (26/46)        
2022-03-30T07:29:32.2714800Z remote: Compressing objects:  58% (27/46)        
2022-03-30T07:29:32.2715076Z remote: Compressing objects:  60% (28/46)        
2022-03-30T07:29:32.2715364Z remote: Compressing objects:  63% (29/46)        
2022-03-30T07:29:32.2715651Z remote: Compressing objects:  65% (30/46)        
2022-03-30T07:29:32.2716110Z remote: Compressing objects:  67% (31/46)        
2022-03-30T07:29:32.2716408Z remote: Compressing objects:  69% (32/46)        
2022-03-30T07:29:32.2716782Z remote: Compressing objects:  71% (33/46)        
2022-03-30T07:29:32.2717057Z remote: Compressing objects:  73% (34/46)        
2022-03-30T07:29:32.2717342Z remote: Compressing objects:  76% (35/46)        
2022-03-30T07:29:32.2717629Z remote: Compressing objects:  78% (36/46)        
2022-03-30T07:29:32.2717907Z remote: Compressing objects:  80% (37/46)        
2022-03-30T07:29:32.2718199Z remote: Compressing objects:  82% (38/46)        
2022-03-30T07:29:32.2718483Z remote: Compressing objects:  84% (39/46)        
2022-03-30T07:29:32.2718772Z remote: Compressing objects:  86% (40/46)        
2022-03-30T07:29:32.2719049Z remote: Compressing objects:  89% (41/46)        
2022-03-30T07:29:32.2719338Z remote: Compressing objects:  91% (42/46)        
2022-03-30T07:29:32.2719631Z remote: Compressing objects:  93% (43/46)        
2022-03-30T07:29:32.2719914Z remote: Compressing objects:  95% (44/46)        
2022-03-30T07:29:32.2720199Z remote: Compressing objects:  97% (45/46)        
2022-03-30T07:29:32.2720495Z remote: Compressing objects: 100% (46/46)        
2022-03-30T07:29:32.2720788Z remote: Compressing objects: 100% (46/46), done.        
2022-03-30T07:29:32.2818963Z remote: Total 80 (delta 28), reused 67 (delta 19), pack-reused 0        
2022-03-30T07:29:32.3035329Z From https://github.com/lmove/breakbot-paper-ext
2022-03-30T07:29:32.3035755Z  * [new branch]      main       -> origin/main
2022-03-30T07:29:32.3068793Z [command]/usr/bin/git branch --list --remote origin/main
2022-03-30T07:29:32.3098400Z   origin/main
2022-03-30T07:29:32.3108362Z [command]/usr/bin/git rev-parse refs/remotes/origin/main
2022-03-30T07:29:32.3135481Z 9725117bd55c521e70dc1baddc00e72fe3e18751
2022-03-30T07:29:32.3141057Z ##[endgroup]
2022-03-30T07:29:32.3141803Z ##[group]Determining the checkout info
2022-03-30T07:29:32.3143775Z ##[endgroup]
2022-03-30T07:29:32.3144822Z ##[group]Checking out the ref
2022-03-30T07:29:32.3150950Z [command]/usr/bin/git checkout --progress --force -B main refs/remotes/origin/main
2022-03-30T07:29:32.3229307Z Switched to a new branch 'main'
2022-03-30T07:29:32.3229916Z branch 'main' set up to track 'origin/main'.
2022-03-30T07:29:32.3237366Z ##[endgroup]
2022-03-30T07:29:32.3276813Z [command]/usr/bin/git log -1 --format='%H'
2022-03-30T07:29:32.3304398Z '9725117bd55c521e70dc1baddc00e72fe3e18751'
2022-03-30T07:29:32.3570921Z ##[group]Run xu-cheng/latex-action@v2
2022-03-30T07:29:32.3571174Z with:
2022-03-30T07:29:32.3571468Z   root_file: main.tex
main-diff61d9256eec250b42a596d645b01a56114b6931d6.tex

2022-03-30T07:29:32.3571841Z   args: -pdf -file-line-error -interaction=nonstopmode -Werror
2022-03-30T07:29:32.3572129Z   latexmk_shell_escape: true
2022-03-30T07:29:32.3572366Z   extra_system_packages: git patch
2022-03-30T07:29:32.3572794Z   pre_compile: latexdiff-vc --git --flatten --disable-auto-mbox --exclude-safecmd="Cref,Cref\*,hspace" -r 61d9256eec250b42a596d645b01a56114b6931d6 main.tex

2022-03-30T07:29:32.3573190Z   compiler: latexmk
2022-03-30T07:29:32.3573388Z ##[endgroup]
2022-03-30T07:29:32.3786760Z ##[command]/usr/bin/docker run --name a9e6fe30d020008426a88a56b174f41bdd5_ec8967 --label 372a9e --workdir /github/workspace --rm -e INPUT_ROOT_FILE -e INPUT_ARGS -e INPUT_LATEXMK_SHELL_ESCAPE -e INPUT_EXTRA_SYSTEM_PACKAGES -e INPUT_PRE_COMPILE -e INPUT_GLOB_ROOT_FILE -e INPUT_WORKING_DIRECTORY -e INPUT_WORK_IN_ROOT_FILE_DIR -e INPUT_COMPILER -e INPUT_EXTRA_PACKAGES -e INPUT_EXTRA_FONTS -e INPUT_POST_COMPILE -e INPUT_LATEXMK_USE_LUALATEX -e INPUT_LATEXMK_USE_XELATEX -e HOME -e GITHUB_JOB -e GITHUB_REF -e GITHUB_SHA -e GITHUB_REPOSITORY -e GITHUB_REPOSITORY_OWNER -e GITHUB_RUN_ID -e GITHUB_RUN_NUMBER -e GITHUB_RETENTION_DAYS -e GITHUB_RUN_ATTEMPT -e GITHUB_ACTOR -e GITHUB_WORKFLOW -e GITHUB_HEAD_REF -e GITHUB_BASE_REF -e GITHUB_EVENT_NAME -e GITHUB_SERVER_URL -e GITHUB_API_URL -e GITHUB_GRAPHQL_URL -e GITHUB_REF_NAME -e GITHUB_REF_PROTECTED -e GITHUB_REF_TYPE -e GITHUB_WORKSPACE -e GITHUB_ACTION -e GITHUB_EVENT_PATH -e GITHUB_ACTION_REPOSITORY -e GITHUB_ACTION_REF -e GITHUB_PATH -e GITHUB_ENV -e GITHUB_STEP_SUMMARY -e RUNNER_OS -e RUNNER_ARCH -e RUNNER_NAME -e RUNNER_TOOL_CACHE -e RUNNER_TEMP -e RUNNER_WORKSPACE -e ACTIONS_RUNTIME_URL -e ACTIONS_RUNTIME_TOKEN -e ACTIONS_CACHE_URL -e GITHUB_ACTIONS=true -e CI=true -v "/var/run/docker.sock":"/var/run/docker.sock" -v "/home/runner/work/_temp/_github_home":"/github/home" -v "/home/runner/work/_temp/_github_workflow":"/github/workflow" -v "/home/runner/work/_temp/_runner_file_commands":"/github/file_commands" -v "/home/runner/work/breakbot-paper-ext/breakbot-paper-ext":"/github/workspace" 372a9e:6fe30d020008426a88a56b174f41bdd5  "main.tex
main-diff61d9256eec250b42a596d645b01a56114b6931d6.tex
" "" "" "" "latexmk" "-pdf -file-line-error -interaction=nonstopmode -Werror" "" "git patch" "" "latexdiff-vc --git --flatten --disable-auto-mbox --exclude-safecmd=\"Cref,Cref\*,hspace\" -r 61d9256eec250b42a596d645b01a56114b6931d6 main.tex
" "" "true" "" ""
2022-03-30T07:29:32.7430150Z [1;34mInstall git by apk[0m
2022-03-30T07:29:32.8185506Z fetch https://dl-cdn.alpinelinux.org/alpine/v3.15/main/x86_64/APKINDEX.tar.gz
2022-03-30T07:29:32.9787802Z fetch https://dl-cdn.alpinelinux.org/alpine/v3.15/community/x86_64/APKINDEX.tar.gz
2022-03-30T07:29:33.1936746Z (1/7) Installing nghttp2-libs (1.46.0-r0)
2022-03-30T07:29:33.1987660Z (2/7) Installing libcurl (7.80.0-r0)
2022-03-30T07:29:33.2079256Z (3/7) Installing pcre2 (10.39-r0)
2022-03-30T07:29:33.2169705Z (4/7) Installing git (2.34.1-r0)
2022-03-30T07:29:33.3342503Z (5/7) Installing perl-error (0.17029-r1)
2022-03-30T07:29:33.3368247Z (6/7) Installing perl-git (2.34.1-r0)
2022-03-30T07:29:33.3405347Z (7/7) Installing git-perl (2.34.1-r0)
2022-03-30T07:29:33.3442061Z Executing busybox-1.34.1-r3.trigger
2022-03-30T07:29:33.3531635Z OK: 430 MiB in 163 packages
2022-03-30T07:29:33.4009846Z [1;34mInstall patch by apk[0m
2022-03-30T07:29:33.4108672Z fetch https://dl-cdn.alpinelinux.org/alpine/v3.15/main/x86_64/APKINDEX.tar.gz
2022-03-30T07:29:33.4874844Z fetch https://dl-cdn.alpinelinux.org/alpine/v3.15/community/x86_64/APKINDEX.tar.gz
2022-03-30T07:29:33.6985005Z (1/1) Installing patch (2.7.6-r7)
2022-03-30T07:29:33.7042509Z Executing busybox-1.34.1-r3.trigger
2022-03-30T07:29:33.7119988Z OK: 430 MiB in 164 packages
2022-03-30T07:29:33.7558565Z [1;34mRun pre compile commands[0m
2022-03-30T07:29:33.8434818Z Working on  main.tex 
2022-03-30T07:29:33.8438664Z Checking out old dir into: /tmp/GPXjm3s0zP/latexdiff-vc-61d9256eec250b42a596d645b01a56114b6931d6 (rev: 61d9256eec250b42a596d645b01a56114b6931d6)
2022-03-30T07:29:33.8512836Z Running: latexdiff  '--disable-auto-mbox' '--exclude-safecmd=Cref,Cref\*,hspace' '--flatten' "/tmp/GPXjm3s0zP/latexdiff-vc-61d9256eec250b42a596d645b01a56114b6931d6/main.tex" "main.tex" > "main-diff61d9256eec250b42a596d645b01a56114b6931d6.tex"
2022-03-30T07:29:34.0321143Z Bibliography file /tmp/GPXjm3s0zP/latexdiff-vc-61d9256eec250b42a596d645b01a56114b6931d6/main.bbl cannot be found. No flattening of \bibliography done. Run bibtex on old and new files first at /opt/texlive/texdir/bin/x86_64-linuxmusl/latexdiff line 2017.
2022-03-30T07:29:34.0416399Z Bibliography file /github/workspace/main.bbl cannot be found. No flattening of \bibliography done. Run bibtex on old and new files first at /opt/texlive/texdir/bin/x86_64-linuxmusl/latexdiff line 2017.
2022-03-30T07:29:34.3209754Z Generated difference file main-diff61d9256eec250b42a596d645b01a56114b6931d6.tex
2022-03-30T07:29:34.3232903Z [1;34mCompile main.tex[0m
2022-03-30T07:29:34.4426719Z Rc files read:
2022-03-30T07:29:34.4427480Z   NONE
2022-03-30T07:29:34.4427891Z Latexmk: This is Latexmk, John Collins, 20 November 2021, version: 4.76.
2022-03-30T07:29:34.4464029Z Rule 'pdflatex': File changes, etc:
2022-03-30T07:29:34.4464439Z    Changed files, or newly in use since previous run(s):
2022-03-30T07:29:34.4466797Z       'main.tex'
2022-03-30T07:29:34.4467328Z ------------
2022-03-30T07:29:34.4467677Z Run number 1 of rule 'pdflatex'
2022-03-30T07:29:34.4468046Z ------------
2022-03-30T07:29:34.4468714Z ------------
2022-03-30T07:29:34.4469073Z Latexmk: applying rule 'pdflatex'...
2022-03-30T07:29:34.4470683Z Running 'pdflatex  -file-line-error -interaction=nonstopmode -shell-escape -recorder  "main.tex"'
2022-03-30T07:29:34.4471380Z ------------
2022-03-30T07:29:34.5472564Z This is pdfTeX, Version 3.141592653-2.6-1.40.23 (TeX Live 2021) (preloaded format=pdflatex)
2022-03-30T07:29:34.5473137Z  \write18 enabled.
2022-03-30T07:29:34.6105864Z entering extended mode
2022-03-30T07:29:34.6106422Z (./main.tex
2022-03-30T07:29:34.6107346Z LaTeX2e <2021-11-15> patch level 1
2022-03-30T07:29:34.6151246Z L3 programming layer <2022-02-24> (./IEEEtran.cls
2022-03-30T07:29:34.6151703Z Document Class: IEEEtran 2015/08/26 V1.8b by Michael Shell
2022-03-30T07:29:34.6152174Z -- See the "IEEEtran_HOWTO" manual for usage information.
2022-03-30T07:29:34.6152599Z -- http://www.michaelshell.org/tex/ieeetran/
2022-03-30T07:29:34.6349983Z (/opt/texlive/texdir/texmf-dist/tex/latex/psnfss/ot1ppl.fd)
2022-03-30T07:29:34.6353088Z -- Using IEEE Computer Society mode.
2022-03-30T07:29:34.6353549Z -- Using 8.5in x 11in (letter) paper.
2022-03-30T07:29:34.6353921Z -- Using PDF output.
2022-03-30T07:29:34.6354278Z -- This is a 10 point document.
2022-03-30T07:29:34.6411441Z ) (/opt/texlive/texdir/texmf-dist/tex/latex/cite/cite.sty)
2022-03-30T07:29:34.6439677Z (/opt/texlive/texdir/texmf-dist/tex/latex/url/url.sty)
2022-03-30T07:29:34.6463252Z (/opt/texlive/texdir/texmf-dist/tex/latex/preprint/balance.sty)
2022-03-30T07:29:34.6496252Z (/opt/texlive/texdir/texmf-dist/tex/latex/foreign/foreign.sty
2022-03-30T07:29:34.6506705Z (/opt/texlive/texdir/texmf-dist/tex/latex/xpunctuate/xpunctuate.sty
2022-03-30T07:29:34.6585645Z (/opt/texlive/texdir/texmf-dist/tex/latex/tools/xspace.sty)))
2022-03-30T07:29:34.6599515Z (/opt/texlive/texdir/texmf-dist/tex/latex/l3backend/l3backend-pdftex.def)
2022-03-30T07:29:34.6628689Z (./main.aux)
2022-03-30T07:29:34.6629484Z -- Lines per column: 61 (exact).
2022-03-30T07:29:34.6673910Z (/opt/texlive/texdir/texmf-dist/tex/latex/psnfss/ot1phv.fd)
2022-03-30T07:29:34.6714793Z (/opt/texlive/texdir/texmf-dist/tex/latex/psnfss/upzd.fd)
2022-03-30T07:29:34.6725650Z (/opt/texlive/texdir/texmf-dist/tex/latex/psnfss/omsppl.fd)
2022-03-30T07:29:34.6747805Z (./content/introduction.tex
2022-03-30T07:29:34.6748307Z 
2022-03-30T07:29:34.6749066Z LaTeX Warning: Citation `bavota2013evolution' on page 1 undefined on input line
2022-03-30T07:29:34.6751505Z  10.
2022-03-30T07:29:34.6751819Z 
2022-03-30T07:29:34.6754334Z 
2022-03-30T07:29:34.6754976Z LaTeX Warning: Citation `brito2018and' on page 1 undefined on input line 10.
2022-03-30T07:29:34.6755490Z 
2022-03-30T07:29:34.6755810Z 
2022-03-30T07:29:34.6756233Z LaTeX Warning: Citation `chinthanet2021lags' on page 1 undefined on input line 
2022-03-30T07:29:34.6756705Z 11.
2022-03-30T07:29:34.6756995Z 
2022-03-30T07:29:34.6757301Z 
2022-03-30T07:29:34.6760435Z LaTeX Warning: Citation `gonzalez2017technical' on page 1 undefined on input li
2022-03-30T07:29:34.6761008Z ne 11.
2022-03-30T07:29:34.6763130Z 
2022-03-30T07:29:34.6763231Z 
2022-03-30T07:29:34.6765433Z LaTeX Warning: Citation `xing2007api' on page 1 undefined on input line 17.
2022-03-30T07:29:34.6765734Z 
2022-03-30T07:29:34.6767670Z 
2022-03-30T07:29:34.6768074Z LaTeX Warning: Citation `10.1145/1932682.1869486' on page 1 undefined on input 
2022-03-30T07:29:34.6768627Z line 17.
2022-03-30T07:29:34.6769187Z 
2022-03-30T07:29:34.6769207Z 
2022-03-30T07:29:34.6770040Z LaTeX Warning: Citation `6062100' on page 1 undefined on input line 17.
2022-03-30T07:29:34.6770316Z 
2022-03-30T07:29:34.6770321Z 
2022-03-30T07:29:34.6770719Z LaTeX Warning: Citation `6227179' on page 1 undefined on input line 17.
2022-03-30T07:29:34.6770958Z 
2022-03-30T07:29:34.6770964Z 
2022-03-30T07:29:34.6771457Z LaTeX Warning: Citation `lawall2018coccinelle' on page 1 undefined on input lin
2022-03-30T07:29:34.6771771Z e 17.
2022-03-30T07:29:34.6771923Z 
2022-03-30T07:29:34.6771928Z 
2022-03-30T07:29:34.6772238Z LaTeX Warning: Citation `bogart2021when' on page 1 undefined on input line 21.
2022-03-30T07:29:34.6772496Z 
2022-03-30T07:29:34.6772665Z 
2022-03-30T07:29:34.6772984Z LaTeX Warning: Citation `hora2018developers' on page 1 undefined on input line 
2022-03-30T07:29:34.6773383Z 23.
2022-03-30T07:29:34.6773481Z 
2022-03-30T07:29:34.6773485Z 
2022-03-30T07:29:34.6773806Z LaTeX Warning: Citation `robbes2012developers' on page 1 undefined on input lin
2022-03-30T07:29:34.6774154Z e 23.
2022-03-30T07:29:34.6774323Z 
2022-03-30T07:29:34.6774341Z 
2022-03-30T07:29:34.6774650Z LaTeX Warning: Citation `bogart2021when' on page 1 undefined on input line 27.
2022-03-30T07:29:34.6774892Z 
2022-03-30T07:29:34.6774896Z 
2022-03-30T07:29:34.6775206Z LaTeX Warning: Citation `7816476' on page 1 undefined on input line 28.
2022-03-30T07:29:34.6775435Z 
2022-03-30T07:29:34.6775440Z 
2022-03-30T07:29:34.6775694Z LaTeX Warning: Citation `zhang2020enabling' on page 1 undefined on input line 3
2022-03-30T07:29:34.6776036Z 0.
2022-03-30T07:29:34.6776190Z 
2022-03-30T07:29:34.6796854Z ) (./content/motivation.tex [1{/opt/texlive/texdir/texmf-var/fonts/map/pdftex/u
2022-03-30T07:29:34.7901103Z pdmap/pdftex.map}]) (./content/method.tex) (./content/maracas.tex)
2022-03-30T07:29:34.7921644Z (./content/breakbot.tex) (./content/evaluation.tex) (./content/discussion.tex)
2022-03-30T07:29:34.7988367Z (./content/rw.tex) (./content/conclusion.tex) (./content/brainstorm.tex
2022-03-30T07:29:34.7989182Z Underfull \hbox (badness 3260) in paragraph at lines 29--30
2022-03-30T07:29:34.7989721Z []\OT1/ppl/m/n/9.53561 Outcome: Ap-plied research/solution-seeking re-
2022-03-30T07:29:34.7990142Z 
2022-03-30T07:29:34.7991388Z LaTeX Warning: Citation `kiger2020thematic' on page 2 undefined on input line 5
2022-03-30T07:29:34.7993270Z 3.
2022-03-30T07:29:34.7993379Z 
2022-03-30T07:29:34.8106586Z ) (./content/interviews.tex [2]) [3]
2022-03-30T07:29:34.8107004Z No file main.bbl.
2022-03-30T07:29:34.8107492Z [4] (./main.aux)
2022-03-30T07:29:34.8107661Z 
2022-03-30T07:29:34.8107782Z LaTeX Warning: There were undefined references.
2022-03-30T07:29:34.8107993Z 
2022-03-30T07:29:34.8108024Z 
2022-03-30T07:29:34.8108577Z LaTeX Warning: Label(s) may have changed. Rerun to get cross-references right.
2022-03-30T07:29:34.8112480Z 
2022-03-30T07:29:34.8112646Z  )
2022-03-30T07:29:34.8113032Z (see the transcript file for additional information){/opt/texlive/texdir/texmf-
2022-03-30T07:29:34.8113902Z dist/fonts/enc/dvips/base/8r.enc}</opt/texlive/texdir/texmf-dist/fonts/type1/pu
2022-03-30T07:29:34.8123000Z blic/amsfonts/cm/cmsy10.pfb></opt/texlive/texdir/texmf-dist/fonts/type1/public/
2022-03-30T07:29:34.8133064Z amsfonts/cm/cmsy7.pfb></opt/texlive/texdir/texmf-dist/fonts/type1/public/amsfon
2022-03-30T07:29:34.8143611Z ts/cm/cmsy8.pfb></opt/texlive/texdir/texmf-dist/fonts/type1/urw/helvetic/uhvb8a
2022-03-30T07:29:34.8172910Z .pfb></opt/texlive/texdir/texmf-dist/fonts/type1/urw/helvetic/uhvr8a.pfb></opt/
2022-03-30T07:29:34.8186388Z texlive/texdir/texmf-dist/fonts/type1/urw/helvetic/uhvro8a.pfb></opt/texlive/te
2022-03-30T07:29:34.8205551Z xdir/texmf-dist/fonts/type1/urw/palatino/uplb8a.pfb></opt/texlive/texdir/texmf-
2022-03-30T07:29:34.8229157Z dist/fonts/type1/urw/palatino/uplr8a.pfb></opt/texlive/texdir/texmf-dist/fonts/
2022-03-30T07:29:34.8249146Z type1/urw/palatino/uplri8a.pfb></opt/texlive/texdir/texmf-dist/fonts/type1/urw/
2022-03-30T07:29:34.8404743Z zapfding/uzdr.pfb>
2022-03-30T07:29:34.8405215Z Output written on main.pdf (4 pages, 129247 bytes).
2022-03-30T07:29:34.8405558Z Transcript written on main.log.
2022-03-30T07:29:34.8833770Z Latexmk: Missing bbl file 'main.bbl' in following:
2022-03-30T07:29:34.8834307Z  No file main.bbl.
2022-03-30T07:29:34.8842851Z Latexmk: References changed.
2022-03-30T07:29:34.8874249Z Latexmk: Log file says output to 'main.pdf'
2022-03-30T07:29:34.8886608Z Latexmk: List of undefined refs and citations:
2022-03-30T07:29:34.8887495Z   Citation `10.1145/1932682.1869486' on page 1 undefined on input line 17
2022-03-30T07:29:34.8888399Z   Citation `6062100' on page 1 undefined on input line 17
2022-03-30T07:29:34.8889083Z   Citation `6227179' on page 1 undefined on input line 17
2022-03-30T07:29:34.8890029Z   Citation `7816476' on page 1 undefined on input line 28
2022-03-30T07:29:34.8890614Z   Citation `bavota2013evolution' on page 1 undefined on input line 10
2022-03-30T07:29:34.8891675Z   Citation `bogart2021when' on page 1 undefined on input line 21
2022-03-30T07:29:34.8892170Z   Citation `bogart2021when' on page 1 undefined on input line 27
2022-03-30T07:29:34.8893671Z   Citation `brito2018and' on page 1 undefined on input line 10
2022-03-30T07:29:34.8894384Z   Citation `chinthanet2021lags' on page 1 undefined on input line 11
2022-03-30T07:29:34.8895104Z   Citation `gonzalez2017technical' on page 1 undefined on input line 11
2022-03-30T07:29:34.8895690Z   Citation `hora2018developers' on page 1 undefined on input line 23
2022-03-30T07:29:34.8896224Z   Citation `kiger2020thematic' on page 2 undefined on input line 53
2022-03-30T07:29:34.8896686Z   Citation `lawall2018coccinelle' on page 1 undefined on input line 17
2022-03-30T07:29:34.8897199Z   Citation `robbes2012developers' on page 1 undefined on input line 23
2022-03-30T07:29:34.8897696Z   Citation `xing2007api' on page 1 undefined on input line 17
2022-03-30T07:29:34.8898162Z   Citation `zhang2020enabling' on page 1 undefined on input line 30
2022-03-30T07:29:34.8908058Z Latexmk: Examining 'main.log'
2022-03-30T07:29:34.8908449Z === TeX engine is 'pdfTeX'
2022-03-30T07:29:34.9882828Z Latexmk: Found bibliography file(s) [main.bib]
2022-03-30T07:29:35.0152841Z Rule 'bibtex main': File changes, etc:
2022-03-30T07:29:35.0153460Z    Changed files, or newly in use since previous run(s):
2022-03-30T07:29:35.0153875Z       'main.aux'
2022-03-30T07:29:35.0154191Z ------------
2022-03-30T07:29:35.0154598Z Run number 1 of rule 'bibtex main'
2022-03-30T07:29:35.0154992Z ------------
2022-03-30T07:29:35.0160356Z ------------
2022-03-30T07:29:35.0160803Z Latexmk: applying rule 'bibtex main'...
2022-03-30T07:29:35.0161538Z Running 'bibtex  "main.aux"'
2022-03-30T07:29:35.0162528Z ------------
2022-03-30T07:29:35.1170907Z This is BibTeX, Version 0.99d (TeX Live 2021)
2022-03-30T07:29:35.1207494Z The top-level auxiliary file: main.aux
2022-03-30T07:29:35.1208028Z The style file: IEEEtran.bst
2022-03-30T07:29:35.1208397Z Database file #1: main.bib
2022-03-30T07:29:35.1209281Z Warning--I didn't find a database entry for "kiger2020thematic"
2022-03-30T07:29:35.1209858Z -- IEEEtran.bst version 1.14 (2015/08/26) by Michael Shell.
2022-03-30T07:29:35.1210432Z -- http://www.michaelshell.org/tex/ieeetran/bibtex/
2022-03-30T07:29:35.1211015Z -- See the "IEEEtran_bst_HOWTO.pdf" manual for usage information.
2022-03-30T07:29:35.1211228Z 
2022-03-30T07:29:35.1211348Z Done.
2022-03-30T07:29:35.1211706Z (There was 1 warning)
2022-03-30T07:29:35.1244318Z Rule 'pdflatex': File changes, etc:
2022-03-30T07:29:35.1244682Z    Changed files, or newly in use since previous run(s):
2022-03-30T07:29:35.1245056Z       'main.aux'
2022-03-30T07:29:35.1245466Z       'main.bbl'
2022-03-30T07:29:35.1245725Z ------------
2022-03-30T07:29:35.1246083Z Run number 2 of rule 'pdflatex'
2022-03-30T07:29:35.1246415Z ------------
2022-03-30T07:29:35.1255629Z ------------
2022-03-30T07:29:35.1256089Z Latexmk: applying rule 'pdflatex'...
2022-03-30T07:29:35.1257394Z Running 'pdflatex  -file-line-error -interaction=nonstopmode -shell-escape -recorder  "main.tex"'
2022-03-30T07:29:35.1257931Z ------------
2022-03-30T07:29:35.2258502Z This is pdfTeX, Version 3.141592653-2.6-1.40.23 (TeX Live 2021) (preloaded format=pdflatex)
2022-03-30T07:29:35.2259141Z  \write18 enabled.
2022-03-30T07:29:35.2892103Z entering extended mode
2022-03-30T07:29:35.2892784Z (./main.tex
2022-03-30T07:29:35.2893482Z LaTeX2e <2021-11-15> patch level 1
2022-03-30T07:29:35.2927952Z L3 programming layer <2022-02-24> (./IEEEtran.cls
2022-03-30T07:29:35.2928738Z Document Class: IEEEtran 2015/08/26 V1.8b by Michael Shell
2022-03-30T07:29:35.2929442Z -- See the "IEEEtran_HOWTO" manual for usage information.
2022-03-30T07:29:35.2929998Z -- http://www.michaelshell.org/tex/ieeetran/
2022-03-30T07:29:35.3122538Z (/opt/texlive/texdir/texmf-dist/tex/latex/psnfss/ot1ppl.fd)
2022-03-30T07:29:35.3123206Z -- Using IEEE Computer Society mode.
2022-03-30T07:29:35.3123867Z -- Using 8.5in x 11in (letter) paper.
2022-03-30T07:29:35.3124373Z -- Using PDF output.
2022-03-30T07:29:35.3124837Z -- This is a 10 point document.
2022-03-30T07:29:35.3180481Z ) (/opt/texlive/texdir/texmf-dist/tex/latex/cite/cite.sty)
2022-03-30T07:29:35.3207517Z (/opt/texlive/texdir/texmf-dist/tex/latex/url/url.sty)
2022-03-30T07:29:35.3231557Z (/opt/texlive/texdir/texmf-dist/tex/latex/preprint/balance.sty)
2022-03-30T07:29:35.3254469Z (/opt/texlive/texdir/texmf-dist/tex/latex/foreign/foreign.sty
2022-03-30T07:29:35.3274927Z (/opt/texlive/texdir/texmf-dist/tex/latex/xpunctuate/xpunctuate.sty
2022-03-30T07:29:35.3350464Z (/opt/texlive/texdir/texmf-dist/tex/latex/tools/xspace.sty)))
2022-03-30T07:29:35.3365826Z (/opt/texlive/texdir/texmf-dist/tex/latex/l3backend/l3backend-pdftex.def)
2022-03-30T07:29:35.3394205Z (./main.aux)
2022-03-30T07:29:35.3394941Z -- Lines per column: 61 (exact).
2022-03-30T07:29:35.3435410Z (/opt/texlive/texdir/texmf-dist/tex/latex/psnfss/ot1phv.fd)
2022-03-30T07:29:35.3476339Z (/opt/texlive/texdir/texmf-dist/tex/latex/psnfss/upzd.fd)
2022-03-30T07:29:35.3486578Z (/opt/texlive/texdir/texmf-dist/tex/latex/psnfss/omsppl.fd)
2022-03-30T07:29:35.3508326Z (./content/introduction.tex
2022-03-30T07:29:35.3508539Z 
2022-03-30T07:29:35.3508962Z LaTeX Warning: Citation `bavota2013evolution' on page 1 undefined on input line
2022-03-30T07:29:35.3509275Z  10.
2022-03-30T07:29:35.3509512Z 
2022-03-30T07:29:35.3509517Z 
2022-03-30T07:29:35.3509830Z LaTeX Warning: Citation `brito2018and' on page 1 undefined on input line 10.
2022-03-30T07:29:35.3510075Z 
2022-03-30T07:29:35.3510080Z 
2022-03-30T07:29:35.3510499Z LaTeX Warning: Citation `chinthanet2021lags' on page 1 undefined on input line 
2022-03-30T07:29:35.3510861Z 11.
2022-03-30T07:29:35.3510958Z 
2022-03-30T07:29:35.3510962Z 
2022-03-30T07:29:35.3638736Z LaTeX Warning: Citation `gonzalez2017technical' on page 1 undefined on input li
2022-03-30T07:29:35.3639124Z ne 11.
2022-03-30T07:29:35.3639241Z 
2022-03-30T07:29:35.3639246Z 
2022-03-30T07:29:35.3639598Z LaTeX Warning: Citation `xing2007api' on page 1 undefined on input line 17.
2022-03-30T07:29:35.3639811Z 
2022-03-30T07:29:35.3639816Z 
2022-03-30T07:29:35.3640277Z LaTeX Warning: Citation `10.1145/1932682.1869486' on page 1 undefined on input 
2022-03-30T07:29:35.3640548Z line 17.
2022-03-30T07:29:35.3640665Z 
2022-03-30T07:29:35.3640670Z 
2022-03-30T07:29:35.3640906Z LaTeX Warning: Citation `6062100' on page 1 undefined on input line 17.
2022-03-30T07:29:35.3641107Z 
2022-03-30T07:29:35.3641112Z 
2022-03-30T07:29:35.3641355Z LaTeX Warning: Citation `6227179' on page 1 undefined on input line 17.
2022-03-30T07:29:35.3641545Z 
2022-03-30T07:29:35.3641550Z 
2022-03-30T07:29:35.3641818Z LaTeX Warning: Citation `lawall2018coccinelle' on page 1 undefined on input lin
2022-03-30T07:29:35.3642100Z e 17.
2022-03-30T07:29:35.3642210Z 
2022-03-30T07:29:35.3642219Z 
2022-03-30T07:29:35.3642483Z LaTeX Warning: Citation `bogart2021when' on page 1 undefined on input line 21.
2022-03-30T07:29:35.3642680Z 
2022-03-30T07:29:35.3642685Z 
2022-03-30T07:29:35.3642952Z LaTeX Warning: Citation `hora2018developers' on page 1 undefined on input line 
2022-03-30T07:29:35.3643233Z 23.
2022-03-30T07:29:35.3643340Z 
2022-03-30T07:29:35.3643344Z 
2022-03-30T07:29:35.3643611Z LaTeX Warning: Citation `robbes2012developers' on page 1 undefined on input lin
2022-03-30T07:29:35.3643874Z e 23.
2022-03-30T07:29:35.3643983Z 
2022-03-30T07:29:35.3643988Z 
2022-03-30T07:29:35.3692824Z LaTeX Warning: Citation `bogart2021when' on page 1 undefined on input line 27.
2022-03-30T07:29:35.3693059Z 
2022-03-30T07:29:35.3693065Z 
2022-03-30T07:29:35.3693316Z LaTeX Warning: Citation `7816476' on page 1 undefined on input line 28.
2022-03-30T07:29:35.3693505Z 
2022-03-30T07:29:35.3693510Z 
2022-03-30T07:29:35.3693774Z LaTeX Warning: Citation `zhang2020enabling' on page 1 undefined on input line 3
2022-03-30T07:29:35.3694244Z 0.
2022-03-30T07:29:35.3694337Z 
2022-03-30T07:29:35.3694603Z ) (./content/motivation.tex [1{/opt/texlive/texdir/texmf-var/fonts/map/pdftex/u
2022-03-30T07:29:35.4642208Z pdmap/pdftex.map}]) (./content/method.tex) (./content/maracas.tex)
2022-03-30T07:29:35.4662195Z (./content/breakbot.tex) (./content/evaluation.tex) (./content/discussion.tex)
2022-03-30T07:29:35.4727631Z (./content/rw.tex) (./content/conclusion.tex) (./content/brainstorm.tex
2022-03-30T07:29:35.4728310Z Underfull \hbox (badness 3260) in paragraph at lines 29--30
2022-03-30T07:29:35.4730321Z []\OT1/ppl/m/n/9.53561 Outcome: Ap-plied research/solution-seeking re-
2022-03-30T07:29:35.4730552Z 
2022-03-30T07:29:35.4730873Z LaTeX Warning: Citation `kiger2020thematic' on page 2 undefined on input line 5
2022-03-30T07:29:35.4731146Z 3.
2022-03-30T07:29:35.4731257Z 
2022-03-30T07:29:35.4839230Z ) (./content/interviews.tex [2]) [3] (./main.bbl
2022-03-30T07:29:35.4839738Z Underfull \hbox (badness 5726) in paragraph at lines 42--48
2022-03-30T07:29:35.4840222Z []\OT1/ppl/m/n/8.03 J. M. Gonzalez-Barahona, P. Sher-wood, G. Rob-les, and
2022-03-30T07:29:35.4840422Z 
2022-03-30T07:29:35.4840656Z Underfull \hbox (badness 2150) in paragraph at lines 102--106
2022-03-30T07:29:35.4841112Z []\OT1/ppl/m/n/8.03 J. Shima-gaki, Y. Kamei, S. McIn-tosh, D. Purse-house, and
2022-03-30T07:29:35.4845868Z )
2022-03-30T07:29:35.4846144Z Overfull \vbox (1.2813pt too high) has occurred while \output is active
2022-03-30T07:29:35.4881913Z [4] [5] (./main.aux)
2022-03-30T07:29:35.4882062Z 
2022-03-30T07:29:35.4882198Z LaTeX Warning: There were undefined references.
2022-03-30T07:29:35.4882371Z 
2022-03-30T07:29:35.4882376Z 
2022-03-30T07:29:35.4882720Z LaTeX Warning: Label(s) may have changed. Rerun to get cross-references right.
2022-03-30T07:29:35.4882938Z 
2022-03-30T07:29:35.4882996Z  )
2022-03-30T07:29:35.4883284Z (see the transcript file for additional information){/opt/texlive/texdir/texmf-
2022-03-30T07:29:35.4887139Z dist/fonts/enc/dvips/base/8r.enc}</opt/texlive/texdir/texmf-dist/fonts/type1/pu
2022-03-30T07:29:35.4897869Z blic/amsfonts/cm/cmsy10.pfb></opt/texlive/texdir/texmf-dist/fonts/type1/public/
2022-03-30T07:29:35.4907952Z amsfonts/cm/cmsy7.pfb></opt/texlive/texdir/texmf-dist/fonts/type1/public/amsfon
2022-03-30T07:29:35.4918973Z ts/cm/cmsy8.pfb></opt/texlive/texdir/texmf-dist/fonts/type1/urw/helvetic/uhvb8a
2022-03-30T07:29:35.4947400Z .pfb></opt/texlive/texdir/texmf-dist/fonts/type1/urw/helvetic/uhvr8a.pfb></opt/
2022-03-30T07:29:35.4960750Z texlive/texdir/texmf-dist/fonts/type1/urw/helvetic/uhvro8a.pfb></opt/texlive/te
2022-03-30T07:29:35.4979425Z xdir/texmf-dist/fonts/type1/urw/palatino/uplb8a.pfb></opt/texlive/texdir/texmf-
2022-03-30T07:29:35.5003844Z dist/fonts/type1/urw/palatino/uplr8a.pfb></opt/texlive/texdir/texmf-dist/fonts/
2022-03-30T07:29:35.5024472Z type1/urw/palatino/uplri8a.pfb></opt/texlive/texdir/texmf-dist/fonts/type1/urw/
2022-03-30T07:29:35.5169317Z zapfding/uzdr.pfb>
2022-03-30T07:29:35.5169622Z Output written on main.pdf (5 pages, 136685 bytes).
2022-03-30T07:29:35.5169894Z Transcript written on main.log.
2022-03-30T07:29:35.5592315Z Latexmk: Found input bbl file 'main.bbl'
2022-03-30T07:29:35.5607706Z Latexmk: References changed.
2022-03-30T07:29:35.5638852Z Latexmk: Log file says output to 'main.pdf'
2022-03-30T07:29:35.5654896Z Latexmk: List of undefined refs and citations:
2022-03-30T07:29:35.5655460Z   Citation `10.1145/1932682.1869486' on page 1 undefined on input line 17
2022-03-30T07:29:35.5655915Z   Citation `6062100' on page 1 undefined on input line 17
2022-03-30T07:29:35.5656347Z   Citation `6227179' on page 1 undefined on input line 17
2022-03-30T07:29:35.5656758Z   Citation `7816476' on page 1 undefined on input line 28
2022-03-30T07:29:35.5657223Z   Citation `bavota2013evolution' on page 1 undefined on input line 10
2022-03-30T07:29:35.5657707Z   Citation `bogart2021when' on page 1 undefined on input line 21
2022-03-30T07:29:35.5659716Z   Citation `bogart2021when' on page 1 undefined on input line 27
2022-03-30T07:29:35.5660442Z   Citation `brito2018and' on page 1 undefined on input line 10
2022-03-30T07:29:35.5660923Z   Citation `chinthanet2021lags' on page 1 undefined on input line 11
2022-03-30T07:29:35.5661415Z   Citation `gonzalez2017technical' on page 1 undefined on input line 11
2022-03-30T07:29:35.5661926Z   Citation `hora2018developers' on page 1 undefined on input line 23
2022-03-30T07:29:35.5662414Z   Citation `kiger2020thematic' on page 2 undefined on input line 53
2022-03-30T07:29:35.5662909Z   Citation `lawall2018coccinelle' on page 1 undefined on input line 17
2022-03-30T07:29:35.5663400Z   Citation `robbes2012developers' on page 1 undefined on input line 23
2022-03-30T07:29:35.5663872Z   Citation `xing2007api' on page 1 undefined on input line 17
2022-03-30T07:29:35.5664350Z   Citation `zhang2020enabling' on page 1 undefined on input line 30
2022-03-30T07:29:35.5666239Z Latexmk: Examining 'main.log'
2022-03-30T07:29:35.5666568Z === TeX engine is 'pdfTeX'
2022-03-30T07:29:35.6612210Z Latexmk: Found bibliography file(s) [main.bib]
2022-03-30T07:29:35.6661381Z Rule 'bibtex main': File changes, etc:
2022-03-30T07:29:35.6661700Z    Changed files, or newly in use since previous run(s):
2022-03-30T07:29:35.6662004Z       'main.aux'
2022-03-30T07:29:35.6662247Z ------------
2022-03-30T07:29:35.6662546Z Run number 2 of rule 'bibtex main'
2022-03-30T07:29:35.6662805Z ------------
2022-03-30T07:29:35.6668022Z ------------
2022-03-30T07:29:35.6668337Z Latexmk: applying rule 'bibtex main'...
2022-03-30T07:29:35.6669862Z Running 'bibtex  "main.aux"'
2022-03-30T07:29:35.6670498Z ------------
2022-03-30T07:29:35.7663872Z This is BibTeX, Version 0.99d (TeX Live 2021)
2022-03-30T07:29:35.7704270Z The top-level auxiliary file: main.aux
2022-03-30T07:29:35.7704586Z The style file: IEEEtran.bst
2022-03-30T07:29:35.7704846Z Database file #1: main.bib
2022-03-30T07:29:35.7705293Z Warning--I didn't find a database entry for "kiger2020thematic"
2022-03-30T07:29:35.7705776Z -- IEEEtran.bst version 1.14 (2015/08/26) by Michael Shell.
2022-03-30T07:29:35.7706252Z -- http://www.michaelshell.org/tex/ieeetran/bibtex/
2022-03-30T07:29:35.7706718Z -- See the "IEEEtran_bst_HOWTO.pdf" manual for usage information.
2022-03-30T07:29:35.7706938Z 
2022-03-30T07:29:35.7707021Z Done.
2022-03-30T07:29:35.7707244Z (There was 1 warning)
2022-03-30T07:29:35.7739396Z Rule 'pdflatex': File changes, etc:
2022-03-30T07:29:35.7739736Z    Changed files, or newly in use since previous run(s):
2022-03-30T07:29:35.7740046Z       'main.aux'
2022-03-30T07:29:35.7740266Z ------------
2022-03-30T07:29:35.7740540Z Run number 3 of rule 'pdflatex'
2022-03-30T07:29:35.7740797Z ------------
2022-03-30T07:29:35.7746130Z ------------
2022-03-30T07:29:35.7746439Z Latexmk: applying rule 'pdflatex'...
2022-03-30T07:29:35.7747197Z Running 'pdflatex  -file-line-error -interaction=nonstopmode -shell-escape -recorder  "main.tex"'
2022-03-30T07:29:35.7747891Z ------------
2022-03-30T07:29:35.8718158Z This is pdfTeX, Version 3.141592653-2.6-1.40.23 (TeX Live 2021) (preloaded format=pdflatex)
2022-03-30T07:29:35.8718557Z  \write18 enabled.
2022-03-30T07:29:35.9354137Z entering extended mode
2022-03-30T07:29:35.9354477Z (./main.tex
2022-03-30T07:29:35.9355035Z LaTeX2e <2021-11-15> patch level 1
2022-03-30T07:29:35.9388856Z L3 programming layer <2022-02-24> (./IEEEtran.cls
2022-03-30T07:29:35.9389183Z Document Class: IEEEtran 2015/08/26 V1.8b by Michael Shell
2022-03-30T07:29:35.9389576Z -- See the "IEEEtran_HOWTO" manual for usage information.
2022-03-30T07:29:35.9389972Z -- http://www.michaelshell.org/tex/ieeetran/
2022-03-30T07:29:35.9584650Z (/opt/texlive/texdir/texmf-dist/tex/latex/psnfss/ot1ppl.fd)
2022-03-30T07:29:35.9585142Z -- Using IEEE Computer Society mode.
2022-03-30T07:29:35.9585511Z -- Using 8.5in x 11in (letter) paper.
2022-03-30T07:29:35.9585812Z -- Using PDF output.
2022-03-30T07:29:35.9586128Z -- This is a 10 point document.
2022-03-30T07:29:35.9640011Z ) (/opt/texlive/texdir/texmf-dist/tex/latex/cite/cite.sty)
2022-03-30T07:29:35.9667024Z (/opt/texlive/texdir/texmf-dist/tex/latex/url/url.sty)
2022-03-30T07:29:35.9690010Z (/opt/texlive/texdir/texmf-dist/tex/latex/preprint/balance.sty)
2022-03-30T07:29:35.9712423Z (/opt/texlive/texdir/texmf-dist/tex/latex/foreign/foreign.sty
2022-03-30T07:29:35.9732787Z (/opt/texlive/texdir/texmf-dist/tex/latex/xpunctuate/xpunctuate.sty
2022-03-30T07:29:35.9807969Z (/opt/texlive/texdir/texmf-dist/tex/latex/tools/xspace.sty)))
2022-03-30T07:29:35.9822041Z (/opt/texlive/texdir/texmf-dist/tex/latex/l3backend/l3backend-pdftex.def)
2022-03-30T07:29:35.9851133Z (./main.aux)
2022-03-30T07:29:35.9851510Z -- Lines per column: 61 (exact).
2022-03-30T07:29:35.9893532Z (/opt/texlive/texdir/texmf-dist/tex/latex/psnfss/ot1phv.fd)
2022-03-30T07:29:35.9934534Z (/opt/texlive/texdir/texmf-dist/tex/latex/psnfss/upzd.fd)
2022-03-30T07:29:35.9944090Z (/opt/texlive/texdir/texmf-dist/tex/latex/psnfss/omsppl.fd)
2022-03-30T07:29:36.0000140Z (./content/introduction.tex) (./content/motivation.tex [1{/opt/texlive/texdir/t
2022-03-30T07:29:36.1082407Z exmf-var/fonts/map/pdftex/updmap/pdftex.map}]) (./content/method.tex)
2022-03-30T07:29:36.1102495Z (./content/maracas.tex) (./content/breakbot.tex) (./content/evaluation.tex)
2022-03-30T07:29:36.1122158Z (./content/discussion.tex) (./content/rw.tex) (./content/conclusion.tex)
2022-03-30T07:29:36.1174547Z (./content/brainstorm.tex
2022-03-30T07:29:36.1175101Z Underfull \hbox (badness 3260) in paragraph at lines 29--30
2022-03-30T07:29:36.1175558Z []\OT1/ppl/m/n/9.53561 Outcome: Ap-plied research/solution-seeking re-
2022-03-30T07:29:36.1175772Z 
2022-03-30T07:29:36.1176054Z LaTeX Warning: Citation `kiger2020thematic' on page 2 undefined on input line 5
2022-03-30T07:29:36.1176321Z 3.
2022-03-30T07:29:36.1176427Z 
2022-03-30T07:29:36.1290683Z ) (./content/interviews.tex [2]) [3] (./main.bbl
2022-03-30T07:29:36.1291275Z Underfull \hbox (badness 5726) in paragraph at lines 42--48
2022-03-30T07:29:36.1291734Z []\OT1/ppl/m/n/8.03 J. M. Gonzalez-Barahona, P. Sher-wood, G. Rob-les, and
2022-03-30T07:29:36.1291930Z 
2022-03-30T07:29:36.1292185Z Underfull \hbox (badness 2150) in paragraph at lines 102--106
2022-03-30T07:29:36.1292631Z []\OT1/ppl/m/n/8.03 J. Shima-gaki, Y. Kamei, S. McIn-tosh, D. Purse-house, and
2022-03-30T07:29:36.1296841Z )
2022-03-30T07:29:36.1297332Z Overfull \vbox (1.2813pt too high) has occurred while \output is active
2022-03-30T07:29:36.1331954Z [4] [5] (./main.aux)
2022-03-30T07:29:36.1332105Z 
2022-03-30T07:29:36.1332242Z LaTeX Warning: There were undefined references.
2022-03-30T07:29:36.1332414Z 
2022-03-30T07:29:36.1332487Z  )
2022-03-30T07:29:36.1332760Z (see the transcript file for additional information){/opt/texlive/texdir/texmf-
2022-03-30T07:29:36.1338516Z dist/fonts/enc/dvips/base/8r.enc}</opt/texlive/texdir/texmf-dist/fonts/type1/pu
2022-03-30T07:29:36.1348857Z blic/amsfonts/cm/cmsy10.pfb></opt/texlive/texdir/texmf-dist/fonts/type1/public/
2022-03-30T07:29:36.1359406Z amsfonts/cm/cmsy7.pfb></opt/texlive/texdir/texmf-dist/fonts/type1/public/amsfon
2022-03-30T07:29:36.1369791Z ts/cm/cmsy8.pfb></opt/texlive/texdir/texmf-dist/fonts/type1/urw/helvetic/uhvb8a
2022-03-30T07:29:36.1398966Z .pfb></opt/texlive/texdir/texmf-dist/fonts/type1/urw/helvetic/uhvr8a.pfb></opt/
2022-03-30T07:29:36.1412038Z texlive/texdir/texmf-dist/fonts/type1/urw/helvetic/uhvro8a.pfb></opt/texlive/te
2022-03-30T07:29:36.1431142Z xdir/texmf-dist/fonts/type1/urw/palatino/uplb8a.pfb></opt/texlive/texdir/texmf-
2022-03-30T07:29:36.1455503Z dist/fonts/type1/urw/palatino/uplr8a.pfb></opt/texlive/texdir/texmf-dist/fonts/
2022-03-30T07:29:36.1476439Z type1/urw/palatino/uplri8a.pfb></opt/texlive/texdir/texmf-dist/fonts/type1/urw/
2022-03-30T07:29:36.1624311Z zapfding/uzdr.pfb>
2022-03-30T07:29:36.1624640Z Output written on main.pdf (5 pages, 136553 bytes).
2022-03-30T07:29:36.1624957Z Transcript written on main.log.
2022-03-30T07:29:36.2007099Z Latexmk: Found input bbl file 'main.bbl'
2022-03-30T07:29:36.2051451Z Latexmk: Log file says output to 'main.pdf'
2022-03-30T07:29:36.2064367Z Latexmk: List of undefined refs and citations:
2022-03-30T07:29:36.2065155Z   Citation `kiger2020thematic' on page 2 undefined on input line 53
2022-03-30T07:29:36.2073963Z Latexmk: Examining 'main.log'
2022-03-30T07:29:36.2074311Z === TeX engine is 'pdfTeX'
2022-03-30T07:29:36.3081096Z Latexmk: Found bibliography file(s) [main.bib]
2022-03-30T07:29:36.3172568Z Latexmk: Summary of warnings from last run of *latex:
2022-03-30T07:29:36.3173499Z   Latex failed to resolve 1 citation(s)
2022-03-30T07:29:36.3174164Z Latexmk: All targets (main.pdf) are up-to-date
2022-03-30T07:29:36.3175133Z ----------------------
2022-03-30T07:29:36.3175452Z This message may duplicate earlier message.
2022-03-30T07:29:36.3175816Z Latexmk: Failure in processing file 'main.tex':
2022-03-30T07:29:36.3176217Z    Warning(s) from latex (or c.) for 'main.tex'; treated as error
2022-03-30T07:29:36.3176532Z ----------------------
2022-03-30T07:29:36.3176865Z Latexmk: Use the -f option to force complete processing,
2022-03-30T07:29:36.3177206Z  unless error was exceeding maximum runs, or warnings treated as errors.
2022-03-30T07:29:36.4635483Z Post job cleanup.
2022-03-30T07:29:36.5889256Z [command]/usr/bin/git version
2022-03-30T07:29:36.5939367Z git version 2.35.1
2022-03-30T07:29:36.5980843Z [command]/usr/bin/git config --local --name-only --get-regexp core\.sshCommand
2022-03-30T07:29:36.6021860Z [command]/usr/bin/git submodule foreach --recursive git config --local --name-only --get-regexp 'core\.sshCommand' && git config --local --unset-all 'core.sshCommand' || :
2022-03-30T07:29:36.6264714Z [command]/usr/bin/git config --local --name-only --get-regexp http\.https\:\/\/github\.com\/\.extraheader
2022-03-30T07:29:36.6287807Z http.https://github.com/.extraheader
2022-03-30T07:29:36.6298046Z [command]/usr/bin/git config --local --unset-all http.https://github.com/.extraheader
2022-03-30T07:29:36.6376760Z [command]/usr/bin/git submodule foreach --recursive git config --local --name-only --get-regexp 'http\.https\:\/\/github\.com\/\.extraheader' && git config --local --unset-all 'http.https://github.com/.extraheader' || :
2022-03-30T07:29:36.6786173Z Cleaning up orphan processes
